<?xml version="1.0" encoding="UTF-8"?>
<coverage generated="1559532404752" clover="3.2.0">
  <project timestamp="1559532404752" name="All files">
    <metrics statements="643" coveredstatements="434" conditionals="423" coveredconditionals="273" methods="67" coveredmethods="46" elements="1133" coveredelements="753" complexity="0" loc="643" ncloc="643" packages="1" files="1" classes="1"/>
    <file name="libraries.js" path="C:\Users\Dorong\Documents\GitHub\3D-Hartwig-chess-set\js\libraries.js">
      <metrics statements="643" coveredstatements="434" conditionals="423" coveredconditionals="273" methods="67" coveredmethods="46"/>
      <line num="1" count="11" type="stmt"/>
      <line num="30" count="11" type="stmt"/>
      <line num="32" count="66" type="stmt"/>
      <line num="33" count="66" type="stmt"/>
      <line num="35" count="66" type="stmt"/>
      <line num="37" count="66" type="stmt"/>
      <line num="38" count="66" type="stmt"/>
      <line num="39" count="66" type="stmt"/>
      <line num="40" count="66" type="stmt"/>
      <line num="41" count="66" type="stmt"/>
      <line num="42" count="66" type="stmt"/>
      <line num="44" count="66" type="stmt"/>
      <line num="46" count="66" type="stmt"/>
      <line num="48" count="66" type="stmt"/>
      <line num="50" count="66" type="stmt"/>
      <line num="55" count="66" type="stmt"/>
      <line num="63" count="66" type="stmt"/>
      <line num="81" count="66" type="stmt"/>
      <line num="99" count="66" type="stmt"/>
      <line num="101" count="66" type="stmt"/>
      <line num="111" count="66" type="stmt"/>
      <line num="121" count="66" type="stmt"/>
      <line num="122" count="66" type="stmt"/>
      <line num="123" count="66" type="stmt"/>
      <line num="124" count="66" type="stmt"/>
      <line num="125" count="66" type="stmt"/>
      <line num="126" count="66" type="stmt"/>
      <line num="127" count="66" type="stmt"/>
      <line num="128" count="66" type="stmt"/>
      <line num="130" count="66" type="stmt"/>
      <line num="141" count="66" type="stmt"/>
      <line num="148" count="66" type="stmt"/>
      <line num="149" count="66" type="stmt"/>
      <line num="150" count="66" type="stmt"/>
      <line num="151" count="66" type="stmt"/>
      <line num="152" count="66" type="stmt"/>
      <line num="153" count="66" type="stmt"/>
      <line num="154" count="66" type="stmt"/>
      <line num="155" count="66" type="stmt"/>
      <line num="156" count="66" type="stmt"/>
      <line num="161" count="66" type="cond" truecount="1" falsecount="1"/>
      <line num="162" count="66" type="stmt"/>
      <line num="164" count="0" type="stmt"/>
      <line num="168" count="123" type="stmt"/>
      <line num="169" count="123" type="stmt"/>
      <line num="170" count="123" type="stmt"/>
      <line num="171" count="123" type="stmt"/>
      <line num="172" count="123" type="stmt"/>
      <line num="173" count="123" type="stmt"/>
      <line num="174" count="123" type="stmt"/>
      <line num="175" count="123" type="stmt"/>
      <line num="176" count="123" type="stmt"/>
      <line num="177" count="123" type="stmt"/>
      <line num="181" count="7" type="stmt"/>
      <line num="185" count="123" type="stmt"/>
      <line num="186" count="123" type="stmt"/>
      <line num="187" count="123" type="stmt"/>
      <line num="188" count="123" type="stmt"/>
      <line num="190" count="123" type="cond" truecount="1" falsecount="1"/>
      <line num="191" count="0" type="stmt"/>
      <line num="194" count="123" type="stmt"/>
      <line num="196" count="123" type="stmt"/>
      <line num="197" count="4641" type="stmt"/>
      <line num="199" count="4641" type="cond" truecount="2" falsecount="0"/>
      <line num="200" count="861" type="stmt"/>
      <line num="201" count="3780" type="cond" truecount="2" falsecount="0"/>
      <line num="202" count="868" type="stmt"/>
      <line num="204" count="2912" type="cond" truecount="2" falsecount="0"/>
      <line num="205" count="2912" type="stmt"/>
      <line num="206" count="2912" type="stmt"/>
      <line num="210" count="123" type="stmt"/>
      <line num="212" count="123" type="cond" truecount="2" falsecount="0"/>
      <line num="213" count="86" type="stmt"/>
      <line num="215" count="123" type="cond" truecount="2" falsecount="0"/>
      <line num="216" count="86" type="stmt"/>
      <line num="218" count="123" type="cond" truecount="2" falsecount="0"/>
      <line num="219" count="86" type="stmt"/>
      <line num="221" count="123" type="cond" truecount="2" falsecount="0"/>
      <line num="222" count="86" type="stmt"/>
      <line num="225" count="123" type="cond" truecount="1" falsecount="1"/>
      <line num="226" count="123" type="stmt"/>
      <line num="227" count="123" type="stmt"/>
      <line num="229" count="123" type="stmt"/>
      <line num="231" count="123" type="stmt"/>
      <line num="235" count="123" type="stmt"/>
      <line num="250" count="123" type="stmt"/>
      <line num="251" count="123" type="cond" truecount="1" falsecount="1"/>
      <line num="252" count="0" type="stmt"/>
      <line num="256" count="123" type="cond" truecount="3" falsecount="1"/>
      <line num="257" count="0" type="stmt"/>
      <line num="261" count="123" type="cond" truecount="3" falsecount="1"/>
      <line num="262" count="0" type="stmt"/>
      <line num="266" count="123" type="cond" truecount="1" falsecount="1"/>
      <line num="267" count="0" type="stmt"/>
      <line num="271" count="123" type="cond" truecount="1" falsecount="1"/>
      <line num="272" count="0" type="stmt"/>
      <line num="276" count="123" type="cond" truecount="1" falsecount="1"/>
      <line num="277" count="0" type="stmt"/>
      <line num="281" count="123" type="stmt"/>
      <line num="282" count="123" type="cond" truecount="1" falsecount="1"/>
      <line num="283" count="0" type="stmt"/>
      <line num="287" count="123" type="stmt"/>
      <line num="289" count="984" type="stmt"/>
      <line num="290" count="984" type="stmt"/>
      <line num="292" count="984" type="stmt"/>
      <line num="293" count="3780" type="cond" truecount="2" falsecount="0"/>
      <line num="294" count="868" type="cond" truecount="1" falsecount="1"/>
      <line num="295" count="0" type="stmt"/>
      <line num="297" count="868" type="stmt"/>
      <line num="298" count="868" type="stmt"/>
      <line num="300" count="2912" type="cond" truecount="1" falsecount="1"/>
      <line num="301" count="0" type="stmt"/>
      <line num="303" count="2912" type="stmt"/>
      <line num="304" count="2912" type="stmt"/>
      <line num="307" count="984" type="cond" truecount="1" falsecount="1"/>
      <line num="308" count="0" type="stmt"/>
      <line num="313" count="123" type="stmt"/>
      <line num="317" count="3395" type="stmt"/>
      <line num="318" count="3395" type="stmt"/>
      <line num="320" count="3395" type="stmt"/>
      <line num="321" count="217280" type="cond" truecount="2" falsecount="0"/>
      <line num="322" count="165359" type="stmt"/>
      <line num="324" count="51921" type="cond" truecount="2" falsecount="0"/>
      <line num="325" count="3917" type="stmt"/>
      <line num="326" count="3917" type="stmt"/>
      <line num="328" count="51921" type="stmt"/>
      <line num="329" count="51921" type="stmt"/>
      <line num="331" count="51921" type="cond" truecount="2" falsecount="0"/>
      <line num="335" count="217280" type="cond" truecount="2" falsecount="0"/>
      <line num="336" count="27160" type="cond" truecount="2" falsecount="0"/>
      <line num="337" count="21501" type="stmt"/>
      <line num="340" count="27160" type="cond" truecount="2" falsecount="0"/>
      <line num="341" count="23765" type="stmt"/>
      <line num="344" count="27160" type="stmt"/>
      <line num="345" count="27160" type="stmt"/>
      <line num="349" count="3395" type="stmt"/>
      <line num="350" count="3395" type="cond" truecount="2" falsecount="0"/>
      <line num="351" count="3395" type="cond" truecount="2" falsecount="0"/>
      <line num="352" count="3395" type="cond" truecount="2" falsecount="0"/>
      <line num="353" count="3395" type="cond" truecount="2" falsecount="0"/>
      <line num="356" count="3395" type="cond" truecount="2" falsecount="0"/>
      <line num="357" count="3395" type="cond" truecount="1" falsecount="1"/>
      <line num="359" count="3395" type="stmt"/>
      <line num="363" count="0" type="stmt"/>
      <line num="364" count="0" type="cond" truecount="0" falsecount="4"/>
      <line num="366" count="0" type="stmt"/>
      <line num="369" count="0" type="stmt"/>
      <line num="379" count="3163" type="cond" truecount="1" falsecount="1"/>
      <line num="381" count="3163" type="cond" truecount="2" falsecount="0"/>
      <line num="382" count="3090" type="stmt"/>
      <line num="383" count="3090" type="stmt"/>
      <line num="385" count="73" type="stmt"/>
      <line num="386" count="73" type="stmt"/>
      <line num="391" count="5" type="stmt"/>
      <line num="392" count="5" type="cond" truecount="1" falsecount="1"/>
      <line num="397" count="2912" type="cond" truecount="3" falsecount="1"/>
      <line num="398" count="0" type="stmt"/>
      <line num="402" count="2912" type="cond" truecount="1" falsecount="1"/>
      <line num="403" count="0" type="stmt"/>
      <line num="407" count="2912" type="cond" truecount="1" falsecount="1"/>
      <line num="408" count="0" type="stmt"/>
      <line num="411" count="2912" type="stmt"/>
      <line num="412" count="2912" type="stmt"/>
      <line num="413" count="2912" type="cond" truecount="2" falsecount="0"/>
      <line num="414" count="247" type="stmt"/>
      <line num="417" count="2912" type="stmt"/>
      <line num="419" count="2912" type="stmt"/>
      <line num="423" count="5" type="stmt"/>
      <line num="424" count="5" type="stmt"/>
      <line num="425" count="5" type="cond" truecount="3" falsecount="1"/>
      <line num="426" count="0" type="stmt"/>
      <line num="429" count="5" type="stmt"/>
      <line num="431" count="5" type="stmt"/>
      <line num="438" count="7677" type="cond" truecount="5" falsecount="0"/>
      <line num="440" count="32" type="stmt"/>
      <line num="441" count="32" type="stmt"/>
      <line num="442" count="128" type="stmt"/>
      <line num="452" count="128" type="cond" truecount="1" falsecount="1"/>
      <line num="453" count="0" type="stmt"/>
      <line num="455" count="128" type="stmt"/>
      <line num="458" count="7645" type="stmt"/>
      <line num="466" count="7645" type="cond" truecount="2" falsecount="0"/>
      <line num="467" count="354" type="stmt"/>
      <line num="470" count="7645" type="stmt"/>
      <line num="474" count="311" type="stmt"/>
      <line num="475" count="311" type="stmt"/>
      <line num="476" count="311" type="stmt"/>
      <line num="477" count="311" type="stmt"/>
      <line num="478" count="311" type="stmt"/>
      <line num="480" count="311" type="cond" truecount="2" falsecount="2"/>
      <line num="481" count="0" type="stmt"/>
      <line num="483" count="311" type="stmt"/>
      <line num="484" count="311" type="stmt"/>
      <line num="485" count="311" type="stmt"/>
      <line num="487" count="311" type="stmt"/>
      <line num="489" count="19904" type="stmt"/>
      <line num="490" count="19904" type="cond" truecount="1" falsecount="1"/>
      <line num="492" count="19904" type="stmt"/>
      <line num="493" count="19904" type="cond" truecount="4" falsecount="0"/>
      <line num="494" count="17491" type="stmt"/>
      <line num="497" count="2413" type="cond" truecount="2" falsecount="0"/>
      <line num="499" count="1251" type="stmt"/>
      <line num="500" count="1251" type="cond" truecount="2" falsecount="0"/>
      <line num="501" count="1050" type="stmt"/>
      <line num="504" count="1050" type="stmt"/>
      <line num="505" count="1050" type="cond" truecount="4" falsecount="0"/>
      <line num="506" count="670" type="stmt"/>
      <line num="511" count="1251" type="stmt"/>
      <line num="512" count="2502" type="stmt"/>
      <line num="513" count="2502" type="cond" truecount="2" falsecount="0"/>
      <line num="515" count="2114" type="cond" truecount="3" falsecount="1"/>
      <line num="517" count="0" type="stmt"/>
      <line num="518" count="2114" type="cond" truecount="1" falsecount="1"/>
      <line num="519" count="0" type="stmt"/>
      <line num="523" count="1162" type="stmt"/>
      <line num="524" count="7392" type="stmt"/>
      <line num="525" count="7392" type="stmt"/>
      <line num="527" count="7392" type="stmt"/>
      <line num="528" count="11317" type="stmt"/>
      <line num="529" count="11317" type="cond" truecount="2" falsecount="0"/>
      <line num="531" count="7943" type="cond" truecount="2" falsecount="0"/>
      <line num="532" count="5587" type="stmt"/>
      <line num="534" count="2356" type="cond" truecount="2" falsecount="0"/>
      <line num="535" count="354" type="stmt"/>
      <line num="536" count="354" type="stmt"/>
      <line num="540" count="5587" type="cond" truecount="4" falsecount="0"/>
      <line num="547" count="311" type="cond" truecount="5" falsecount="0"/>
      <line num="548" count="84" type="stmt"/>
      <line num="549" count="84" type="stmt"/>
      <line num="551" count="84" type="cond" truecount="7" falsecount="0"/>
      <line num="556" count="8" type="stmt"/>
      <line num="562" count="311" type="cond" truecount="5" falsecount="0"/>
      <line num="563" count="82" type="stmt"/>
      <line num="564" count="82" type="stmt"/>
      <line num="566" count="82" type="cond" truecount="8" falsecount="0"/>
      <line num="572" count="8" type="stmt"/>
      <line num="578" count="311" type="cond" truecount="1" falsecount="1"/>
      <line num="579" count="0" type="stmt"/>
      <line num="585" count="311" type="cond" truecount="2" falsecount="2"/>
      <line num="586" count="0" type="stmt"/>
      <line num="590" count="311" type="stmt"/>
      <line num="591" count="311" type="stmt"/>
      <line num="592" count="7773" type="stmt"/>
      <line num="593" count="7773" type="cond" truecount="2" falsecount="0"/>
      <line num="594" count="6739" type="stmt"/>
      <line num="596" count="7773" type="stmt"/>
      <line num="599" count="311" type="stmt"/>
      <line num="606" count="109" type="stmt"/>
      <line num="608" count="109" type="cond" truecount="1" falsecount="1"/>
      <line num="609" count="0" type="stmt"/>
      <line num="610" count="109" type="cond" truecount="1" falsecount="1"/>
      <line num="611" count="0" type="stmt"/>
      <line num="613" count="109" type="stmt"/>
      <line num="615" count="109" type="cond" truecount="2" falsecount="0"/>
      <line num="616" count="94" type="stmt"/>
      <line num="619" count="109" type="cond" truecount="2" falsecount="0"/>
      <line num="620" count="11" type="cond" truecount="1" falsecount="1"/>
      <line num="621" count="0" type="stmt"/>
      <line num="623" count="11" type="stmt"/>
      <line num="626" count="109" type="stmt"/>
      <line num="628" count="109" type="cond" truecount="2" falsecount="0"/>
      <line num="629" count="4" type="stmt"/>
      <line num="633" count="109" type="stmt"/>
      <line num="634" count="109" type="cond" truecount="2" falsecount="0"/>
      <line num="635" count="10" type="cond" truecount="2" falsecount="0"/>
      <line num="636" count="4" type="stmt"/>
      <line num="638" count="6" type="stmt"/>
      <line num="641" count="109" type="stmt"/>
      <line num="643" count="109" type="stmt"/>
      <line num="647" count="8051" type="stmt"/>
      <line num="649" count="533898" type="cond" truecount="2" falsecount="0"/>
      <line num="652" count="481469" type="cond" truecount="4" falsecount="0"/>
      <line num="654" count="60657" type="stmt"/>
      <line num="655" count="60657" type="stmt"/>
      <line num="656" count="60657" type="stmt"/>
      <line num="658" count="60657" type="cond" truecount="2" falsecount="0"/>
      <line num="659" count="1994" type="cond" truecount="2" falsecount="0"/>
      <line num="660" count="104" type="cond" truecount="2" falsecount="0"/>
      <line num="661" count="69" type="cond" truecount="2" falsecount="0"/>
      <line num="663" count="35" type="cond" truecount="2" falsecount="0"/>
      <line num="665" count="13" type="stmt"/>
      <line num="669" count="1890" type="cond" truecount="4" falsecount="0"/>
      <line num="671" count="1764" type="stmt"/>
      <line num="672" count="1764" type="stmt"/>
      <line num="674" count="1764" type="stmt"/>
      <line num="675" count="1764" type="stmt"/>
      <line num="676" count="2529" type="cond" truecount="2" falsecount="0"/>
      <line num="677" count="1625" type="stmt"/>
      <line num="680" count="1764" type="cond" truecount="2" falsecount="0"/>
      <line num="684" count="6974" type="stmt"/>
      <line num="688" count="7993" type="stmt"/>
      <line num="692" count="220" type="stmt"/>
      <line num="696" count="35" type="cond" truecount="2" falsecount="0"/>
      <line num="700" count="69" type="cond" truecount="2" falsecount="0"/>
      <line num="704" count="45" type="stmt"/>
      <line num="705" count="45" type="stmt"/>
      <line num="707" count="45" type="stmt"/>
      <line num="708" count="3195" type="cond" truecount="2" falsecount="0"/>
      <line num="710" count="2880" type="stmt"/>
      <line num="711" count="2880" type="cond" truecount="2" falsecount="0"/>
      <line num="712" count="400" type="cond" truecount="2" falsecount="0"/>
      <line num="714" count="400" type="stmt"/>
      <line num="719" count="45" type="cond" truecount="2" falsecount="0"/>
      <line num="722" count="41" type="cond" truecount="5" falsecount="0"/>
      <line num="723" count="6" type="stmt"/>
      <line num="727" count="35" type="stmt"/>
      <line num="736" count="41" type="stmt"/>
      <line num="737" count="41" type="stmt"/>
      <line num="738" count="41" type="stmt"/>
      <line num="740" count="41" type="stmt"/>
      <line num="741" count="200" type="stmt"/>
      <line num="742" count="200" type="cond" truecount="2" falsecount="0"/>
      <line num="743" count="159" type="stmt"/>
      <line num="746" count="41" type="stmt"/>
      <line num="749" count="200" type="stmt"/>
      <line num="752" count="200" type="cond" truecount="2" falsecount="0"/>
      <line num="753" count="200" type="cond" truecount="2" falsecount="0"/>
      <line num="754" count="32" type="stmt"/>
      <line num="757" count="200" type="cond" truecount="2" falsecount="0"/>
      <line num="758" count="41" type="stmt"/>
      <line num="760" count="159" type="stmt"/>
      <line num="763" count="41" type="stmt"/>
      <line num="767" count="8145" type="stmt"/>
      <line num="779" count="8145" type="stmt"/>
      <line num="780" count="8145" type="stmt"/>
      <line num="781" count="8145" type="stmt"/>
      <line num="783" count="8145" type="stmt"/>
      <line num="784" count="8145" type="stmt"/>
      <line num="787" count="8145" type="cond" truecount="1" falsecount="1"/>
      <line num="788" count="0" type="cond" truecount="0" falsecount="2"/>
      <line num="789" count="0" type="stmt"/>
      <line num="791" count="0" type="stmt"/>
      <line num="796" count="8145" type="cond" truecount="2" falsecount="0"/>
      <line num="797" count="136" type="stmt"/>
      <line num="801" count="8145" type="cond" truecount="2" falsecount="0"/>
      <line num="802" count="1275" type="stmt"/>
      <line num="805" count="1275" type="cond" truecount="2" falsecount="0"/>
      <line num="806" count="8" type="stmt"/>
      <line num="807" count="8" type="stmt"/>
      <line num="808" count="8" type="stmt"/>
      <line num="809" count="8" type="stmt"/>
      <line num="810" count="1267" type="cond" truecount="2" falsecount="0"/>
      <line num="811" count="8" type="stmt"/>
      <line num="812" count="8" type="stmt"/>
      <line num="813" count="8" type="stmt"/>
      <line num="814" count="8" type="stmt"/>
      <line num="818" count="1275" type="stmt"/>
      <line num="822" count="8145" type="cond" truecount="2" falsecount="0"/>
      <line num="824" count="1730" type="stmt"/>
      <line num="825" count="3442" type="cond" truecount="2" falsecount="0"/>
      <line num="826" count="40" type="stmt"/>
      <line num="828" count="40" type="stmt"/>
      <line num="834" count="8145" type="cond" truecount="2" falsecount="0"/>
      <line num="835" count="1819" type="stmt"/>
      <line num="836" count="3637" type="cond" truecount="2" falsecount="0"/>
      <line num="837" count="13" type="stmt"/>
      <line num="839" count="13" type="stmt"/>
      <line num="845" count="8145" type="cond" truecount="2" falsecount="0"/>
      <line num="846" count="674" type="cond" truecount="2" falsecount="0"/>
      <line num="847" count="318" type="stmt"/>
      <line num="849" count="356" type="stmt"/>
      <line num="852" count="7471" type="stmt"/>
      <line num="856" count="8145" type="cond" truecount="2" falsecount="0"/>
      <line num="857" count="1851" type="stmt"/>
      <line num="858" count="6294" type="cond" truecount="2" falsecount="0"/>
      <line num="859" count="377" type="stmt"/>
      <line num="861" count="5917" type="stmt"/>
      <line num="864" count="8145" type="cond" truecount="2" falsecount="0"/>
      <line num="865" count="4038" type="stmt"/>
      <line num="867" count="8145" type="stmt"/>
      <line num="871" count="8089" type="stmt"/>
      <line num="872" count="8089" type="cond" truecount="2" falsecount="0"/>
      <line num="874" count="8046" type="stmt"/>
      <line num="875" count="8046" type="stmt"/>
      <line num="876" count="8046" type="stmt"/>
      <line num="877" count="8046" type="stmt"/>
      <line num="878" count="8046" type="stmt"/>
      <line num="879" count="8046" type="stmt"/>
      <line num="880" count="8046" type="stmt"/>
      <line num="882" count="8046" type="stmt"/>
      <line num="883" count="8046" type="stmt"/>
      <line num="885" count="8046" type="stmt"/>
      <line num="886" count="8046" type="stmt"/>
      <line num="887" count="8046" type="stmt"/>
      <line num="889" count="8046" type="cond" truecount="2" falsecount="0"/>
      <line num="890" count="366" type="stmt"/>
      <line num="891" count="7680" type="cond" truecount="1" falsecount="1"/>
      <line num="893" count="0" type="cond" truecount="0" falsecount="2"/>
      <line num="894" count="0" type="stmt"/>
      <line num="896" count="0" type="stmt"/>
      <line num="898" count="0" type="stmt"/>
      <line num="902" count="8046" type="cond" truecount="2" falsecount="0"/>
      <line num="904" count="16" type="cond" truecount="2" falsecount="0"/>
      <line num="905" count="8" type="stmt"/>
      <line num="906" count="8" type="stmt"/>
      <line num="907" count="8" type="cond" truecount="1" falsecount="1"/>
      <line num="908" count="8" type="stmt"/>
      <line num="909" count="8" type="stmt"/>
      <line num="912" count="16" type="stmt"/>
      <line num="913" count="16" type="stmt"/>
      <line num="916" count="8046" type="stmt"/>
      <line num="921" count="109" type="stmt"/>
      <line num="923" count="109" type="stmt"/>
      <line num="924" count="109" type="stmt"/>
      <line num="925" count="109" type="stmt"/>
      <line num="927" count="109" type="stmt"/>
      <line num="928" count="109" type="stmt"/>
      <line num="929" count="109" type="stmt"/>
      <line num="931" count="109" type="stmt"/>
      <line num="932" count="2708" type="stmt"/>
      <line num="933" count="2708" type="stmt"/>
      <line num="934" count="2708" type="stmt"/>
      <line num="939" count="2708" type="cond" truecount="4" falsecount="1"/>
      <line num="940" count="0" type="stmt"/>
      <line num="942" count="0" type="cond" truecount="0" falsecount="2"/>
      <line num="943" count="0" type="stmt"/>
      <line num="946" count="0" type="cond" truecount="0" falsecount="2"/>
      <line num="947" count="0" type="stmt"/>
      <line num="952" count="109" type="cond" truecount="1" falsecount="1"/>
      <line num="956" count="0" type="cond" truecount="0" falsecount="4"/>
      <line num="957" count="0" type="stmt"/>
      <line num="962" count="0" type="cond" truecount="0" falsecount="2"/>
      <line num="963" count="0" type="stmt"/>
      <line num="967" count="0" type="stmt"/>
      <line num="971" count="109" type="stmt"/>
      <line num="975" count="0" type="stmt"/>
      <line num="976" count="0" type="stmt"/>
      <line num="978" count="0" type="cond" truecount="0" falsecount="2"/>
      <line num="979" count="0" type="stmt"/>
      <line num="983" count="0" type="cond" truecount="0" falsecount="2"/>
      <line num="984" count="0" type="stmt"/>
      <line num="986" count="0" type="stmt"/>
      <line num="987" count="0" type="stmt"/>
      <line num="988" count="0" type="cond" truecount="0" falsecount="2"/>
      <line num="990" count="0" type="stmt"/>
      <line num="993" count="0" type="cond" truecount="0" falsecount="2"/>
      <line num="994" count="0" type="stmt"/>
      <line num="995" count="0" type="stmt"/>
      <line num="998" count="0" type="stmt"/>
      <line num="999" count="0" type="stmt"/>
      <line num="1001" count="0" type="stmt"/>
      <line num="1008" count="14333" type="stmt"/>
      <line num="1012" count="9866" type="stmt"/>
      <line num="1016" count="9866" type="stmt"/>
      <line num="1017" count="9866" type="stmt"/>
      <line num="1021" count="32640" type="cond" truecount="2" falsecount="0"/>
      <line num="1025" count="3780" type="stmt"/>
      <line num="1030" count="109" type="stmt"/>
      <line num="1031" count="109" type="stmt"/>
      <line num="1032" count="109" type="stmt"/>
      <line num="1033" count="109" type="stmt"/>
      <line num="1035" count="109" type="stmt"/>
      <line num="1037" count="109" type="stmt"/>
      <line num="1038" count="763" type="cond" truecount="2" falsecount="0"/>
      <line num="1039" count="113" type="stmt"/>
      <line num="1042" count="109" type="stmt"/>
      <line num="1044" count="109" type="stmt"/>
      <line num="1048" count="109" type="cond" truecount="1" falsecount="1"/>
      <line num="1050" count="109" type="stmt"/>
      <line num="1051" count="560" type="cond" truecount="1" falsecount="1"/>
      <line num="1052" count="0" type="stmt"/>
      <line num="1054" count="560" type="stmt"/>
      <line num="1058" count="109" type="stmt"/>
      <line num="1062" count="0" type="stmt"/>
      <line num="1069" count="0" type="stmt"/>
      <line num="1070" count="0" type="stmt"/>
      <line num="1071" count="0" type="stmt"/>
      <line num="1073" count="0" type="stmt"/>
      <line num="1074" count="0" type="stmt"/>
      <line num="1075" count="0" type="cond" truecount="0" falsecount="2"/>
      <line num="1076" count="0" type="cond" truecount="0" falsecount="2"/>
      <line num="1077" count="0" type="stmt"/>
      <line num="1078" count="0" type="stmt"/>
      <line num="1080" count="0" type="stmt"/>
      <line num="1083" count="0" type="stmt"/>
      <line num="1086" count="0" type="stmt"/>
      <line num="1089" count="66" type="stmt"/>
      <line num="1108" count="66" type="stmt"/>
      <line num="1109" count="66" type="stmt"/>
      <line num="1110" count="4686" type="cond" truecount="2" falsecount="0"/>
      <line num="1111" count="4224" type="stmt"/>
      <line num="1113" count="66" type="stmt"/>
      <line num="1121" count="50" type="stmt"/>
      <line num="1125" count="7" type="stmt"/>
      <line num="1136" count="0" type="cond" truecount="0" falsecount="4"/>
      <line num="1137" count="0" type="stmt"/>
      <line num="1139" count="0" type="stmt"/>
      <line num="1141" count="0" type="stmt"/>
      <line num="1143" count="0" type="stmt"/>
      <line num="1148" count="0" type="cond" truecount="0" falsecount="5"/>
      <line num="1150" count="0" type="stmt"/>
      <line num="1152" count="0" type="stmt"/>
      <line num="1156" count="0" type="stmt"/>
      <line num="1160" count="7" type="stmt"/>
      <line num="1164" count="7" type="stmt"/>
      <line num="1168" count="16" type="stmt"/>
      <line num="1172" count="36" type="cond" truecount="4" falsecount="0"/>
      <line num="1179" count="7" type="stmt"/>
      <line num="1183" count="10" type="stmt"/>
      <line num="1187" count="18" type="cond" truecount="5" falsecount="0"/>
      <line num="1195" count="0" type="stmt"/>
      <line num="1199" count="32" type="stmt"/>
      <line num="1206" count="0" type="cond" truecount="0" falsecount="4"/>
      <line num="1209" count="0" type="cond" truecount="0" falsecount="4"/>
      <line num="1212" count="0" type="stmt"/>
      <line num="1213" count="0" type="stmt"/>
      <line num="1216" count="0" type="stmt"/>
      <line num="1220" count="0" type="stmt"/>
      <line num="1221" count="0" type="stmt"/>
      <line num="1224" count="0" type="cond" truecount="0" falsecount="4"/>
      <line num="1225" count="0" type="stmt"/>
      <line num="1229" count="0" type="stmt"/>
      <line num="1230" count="0" type="stmt"/>
      <line num="1231" count="0" type="stmt"/>
      <line num="1234" count="0" type="stmt"/>
      <line num="1235" count="0" type="stmt"/>
      <line num="1236" count="0" type="stmt"/>
      <line num="1239" count="0" type="stmt"/>
      <line num="1240" count="0" type="stmt"/>
      <line num="1243" count="0" type="cond" truecount="0" falsecount="4"/>
      <line num="1244" count="0" type="stmt"/>
      <line num="1245" count="0" type="stmt"/>
      <line num="1246" count="0" type="cond" truecount="0" falsecount="2"/>
      <line num="1248" count="0" type="cond" truecount="0" falsecount="2"/>
      <line num="1249" count="0" type="stmt"/>
      <line num="1251" count="0" type="stmt"/>
      <line num="1252" count="0" type="stmt"/>
      <line num="1255" count="0" type="stmt"/>
      <line num="1256" count="0" type="stmt"/>
      <line num="1260" count="0" type="cond" truecount="0" falsecount="2"/>
      <line num="1261" count="0" type="stmt"/>
      <line num="1265" count="0" type="cond" truecount="0" falsecount="2"/>
      <line num="1266" count="0" type="stmt"/>
      <line num="1272" count="0" type="cond" truecount="0" falsecount="2"/>
      <line num="1273" count="0" type="stmt"/>
      <line num="1277" count="0" type="stmt"/>
      <line num="1278" count="0" type="stmt"/>
      <line num="1280" count="0" type="cond" truecount="0" falsecount="4"/>
      <line num="1283" count="0" type="cond" truecount="0" falsecount="2"/>
      <line num="1284" count="0" type="stmt"/>
      <line num="1287" count="0" type="stmt"/>
      <line num="1288" count="0" type="stmt"/>
      <line num="1289" count="0" type="cond" truecount="0" falsecount="2"/>
      <line num="1290" count="0" type="stmt"/>
      <line num="1291" count="0" type="stmt"/>
      <line num="1293" count="0" type="stmt"/>
      <line num="1294" count="0" type="stmt"/>
      <line num="1297" count="0" type="stmt"/>
      <line num="1302" count="0" type="stmt"/>
      <line num="1309" count="0" type="stmt"/>
      <line num="1310" count="0" type="stmt"/>
      <line num="1311" count="0" type="cond" truecount="0" falsecount="2"/>
      <line num="1312" count="0" type="stmt"/>
      <line num="1315" count="0" type="stmt"/>
      <line num="1319" count="0" type="stmt"/>
      <line num="1323" count="0" type="stmt"/>
      <line num="1324" count="0" type="stmt"/>
      <line num="1325" count="0" type="stmt"/>
      <line num="1327" count="0" type="stmt"/>
      <line num="1331" count="0" type="cond" truecount="0" falsecount="4"/>
      <line num="1334" count="0" type="stmt"/>
      <line num="1335" count="0" type="stmt"/>
      <line num="1336" count="0" type="stmt"/>
      <line num="1337" count="0" type="stmt"/>
      <line num="1339" count="0" type="stmt"/>
      <line num="1340" count="0" type="stmt"/>
      <line num="1341" count="0" type="stmt"/>
      <line num="1342" count="0" type="cond" truecount="0" falsecount="2"/>
      <line num="1343" count="0" type="stmt"/>
      <line num="1347" count="0" type="stmt"/>
      <line num="1350" count="0" type="cond" truecount="0" falsecount="4"/>
      <line num="1353" count="0" type="stmt"/>
      <line num="1358" count="0" type="stmt"/>
      <line num="1361" count="0" type="cond" truecount="0" falsecount="2"/>
      <line num="1362" count="0" type="stmt"/>
      <line num="1365" count="0" type="stmt"/>
      <line num="1368" count="0" type="stmt"/>
      <line num="1369" count="0" type="stmt"/>
      <line num="1370" count="0" type="stmt"/>
      <line num="1374" count="0" type="stmt"/>
      <line num="1377" count="0" type="stmt"/>
      <line num="1380" count="0" type="stmt"/>
      <line num="1384" count="0" type="stmt"/>
      <line num="1387" count="0" type="stmt"/>
      <line num="1388" count="0" type="stmt"/>
      <line num="1390" count="0" type="stmt"/>
      <line num="1391" count="0" type="stmt"/>
      <line num="1396" count="0" type="cond" truecount="0" falsecount="2"/>
      <line num="1397" count="0" type="stmt"/>
      <line num="1399" count="0" type="stmt"/>
      <line num="1404" count="0" type="stmt"/>
      <line num="1405" count="0" type="cond" truecount="0" falsecount="2"/>
      <line num="1406" count="0" type="cond" truecount="0" falsecount="4"/>
      <line num="1407" count="0" type="stmt"/>
      <line num="1411" count="0" type="stmt"/>
      <line num="1412" count="0" type="cond" truecount="0" falsecount="2"/>
      <line num="1413" count="0" type="stmt"/>
      <line num="1415" count="0" type="stmt"/>
      <line num="1418" count="0" type="stmt"/>
      <line num="1422" count="0" type="stmt"/>
      <line num="1426" count="0" type="stmt"/>
      <line num="1430" count="1" type="stmt"/>
      <line num="1443" count="121" type="stmt"/>
      <line num="1444" count="121" type="stmt"/>
      <line num="1446" count="121" type="cond" truecount="1" falsecount="1"/>
      <line num="1448" count="0" type="stmt"/>
      <line num="1449" count="0" type="cond" truecount="0" falsecount="2"/>
      <line num="1450" count="0" type="stmt"/>
      <line num="1451" count="0" type="stmt"/>
      <line num="1454" count="121" type="cond" truecount="1" falsecount="1"/>
      <line num="1456" count="121" type="stmt"/>
      <line num="1457" count="1927" type="cond" truecount="6" falsecount="0"/>
      <line num="1461" count="104" type="stmt"/>
      <line num="1462" count="104" type="stmt"/>
      <line num="1468" count="121" type="cond" truecount="2" falsecount="0"/>
      <line num="1469" count="17" type="stmt"/>
      <line num="1475" count="104" type="stmt"/>
      <line num="1477" count="104" type="stmt"/>
      <line num="1479" count="104" type="stmt"/>
      <line num="1483" count="7" type="stmt"/>
      <line num="1484" count="7" type="cond" truecount="2" falsecount="0"/>
      <line num="1488" count="0" type="stmt"/>
      <line num="1492" count="0" type="stmt"/>
      <line num="1496" count="0" type="stmt"/>
      <line num="1500" count="5" type="stmt"/>
      <line num="1504" count="0" type="stmt"/>
      <line num="1508" count="0" type="cond" truecount="0" falsecount="2"/>
      <line num="1509" count="0" type="stmt"/>
      <line num="1510" count="0" type="cond" truecount="0" falsecount="2"/>
      <line num="1513" count="0" type="stmt"/>
      <line num="1517" count="0" type="stmt"/>
      <line num="1518" count="0" type="stmt"/>
      <line num="1519" count="0" type="cond" truecount="0" falsecount="3"/>
      <line num="1522" count="0" type="stmt"/>
      <line num="1523" count="0" type="stmt"/>
      <line num="1526" count="0" type="stmt"/>
      <line num="1527" count="0" type="stmt"/>
      <line num="1528" count="0" type="cond" truecount="0" falsecount="2"/>
      <line num="1529" count="0" type="stmt"/>
      <line num="1531" count="0" type="stmt"/>
      <line num="1533" count="0" type="stmt"/>
      <line num="1536" count="0" type="stmt"/>
      <line num="1544" count="11" type="cond" truecount="1" falsecount="1"/>
    </file>
  </project>
</coverage>
