<?xml version="1.0" encoding="UTF-8"?>
<coverage generated="1559532957116" clover="3.2.0">
  <project timestamp="1559532957117" name="All files">
    <metrics statements="643" coveredstatements="434" conditionals="423" coveredconditionals="273" methods="67" coveredmethods="46" elements="1133" coveredelements="753" complexity="0" loc="643" ncloc="643" packages="1" files="1" classes="1"/>
    <file name="libraries.js" path="/Users/rogersdong/Desktop/final/3D-Hartwig-chess-set/js/libraries.js">
      <metrics statements="643" coveredstatements="434" conditionals="423" coveredconditionals="273" methods="67" coveredmethods="46"/>
      <line num="1" count="11" type="stmt"/>
      <line num="32" count="11" type="stmt"/>
      <line num="34" count="66" type="stmt"/>
      <line num="35" count="66" type="stmt"/>
      <line num="37" count="66" type="stmt"/>
      <line num="39" count="66" type="stmt"/>
      <line num="40" count="66" type="stmt"/>
      <line num="41" count="66" type="stmt"/>
      <line num="42" count="66" type="stmt"/>
      <line num="43" count="66" type="stmt"/>
      <line num="44" count="66" type="stmt"/>
      <line num="46" count="66" type="stmt"/>
      <line num="48" count="66" type="stmt"/>
      <line num="50" count="66" type="stmt"/>
      <line num="52" count="66" type="stmt"/>
      <line num="57" count="66" type="stmt"/>
      <line num="65" count="66" type="stmt"/>
      <line num="83" count="66" type="stmt"/>
      <line num="101" count="66" type="stmt"/>
      <line num="103" count="66" type="stmt"/>
      <line num="113" count="66" type="stmt"/>
      <line num="123" count="66" type="stmt"/>
      <line num="124" count="66" type="stmt"/>
      <line num="125" count="66" type="stmt"/>
      <line num="126" count="66" type="stmt"/>
      <line num="127" count="66" type="stmt"/>
      <line num="128" count="66" type="stmt"/>
      <line num="129" count="66" type="stmt"/>
      <line num="130" count="66" type="stmt"/>
      <line num="132" count="66" type="stmt"/>
      <line num="143" count="66" type="stmt"/>
      <line num="150" count="66" type="stmt"/>
      <line num="151" count="66" type="stmt"/>
      <line num="152" count="66" type="stmt"/>
      <line num="153" count="66" type="stmt"/>
      <line num="154" count="66" type="stmt"/>
      <line num="155" count="66" type="stmt"/>
      <line num="156" count="66" type="stmt"/>
      <line num="157" count="66" type="stmt"/>
      <line num="158" count="66" type="stmt"/>
      <line num="163" count="66" type="cond" truecount="1" falsecount="1"/>
      <line num="164" count="66" type="stmt"/>
      <line num="166" count="0" type="stmt"/>
      <line num="170" count="123" type="stmt"/>
      <line num="171" count="123" type="stmt"/>
      <line num="172" count="123" type="stmt"/>
      <line num="173" count="123" type="stmt"/>
      <line num="174" count="123" type="stmt"/>
      <line num="175" count="123" type="stmt"/>
      <line num="176" count="123" type="stmt"/>
      <line num="177" count="123" type="stmt"/>
      <line num="178" count="123" type="stmt"/>
      <line num="179" count="123" type="stmt"/>
      <line num="183" count="7" type="stmt"/>
      <line num="187" count="123" type="stmt"/>
      <line num="188" count="123" type="stmt"/>
      <line num="189" count="123" type="stmt"/>
      <line num="190" count="123" type="stmt"/>
      <line num="192" count="123" type="cond" truecount="1" falsecount="1"/>
      <line num="193" count="0" type="stmt"/>
      <line num="196" count="123" type="stmt"/>
      <line num="198" count="123" type="stmt"/>
      <line num="199" count="4641" type="stmt"/>
      <line num="201" count="4641" type="cond" truecount="2" falsecount="0"/>
      <line num="202" count="861" type="stmt"/>
      <line num="203" count="3780" type="cond" truecount="2" falsecount="0"/>
      <line num="204" count="868" type="stmt"/>
      <line num="206" count="2912" type="cond" truecount="2" falsecount="0"/>
      <line num="207" count="2912" type="stmt"/>
      <line num="208" count="2912" type="stmt"/>
      <line num="212" count="123" type="stmt"/>
      <line num="214" count="123" type="cond" truecount="2" falsecount="0"/>
      <line num="215" count="86" type="stmt"/>
      <line num="217" count="123" type="cond" truecount="2" falsecount="0"/>
      <line num="218" count="86" type="stmt"/>
      <line num="220" count="123" type="cond" truecount="2" falsecount="0"/>
      <line num="221" count="86" type="stmt"/>
      <line num="223" count="123" type="cond" truecount="2" falsecount="0"/>
      <line num="224" count="86" type="stmt"/>
      <line num="227" count="123" type="cond" truecount="1" falsecount="1"/>
      <line num="228" count="123" type="stmt"/>
      <line num="229" count="123" type="stmt"/>
      <line num="231" count="123" type="stmt"/>
      <line num="233" count="123" type="stmt"/>
      <line num="237" count="123" type="stmt"/>
      <line num="252" count="123" type="stmt"/>
      <line num="253" count="123" type="cond" truecount="1" falsecount="1"/>
      <line num="254" count="0" type="stmt"/>
      <line num="258" count="123" type="cond" truecount="3" falsecount="1"/>
      <line num="259" count="0" type="stmt"/>
      <line num="263" count="123" type="cond" truecount="3" falsecount="1"/>
      <line num="264" count="0" type="stmt"/>
      <line num="268" count="123" type="cond" truecount="1" falsecount="1"/>
      <line num="269" count="0" type="stmt"/>
      <line num="273" count="123" type="cond" truecount="1" falsecount="1"/>
      <line num="274" count="0" type="stmt"/>
      <line num="278" count="123" type="cond" truecount="1" falsecount="1"/>
      <line num="279" count="0" type="stmt"/>
      <line num="283" count="123" type="stmt"/>
      <line num="284" count="123" type="cond" truecount="1" falsecount="1"/>
      <line num="285" count="0" type="stmt"/>
      <line num="289" count="123" type="stmt"/>
      <line num="291" count="984" type="stmt"/>
      <line num="292" count="984" type="stmt"/>
      <line num="294" count="984" type="stmt"/>
      <line num="295" count="3780" type="cond" truecount="2" falsecount="0"/>
      <line num="296" count="868" type="cond" truecount="1" falsecount="1"/>
      <line num="297" count="0" type="stmt"/>
      <line num="299" count="868" type="stmt"/>
      <line num="300" count="868" type="stmt"/>
      <line num="302" count="2912" type="cond" truecount="1" falsecount="1"/>
      <line num="303" count="0" type="stmt"/>
      <line num="305" count="2912" type="stmt"/>
      <line num="306" count="2912" type="stmt"/>
      <line num="309" count="984" type="cond" truecount="1" falsecount="1"/>
      <line num="310" count="0" type="stmt"/>
      <line num="315" count="123" type="stmt"/>
      <line num="319" count="3395" type="stmt"/>
      <line num="320" count="3395" type="stmt"/>
      <line num="322" count="3395" type="stmt"/>
      <line num="323" count="217280" type="cond" truecount="2" falsecount="0"/>
      <line num="324" count="165359" type="stmt"/>
      <line num="326" count="51921" type="cond" truecount="2" falsecount="0"/>
      <line num="327" count="3917" type="stmt"/>
      <line num="328" count="3917" type="stmt"/>
      <line num="330" count="51921" type="stmt"/>
      <line num="331" count="51921" type="stmt"/>
      <line num="333" count="51921" type="cond" truecount="2" falsecount="0"/>
      <line num="337" count="217280" type="cond" truecount="2" falsecount="0"/>
      <line num="338" count="27160" type="cond" truecount="2" falsecount="0"/>
      <line num="339" count="21501" type="stmt"/>
      <line num="342" count="27160" type="cond" truecount="2" falsecount="0"/>
      <line num="343" count="23765" type="stmt"/>
      <line num="346" count="27160" type="stmt"/>
      <line num="347" count="27160" type="stmt"/>
      <line num="351" count="3395" type="stmt"/>
      <line num="352" count="3395" type="cond" truecount="2" falsecount="0"/>
      <line num="353" count="3395" type="cond" truecount="2" falsecount="0"/>
      <line num="354" count="3395" type="cond" truecount="2" falsecount="0"/>
      <line num="355" count="3395" type="cond" truecount="2" falsecount="0"/>
      <line num="358" count="3395" type="cond" truecount="2" falsecount="0"/>
      <line num="359" count="3395" type="cond" truecount="1" falsecount="1"/>
      <line num="361" count="3395" type="stmt"/>
      <line num="365" count="0" type="stmt"/>
      <line num="366" count="0" type="cond" truecount="0" falsecount="4"/>
      <line num="368" count="0" type="stmt"/>
      <line num="371" count="0" type="stmt"/>
      <line num="381" count="3163" type="cond" truecount="1" falsecount="1"/>
      <line num="383" count="3163" type="cond" truecount="2" falsecount="0"/>
      <line num="384" count="3090" type="stmt"/>
      <line num="385" count="3090" type="stmt"/>
      <line num="387" count="73" type="stmt"/>
      <line num="388" count="73" type="stmt"/>
      <line num="393" count="5" type="stmt"/>
      <line num="394" count="5" type="cond" truecount="1" falsecount="1"/>
      <line num="399" count="2912" type="cond" truecount="3" falsecount="1"/>
      <line num="400" count="0" type="stmt"/>
      <line num="404" count="2912" type="cond" truecount="1" falsecount="1"/>
      <line num="405" count="0" type="stmt"/>
      <line num="409" count="2912" type="cond" truecount="1" falsecount="1"/>
      <line num="410" count="0" type="stmt"/>
      <line num="413" count="2912" type="stmt"/>
      <line num="414" count="2912" type="stmt"/>
      <line num="415" count="2912" type="cond" truecount="2" falsecount="0"/>
      <line num="416" count="247" type="stmt"/>
      <line num="419" count="2912" type="stmt"/>
      <line num="421" count="2912" type="stmt"/>
      <line num="425" count="5" type="stmt"/>
      <line num="426" count="5" type="stmt"/>
      <line num="427" count="5" type="cond" truecount="3" falsecount="1"/>
      <line num="428" count="0" type="stmt"/>
      <line num="431" count="5" type="stmt"/>
      <line num="433" count="5" type="stmt"/>
      <line num="440" count="7677" type="cond" truecount="5" falsecount="0"/>
      <line num="442" count="32" type="stmt"/>
      <line num="443" count="32" type="stmt"/>
      <line num="444" count="128" type="stmt"/>
      <line num="454" count="128" type="cond" truecount="1" falsecount="1"/>
      <line num="455" count="0" type="stmt"/>
      <line num="457" count="128" type="stmt"/>
      <line num="460" count="7645" type="stmt"/>
      <line num="468" count="7645" type="cond" truecount="2" falsecount="0"/>
      <line num="469" count="354" type="stmt"/>
      <line num="472" count="7645" type="stmt"/>
      <line num="476" count="311" type="stmt"/>
      <line num="477" count="311" type="stmt"/>
      <line num="478" count="311" type="stmt"/>
      <line num="479" count="311" type="stmt"/>
      <line num="480" count="311" type="stmt"/>
      <line num="482" count="311" type="cond" truecount="2" falsecount="2"/>
      <line num="483" count="0" type="stmt"/>
      <line num="485" count="311" type="stmt"/>
      <line num="486" count="311" type="stmt"/>
      <line num="487" count="311" type="stmt"/>
      <line num="489" count="311" type="stmt"/>
      <line num="491" count="19904" type="stmt"/>
      <line num="492" count="19904" type="cond" truecount="1" falsecount="1"/>
      <line num="494" count="19904" type="stmt"/>
      <line num="495" count="19904" type="cond" truecount="4" falsecount="0"/>
      <line num="496" count="17491" type="stmt"/>
      <line num="499" count="2413" type="cond" truecount="2" falsecount="0"/>
      <line num="501" count="1251" type="stmt"/>
      <line num="502" count="1251" type="cond" truecount="2" falsecount="0"/>
      <line num="503" count="1050" type="stmt"/>
      <line num="506" count="1050" type="stmt"/>
      <line num="507" count="1050" type="cond" truecount="4" falsecount="0"/>
      <line num="508" count="670" type="stmt"/>
      <line num="513" count="1251" type="stmt"/>
      <line num="514" count="2502" type="stmt"/>
      <line num="515" count="2502" type="cond" truecount="2" falsecount="0"/>
      <line num="517" count="2114" type="cond" truecount="3" falsecount="1"/>
      <line num="519" count="0" type="stmt"/>
      <line num="520" count="2114" type="cond" truecount="1" falsecount="1"/>
      <line num="521" count="0" type="stmt"/>
      <line num="525" count="1162" type="stmt"/>
      <line num="526" count="7392" type="stmt"/>
      <line num="527" count="7392" type="stmt"/>
      <line num="529" count="7392" type="stmt"/>
      <line num="530" count="11317" type="stmt"/>
      <line num="531" count="11317" type="cond" truecount="2" falsecount="0"/>
      <line num="533" count="7943" type="cond" truecount="2" falsecount="0"/>
      <line num="534" count="5587" type="stmt"/>
      <line num="536" count="2356" type="cond" truecount="2" falsecount="0"/>
      <line num="537" count="354" type="stmt"/>
      <line num="538" count="354" type="stmt"/>
      <line num="542" count="5587" type="cond" truecount="4" falsecount="0"/>
      <line num="549" count="311" type="cond" truecount="5" falsecount="0"/>
      <line num="550" count="84" type="stmt"/>
      <line num="551" count="84" type="stmt"/>
      <line num="553" count="84" type="cond" truecount="7" falsecount="0"/>
      <line num="558" count="8" type="stmt"/>
      <line num="564" count="311" type="cond" truecount="5" falsecount="0"/>
      <line num="565" count="82" type="stmt"/>
      <line num="566" count="82" type="stmt"/>
      <line num="568" count="82" type="cond" truecount="8" falsecount="0"/>
      <line num="574" count="8" type="stmt"/>
      <line num="580" count="311" type="cond" truecount="1" falsecount="1"/>
      <line num="581" count="0" type="stmt"/>
      <line num="587" count="311" type="cond" truecount="2" falsecount="2"/>
      <line num="588" count="0" type="stmt"/>
      <line num="592" count="311" type="stmt"/>
      <line num="593" count="311" type="stmt"/>
      <line num="594" count="7773" type="stmt"/>
      <line num="595" count="7773" type="cond" truecount="2" falsecount="0"/>
      <line num="596" count="6739" type="stmt"/>
      <line num="598" count="7773" type="stmt"/>
      <line num="601" count="311" type="stmt"/>
      <line num="608" count="109" type="stmt"/>
      <line num="610" count="109" type="cond" truecount="1" falsecount="1"/>
      <line num="611" count="0" type="stmt"/>
      <line num="612" count="109" type="cond" truecount="1" falsecount="1"/>
      <line num="613" count="0" type="stmt"/>
      <line num="615" count="109" type="stmt"/>
      <line num="617" count="109" type="cond" truecount="2" falsecount="0"/>
      <line num="618" count="94" type="stmt"/>
      <line num="621" count="109" type="cond" truecount="2" falsecount="0"/>
      <line num="622" count="11" type="cond" truecount="1" falsecount="1"/>
      <line num="623" count="0" type="stmt"/>
      <line num="625" count="11" type="stmt"/>
      <line num="628" count="109" type="stmt"/>
      <line num="630" count="109" type="cond" truecount="2" falsecount="0"/>
      <line num="631" count="4" type="stmt"/>
      <line num="635" count="109" type="stmt"/>
      <line num="636" count="109" type="cond" truecount="2" falsecount="0"/>
      <line num="637" count="10" type="cond" truecount="2" falsecount="0"/>
      <line num="638" count="4" type="stmt"/>
      <line num="640" count="6" type="stmt"/>
      <line num="643" count="109" type="stmt"/>
      <line num="645" count="109" type="stmt"/>
      <line num="649" count="8051" type="stmt"/>
      <line num="651" count="533898" type="cond" truecount="2" falsecount="0"/>
      <line num="654" count="481469" type="cond" truecount="4" falsecount="0"/>
      <line num="656" count="60657" type="stmt"/>
      <line num="657" count="60657" type="stmt"/>
      <line num="658" count="60657" type="stmt"/>
      <line num="660" count="60657" type="cond" truecount="2" falsecount="0"/>
      <line num="661" count="1994" type="cond" truecount="2" falsecount="0"/>
      <line num="662" count="104" type="cond" truecount="2" falsecount="0"/>
      <line num="663" count="69" type="cond" truecount="2" falsecount="0"/>
      <line num="665" count="35" type="cond" truecount="2" falsecount="0"/>
      <line num="667" count="13" type="stmt"/>
      <line num="671" count="1890" type="cond" truecount="4" falsecount="0"/>
      <line num="673" count="1764" type="stmt"/>
      <line num="674" count="1764" type="stmt"/>
      <line num="676" count="1764" type="stmt"/>
      <line num="677" count="1764" type="stmt"/>
      <line num="678" count="2529" type="cond" truecount="2" falsecount="0"/>
      <line num="679" count="1625" type="stmt"/>
      <line num="682" count="1764" type="cond" truecount="2" falsecount="0"/>
      <line num="686" count="6974" type="stmt"/>
      <line num="690" count="7993" type="stmt"/>
      <line num="694" count="220" type="stmt"/>
      <line num="698" count="35" type="cond" truecount="2" falsecount="0"/>
      <line num="702" count="69" type="cond" truecount="2" falsecount="0"/>
      <line num="706" count="45" type="stmt"/>
      <line num="707" count="45" type="stmt"/>
      <line num="709" count="45" type="stmt"/>
      <line num="710" count="3195" type="cond" truecount="2" falsecount="0"/>
      <line num="712" count="2880" type="stmt"/>
      <line num="713" count="2880" type="cond" truecount="2" falsecount="0"/>
      <line num="714" count="400" type="cond" truecount="2" falsecount="0"/>
      <line num="716" count="400" type="stmt"/>
      <line num="721" count="45" type="cond" truecount="2" falsecount="0"/>
      <line num="724" count="41" type="cond" truecount="5" falsecount="0"/>
      <line num="725" count="6" type="stmt"/>
      <line num="729" count="35" type="stmt"/>
      <line num="738" count="41" type="stmt"/>
      <line num="739" count="41" type="stmt"/>
      <line num="740" count="41" type="stmt"/>
      <line num="742" count="41" type="stmt"/>
      <line num="743" count="200" type="stmt"/>
      <line num="744" count="200" type="cond" truecount="2" falsecount="0"/>
      <line num="745" count="159" type="stmt"/>
      <line num="748" count="41" type="stmt"/>
      <line num="751" count="200" type="stmt"/>
      <line num="754" count="200" type="cond" truecount="2" falsecount="0"/>
      <line num="755" count="200" type="cond" truecount="2" falsecount="0"/>
      <line num="756" count="32" type="stmt"/>
      <line num="759" count="200" type="cond" truecount="2" falsecount="0"/>
      <line num="760" count="41" type="stmt"/>
      <line num="762" count="159" type="stmt"/>
      <line num="765" count="41" type="stmt"/>
      <line num="769" count="8145" type="stmt"/>
      <line num="781" count="8145" type="stmt"/>
      <line num="782" count="8145" type="stmt"/>
      <line num="783" count="8145" type="stmt"/>
      <line num="785" count="8145" type="stmt"/>
      <line num="786" count="8145" type="stmt"/>
      <line num="789" count="8145" type="cond" truecount="1" falsecount="1"/>
      <line num="790" count="0" type="cond" truecount="0" falsecount="2"/>
      <line num="791" count="0" type="stmt"/>
      <line num="793" count="0" type="stmt"/>
      <line num="798" count="8145" type="cond" truecount="2" falsecount="0"/>
      <line num="799" count="136" type="stmt"/>
      <line num="803" count="8145" type="cond" truecount="2" falsecount="0"/>
      <line num="804" count="1275" type="stmt"/>
      <line num="807" count="1275" type="cond" truecount="2" falsecount="0"/>
      <line num="808" count="8" type="stmt"/>
      <line num="809" count="8" type="stmt"/>
      <line num="810" count="8" type="stmt"/>
      <line num="811" count="8" type="stmt"/>
      <line num="812" count="1267" type="cond" truecount="2" falsecount="0"/>
      <line num="813" count="8" type="stmt"/>
      <line num="814" count="8" type="stmt"/>
      <line num="815" count="8" type="stmt"/>
      <line num="816" count="8" type="stmt"/>
      <line num="820" count="1275" type="stmt"/>
      <line num="824" count="8145" type="cond" truecount="2" falsecount="0"/>
      <line num="826" count="1730" type="stmt"/>
      <line num="827" count="3442" type="cond" truecount="2" falsecount="0"/>
      <line num="828" count="40" type="stmt"/>
      <line num="830" count="40" type="stmt"/>
      <line num="836" count="8145" type="cond" truecount="2" falsecount="0"/>
      <line num="837" count="1819" type="stmt"/>
      <line num="838" count="3637" type="cond" truecount="2" falsecount="0"/>
      <line num="839" count="13" type="stmt"/>
      <line num="841" count="13" type="stmt"/>
      <line num="847" count="8145" type="cond" truecount="2" falsecount="0"/>
      <line num="848" count="674" type="cond" truecount="2" falsecount="0"/>
      <line num="849" count="318" type="stmt"/>
      <line num="851" count="356" type="stmt"/>
      <line num="854" count="7471" type="stmt"/>
      <line num="858" count="8145" type="cond" truecount="2" falsecount="0"/>
      <line num="859" count="1851" type="stmt"/>
      <line num="860" count="6294" type="cond" truecount="2" falsecount="0"/>
      <line num="861" count="377" type="stmt"/>
      <line num="863" count="5917" type="stmt"/>
      <line num="866" count="8145" type="cond" truecount="2" falsecount="0"/>
      <line num="867" count="4038" type="stmt"/>
      <line num="869" count="8145" type="stmt"/>
      <line num="873" count="8089" type="stmt"/>
      <line num="874" count="8089" type="cond" truecount="2" falsecount="0"/>
      <line num="876" count="8046" type="stmt"/>
      <line num="877" count="8046" type="stmt"/>
      <line num="878" count="8046" type="stmt"/>
      <line num="879" count="8046" type="stmt"/>
      <line num="880" count="8046" type="stmt"/>
      <line num="881" count="8046" type="stmt"/>
      <line num="882" count="8046" type="stmt"/>
      <line num="884" count="8046" type="stmt"/>
      <line num="885" count="8046" type="stmt"/>
      <line num="887" count="8046" type="stmt"/>
      <line num="888" count="8046" type="stmt"/>
      <line num="889" count="8046" type="stmt"/>
      <line num="891" count="8046" type="cond" truecount="2" falsecount="0"/>
      <line num="892" count="366" type="stmt"/>
      <line num="893" count="7680" type="cond" truecount="1" falsecount="1"/>
      <line num="895" count="0" type="cond" truecount="0" falsecount="2"/>
      <line num="896" count="0" type="stmt"/>
      <line num="898" count="0" type="stmt"/>
      <line num="900" count="0" type="stmt"/>
      <line num="904" count="8046" type="cond" truecount="2" falsecount="0"/>
      <line num="906" count="16" type="cond" truecount="2" falsecount="0"/>
      <line num="907" count="8" type="stmt"/>
      <line num="908" count="8" type="stmt"/>
      <line num="909" count="8" type="cond" truecount="1" falsecount="1"/>
      <line num="910" count="8" type="stmt"/>
      <line num="911" count="8" type="stmt"/>
      <line num="914" count="16" type="stmt"/>
      <line num="915" count="16" type="stmt"/>
      <line num="918" count="8046" type="stmt"/>
      <line num="923" count="109" type="stmt"/>
      <line num="925" count="109" type="stmt"/>
      <line num="926" count="109" type="stmt"/>
      <line num="927" count="109" type="stmt"/>
      <line num="929" count="109" type="stmt"/>
      <line num="930" count="109" type="stmt"/>
      <line num="931" count="109" type="stmt"/>
      <line num="933" count="109" type="stmt"/>
      <line num="934" count="2708" type="stmt"/>
      <line num="935" count="2708" type="stmt"/>
      <line num="936" count="2708" type="stmt"/>
      <line num="941" count="2708" type="cond" truecount="4" falsecount="1"/>
      <line num="942" count="0" type="stmt"/>
      <line num="944" count="0" type="cond" truecount="0" falsecount="2"/>
      <line num="945" count="0" type="stmt"/>
      <line num="948" count="0" type="cond" truecount="0" falsecount="2"/>
      <line num="949" count="0" type="stmt"/>
      <line num="954" count="109" type="cond" truecount="1" falsecount="1"/>
      <line num="958" count="0" type="cond" truecount="0" falsecount="4"/>
      <line num="959" count="0" type="stmt"/>
      <line num="964" count="0" type="cond" truecount="0" falsecount="2"/>
      <line num="965" count="0" type="stmt"/>
      <line num="969" count="0" type="stmt"/>
      <line num="973" count="109" type="stmt"/>
      <line num="977" count="0" type="stmt"/>
      <line num="978" count="0" type="stmt"/>
      <line num="980" count="0" type="cond" truecount="0" falsecount="2"/>
      <line num="981" count="0" type="stmt"/>
      <line num="985" count="0" type="cond" truecount="0" falsecount="2"/>
      <line num="986" count="0" type="stmt"/>
      <line num="988" count="0" type="stmt"/>
      <line num="989" count="0" type="stmt"/>
      <line num="990" count="0" type="cond" truecount="0" falsecount="2"/>
      <line num="992" count="0" type="stmt"/>
      <line num="995" count="0" type="cond" truecount="0" falsecount="2"/>
      <line num="996" count="0" type="stmt"/>
      <line num="997" count="0" type="stmt"/>
      <line num="1000" count="0" type="stmt"/>
      <line num="1001" count="0" type="stmt"/>
      <line num="1003" count="0" type="stmt"/>
      <line num="1010" count="14333" type="stmt"/>
      <line num="1014" count="9866" type="stmt"/>
      <line num="1018" count="9866" type="stmt"/>
      <line num="1019" count="9866" type="stmt"/>
      <line num="1023" count="32640" type="cond" truecount="2" falsecount="0"/>
      <line num="1027" count="3780" type="stmt"/>
      <line num="1032" count="109" type="stmt"/>
      <line num="1033" count="109" type="stmt"/>
      <line num="1034" count="109" type="stmt"/>
      <line num="1035" count="109" type="stmt"/>
      <line num="1037" count="109" type="stmt"/>
      <line num="1039" count="109" type="stmt"/>
      <line num="1040" count="763" type="cond" truecount="2" falsecount="0"/>
      <line num="1041" count="113" type="stmt"/>
      <line num="1044" count="109" type="stmt"/>
      <line num="1046" count="109" type="stmt"/>
      <line num="1050" count="109" type="cond" truecount="1" falsecount="1"/>
      <line num="1052" count="109" type="stmt"/>
      <line num="1053" count="560" type="cond" truecount="1" falsecount="1"/>
      <line num="1054" count="0" type="stmt"/>
      <line num="1056" count="560" type="stmt"/>
      <line num="1060" count="109" type="stmt"/>
      <line num="1064" count="0" type="stmt"/>
      <line num="1071" count="0" type="stmt"/>
      <line num="1072" count="0" type="stmt"/>
      <line num="1073" count="0" type="stmt"/>
      <line num="1075" count="0" type="stmt"/>
      <line num="1076" count="0" type="stmt"/>
      <line num="1077" count="0" type="cond" truecount="0" falsecount="2"/>
      <line num="1078" count="0" type="cond" truecount="0" falsecount="2"/>
      <line num="1079" count="0" type="stmt"/>
      <line num="1080" count="0" type="stmt"/>
      <line num="1082" count="0" type="stmt"/>
      <line num="1085" count="0" type="stmt"/>
      <line num="1088" count="0" type="stmt"/>
      <line num="1091" count="66" type="stmt"/>
      <line num="1110" count="66" type="stmt"/>
      <line num="1111" count="66" type="stmt"/>
      <line num="1112" count="4686" type="cond" truecount="2" falsecount="0"/>
      <line num="1113" count="4224" type="stmt"/>
      <line num="1115" count="66" type="stmt"/>
      <line num="1123" count="50" type="stmt"/>
      <line num="1127" count="7" type="stmt"/>
      <line num="1138" count="0" type="cond" truecount="0" falsecount="4"/>
      <line num="1139" count="0" type="stmt"/>
      <line num="1141" count="0" type="stmt"/>
      <line num="1143" count="0" type="stmt"/>
      <line num="1145" count="0" type="stmt"/>
      <line num="1150" count="0" type="cond" truecount="0" falsecount="5"/>
      <line num="1152" count="0" type="stmt"/>
      <line num="1154" count="0" type="stmt"/>
      <line num="1158" count="0" type="stmt"/>
      <line num="1162" count="7" type="stmt"/>
      <line num="1166" count="7" type="stmt"/>
      <line num="1170" count="16" type="stmt"/>
      <line num="1174" count="36" type="cond" truecount="4" falsecount="0"/>
      <line num="1181" count="7" type="stmt"/>
      <line num="1185" count="10" type="stmt"/>
      <line num="1189" count="18" type="cond" truecount="5" falsecount="0"/>
      <line num="1197" count="0" type="stmt"/>
      <line num="1201" count="32" type="stmt"/>
      <line num="1208" count="0" type="cond" truecount="0" falsecount="4"/>
      <line num="1211" count="0" type="cond" truecount="0" falsecount="4"/>
      <line num="1214" count="0" type="stmt"/>
      <line num="1215" count="0" type="stmt"/>
      <line num="1218" count="0" type="stmt"/>
      <line num="1222" count="0" type="stmt"/>
      <line num="1223" count="0" type="stmt"/>
      <line num="1226" count="0" type="cond" truecount="0" falsecount="4"/>
      <line num="1227" count="0" type="stmt"/>
      <line num="1231" count="0" type="stmt"/>
      <line num="1232" count="0" type="stmt"/>
      <line num="1233" count="0" type="stmt"/>
      <line num="1236" count="0" type="stmt"/>
      <line num="1237" count="0" type="stmt"/>
      <line num="1238" count="0" type="stmt"/>
      <line num="1241" count="0" type="stmt"/>
      <line num="1242" count="0" type="stmt"/>
      <line num="1245" count="0" type="cond" truecount="0" falsecount="4"/>
      <line num="1246" count="0" type="stmt"/>
      <line num="1247" count="0" type="stmt"/>
      <line num="1248" count="0" type="cond" truecount="0" falsecount="2"/>
      <line num="1250" count="0" type="cond" truecount="0" falsecount="2"/>
      <line num="1251" count="0" type="stmt"/>
      <line num="1253" count="0" type="stmt"/>
      <line num="1254" count="0" type="stmt"/>
      <line num="1257" count="0" type="stmt"/>
      <line num="1258" count="0" type="stmt"/>
      <line num="1262" count="0" type="cond" truecount="0" falsecount="2"/>
      <line num="1263" count="0" type="stmt"/>
      <line num="1267" count="0" type="cond" truecount="0" falsecount="2"/>
      <line num="1268" count="0" type="stmt"/>
      <line num="1274" count="0" type="cond" truecount="0" falsecount="2"/>
      <line num="1275" count="0" type="stmt"/>
      <line num="1279" count="0" type="stmt"/>
      <line num="1280" count="0" type="stmt"/>
      <line num="1282" count="0" type="cond" truecount="0" falsecount="4"/>
      <line num="1285" count="0" type="cond" truecount="0" falsecount="2"/>
      <line num="1286" count="0" type="stmt"/>
      <line num="1289" count="0" type="stmt"/>
      <line num="1290" count="0" type="stmt"/>
      <line num="1291" count="0" type="cond" truecount="0" falsecount="2"/>
      <line num="1292" count="0" type="stmt"/>
      <line num="1293" count="0" type="stmt"/>
      <line num="1295" count="0" type="stmt"/>
      <line num="1296" count="0" type="stmt"/>
      <line num="1299" count="0" type="stmt"/>
      <line num="1304" count="0" type="stmt"/>
      <line num="1311" count="0" type="stmt"/>
      <line num="1312" count="0" type="stmt"/>
      <line num="1313" count="0" type="cond" truecount="0" falsecount="2"/>
      <line num="1314" count="0" type="stmt"/>
      <line num="1317" count="0" type="stmt"/>
      <line num="1321" count="0" type="stmt"/>
      <line num="1325" count="0" type="stmt"/>
      <line num="1326" count="0" type="stmt"/>
      <line num="1327" count="0" type="stmt"/>
      <line num="1329" count="0" type="stmt"/>
      <line num="1333" count="0" type="cond" truecount="0" falsecount="4"/>
      <line num="1336" count="0" type="stmt"/>
      <line num="1337" count="0" type="stmt"/>
      <line num="1338" count="0" type="stmt"/>
      <line num="1339" count="0" type="stmt"/>
      <line num="1341" count="0" type="stmt"/>
      <line num="1342" count="0" type="stmt"/>
      <line num="1343" count="0" type="stmt"/>
      <line num="1344" count="0" type="cond" truecount="0" falsecount="2"/>
      <line num="1345" count="0" type="stmt"/>
      <line num="1349" count="0" type="stmt"/>
      <line num="1352" count="0" type="cond" truecount="0" falsecount="4"/>
      <line num="1355" count="0" type="stmt"/>
      <line num="1360" count="0" type="stmt"/>
      <line num="1363" count="0" type="cond" truecount="0" falsecount="2"/>
      <line num="1364" count="0" type="stmt"/>
      <line num="1367" count="0" type="stmt"/>
      <line num="1370" count="0" type="stmt"/>
      <line num="1371" count="0" type="stmt"/>
      <line num="1372" count="0" type="stmt"/>
      <line num="1376" count="0" type="stmt"/>
      <line num="1379" count="0" type="stmt"/>
      <line num="1382" count="0" type="stmt"/>
      <line num="1386" count="0" type="stmt"/>
      <line num="1389" count="0" type="stmt"/>
      <line num="1390" count="0" type="stmt"/>
      <line num="1392" count="0" type="stmt"/>
      <line num="1393" count="0" type="stmt"/>
      <line num="1398" count="0" type="cond" truecount="0" falsecount="2"/>
      <line num="1399" count="0" type="stmt"/>
      <line num="1401" count="0" type="stmt"/>
      <line num="1406" count="0" type="stmt"/>
      <line num="1407" count="0" type="cond" truecount="0" falsecount="2"/>
      <line num="1408" count="0" type="cond" truecount="0" falsecount="4"/>
      <line num="1409" count="0" type="stmt"/>
      <line num="1413" count="0" type="stmt"/>
      <line num="1414" count="0" type="cond" truecount="0" falsecount="2"/>
      <line num="1415" count="0" type="stmt"/>
      <line num="1417" count="0" type="stmt"/>
      <line num="1420" count="0" type="stmt"/>
      <line num="1424" count="0" type="stmt"/>
      <line num="1428" count="0" type="stmt"/>
      <line num="1432" count="1" type="stmt"/>
      <line num="1445" count="121" type="stmt"/>
      <line num="1446" count="121" type="stmt"/>
      <line num="1448" count="121" type="cond" truecount="1" falsecount="1"/>
      <line num="1450" count="0" type="stmt"/>
      <line num="1451" count="0" type="cond" truecount="0" falsecount="2"/>
      <line num="1452" count="0" type="stmt"/>
      <line num="1453" count="0" type="stmt"/>
      <line num="1456" count="121" type="cond" truecount="1" falsecount="1"/>
      <line num="1458" count="121" type="stmt"/>
      <line num="1459" count="1927" type="cond" truecount="6" falsecount="0"/>
      <line num="1463" count="104" type="stmt"/>
      <line num="1464" count="104" type="stmt"/>
      <line num="1470" count="121" type="cond" truecount="2" falsecount="0"/>
      <line num="1471" count="17" type="stmt"/>
      <line num="1477" count="104" type="stmt"/>
      <line num="1479" count="104" type="stmt"/>
      <line num="1481" count="104" type="stmt"/>
      <line num="1485" count="7" type="stmt"/>
      <line num="1486" count="7" type="cond" truecount="2" falsecount="0"/>
      <line num="1490" count="0" type="stmt"/>
      <line num="1494" count="0" type="stmt"/>
      <line num="1498" count="0" type="stmt"/>
      <line num="1502" count="5" type="stmt"/>
      <line num="1506" count="0" type="stmt"/>
      <line num="1510" count="0" type="cond" truecount="0" falsecount="2"/>
      <line num="1511" count="0" type="stmt"/>
      <line num="1512" count="0" type="cond" truecount="0" falsecount="2"/>
      <line num="1515" count="0" type="stmt"/>
      <line num="1519" count="0" type="stmt"/>
      <line num="1520" count="0" type="stmt"/>
      <line num="1521" count="0" type="cond" truecount="0" falsecount="3"/>
      <line num="1524" count="0" type="stmt"/>
      <line num="1525" count="0" type="stmt"/>
      <line num="1528" count="0" type="stmt"/>
      <line num="1529" count="0" type="stmt"/>
      <line num="1530" count="0" type="cond" truecount="0" falsecount="2"/>
      <line num="1531" count="0" type="stmt"/>
      <line num="1533" count="0" type="stmt"/>
      <line num="1535" count="0" type="stmt"/>
      <line num="1538" count="0" type="stmt"/>
      <line num="1546" count="11" type="cond" truecount="1" falsecount="1"/>
    </file>
  </project>
</coverage>
