{"/Users/rogersdong/Desktop/final/3D-Hartwig-chess-set/js/libraries.js": {"path":"/Users/rogersdong/Desktop/final/3D-Hartwig-chess-set/js/libraries.js","statementMap":{"0":{"start":{"line":1,"column":15},"end":{"line":1,"column":32}},"1":{"start":{"line":32,"column":12},"end":{"line":1542,"column":1}},"2":{"start":{"line":34,"column":14},"end":{"line":34,"column":17}},"3":{"start":{"line":35,"column":14},"end":{"line":35,"column":17}},"4":{"start":{"line":37,"column":14},"end":{"line":37,"column":16}},"5":{"start":{"line":39,"column":13},"end":{"line":39,"column":16}},"6":{"start":{"line":40,"column":15},"end":{"line":40,"column":18}},"7":{"start":{"line":41,"column":15},"end":{"line":41,"column":18}},"8":{"start":{"line":42,"column":13},"end":{"line":42,"column":16}},"9":{"start":{"line":43,"column":14},"end":{"line":43,"column":17}},"10":{"start":{"line":44,"column":13},"end":{"line":44,"column":16}},"11":{"start":{"line":46,"column":16},"end":{"line":46,"column":30}},"12":{"start":{"line":48,"column":25},"end":{"line":48,"column":83}},"13":{"start":{"line":50,"column":25},"end":{"line":50,"column":55}},"14":{"start":{"line":52,"column":21},"end":{"line":55,"column":3}},"15":{"start":{"line":57,"column":22},"end":{"line":63,"column":3}},"16":{"start":{"line":65,"column":16},"end":{"line":81,"column":3}},"17":{"start":{"line":83,"column":13},"end":{"line":99,"column":3}},"18":{"start":{"line":101,"column":15},"end":{"line":101,"column":53}},"19":{"start":{"line":103,"column":14},"end":{"line":111,"column":3}},"20":{"start":{"line":113,"column":13},"end":{"line":121,"column":3}},"21":{"start":{"line":123,"column":15},"end":{"line":123,"column":16}},"22":{"start":{"line":124,"column":15},"end":{"line":124,"column":16}},"23":{"start":{"line":125,"column":15},"end":{"line":125,"column":16}},"24":{"start":{"line":126,"column":15},"end":{"line":126,"column":16}},"25":{"start":{"line":127,"column":15},"end":{"line":127,"column":16}},"26":{"start":{"line":128,"column":15},"end":{"line":128,"column":16}},"27":{"start":{"line":129,"column":15},"end":{"line":129,"column":16}},"28":{"start":{"line":130,"column":15},"end":{"line":130,"column":16}},"29":{"start":{"line":132,"column":16},"end":{"line":141,"column":3}},"30":{"start":{"line":143,"column":14},"end":{"line":148,"column":3}},"31":{"start":{"line":150,"column":14},"end":{"line":150,"column":28}},"32":{"start":{"line":151,"column":14},"end":{"line":151,"column":34}},"33":{"start":{"line":152,"column":13},"end":{"line":152,"column":18}},"34":{"start":{"line":153,"column":17},"end":{"line":153,"column":29}},"35":{"start":{"line":154,"column":18},"end":{"line":154,"column":23}},"36":{"start":{"line":155,"column":19},"end":{"line":155,"column":20}},"37":{"start":{"line":156,"column":20},"end":{"line":156,"column":21}},"38":{"start":{"line":157,"column":16},"end":{"line":157,"column":18}},"39":{"start":{"line":158,"column":15},"end":{"line":158,"column":17}},"40":{"start":{"line":163,"column":2},"end":{"line":167,"column":3}},"41":{"start":{"line":164,"column":4},"end":{"line":164,"column":27}},"42":{"start":{"line":166,"column":4},"end":{"line":166,"column":14}},"43":{"start":{"line":170,"column":4},"end":{"line":170,"column":27}},"44":{"start":{"line":171,"column":4},"end":{"line":171,"column":33}},"45":{"start":{"line":172,"column":4},"end":{"line":172,"column":17}},"46":{"start":{"line":173,"column":4},"end":{"line":173,"column":30}},"47":{"start":{"line":174,"column":4},"end":{"line":174,"column":22}},"48":{"start":{"line":175,"column":4},"end":{"line":175,"column":19}},"49":{"start":{"line":176,"column":4},"end":{"line":176,"column":20}},"50":{"start":{"line":177,"column":4},"end":{"line":177,"column":17}},"51":{"start":{"line":178,"column":4},"end":{"line":178,"column":16}},"52":{"start":{"line":179,"column":4},"end":{"line":179,"column":33}},"53":{"start":{"line":183,"column":4},"end":{"line":183,"column":27}},"54":{"start":{"line":187,"column":17},"end":{"line":187,"column":33}},"55":{"start":{"line":188,"column":19},"end":{"line":188,"column":28}},"56":{"start":{"line":189,"column":17},"end":{"line":189,"column":18}},"57":{"start":{"line":190,"column":16},"end":{"line":190,"column":37}},"58":{"start":{"line":192,"column":4},"end":{"line":194,"column":5}},"59":{"start":{"line":193,"column":6},"end":{"line":193,"column":19}},"60":{"start":{"line":196,"column":4},"end":{"line":196,"column":12}},"61":{"start":{"line":198,"column":4},"end":{"line":210,"column":5}},"62":{"start":{"line":198,"column":17},"end":{"line":198,"column":18}},"63":{"start":{"line":199,"column":18},"end":{"line":199,"column":36}},"64":{"start":{"line":201,"column":6},"end":{"line":209,"column":7}},"65":{"start":{"line":202,"column":8},"end":{"line":202,"column":20}},"66":{"start":{"line":203,"column":13},"end":{"line":209,"column":7}},"67":{"start":{"line":204,"column":8},"end":{"line":204,"column":38}},"68":{"start":{"line":206,"column":20},"end":{"line":206,"column":49}},"69":{"start":{"line":207,"column":8},"end":{"line":207,"column":74}},"70":{"start":{"line":208,"column":8},"end":{"line":208,"column":17}},"71":{"start":{"line":212,"column":4},"end":{"line":212,"column":21}},"72":{"start":{"line":214,"column":4},"end":{"line":216,"column":5}},"73":{"start":{"line":215,"column":6},"end":{"line":215,"column":38}},"74":{"start":{"line":217,"column":4},"end":{"line":219,"column":5}},"75":{"start":{"line":218,"column":6},"end":{"line":218,"column":38}},"76":{"start":{"line":220,"column":4},"end":{"line":222,"column":5}},"77":{"start":{"line":221,"column":6},"end":{"line":221,"column":38}},"78":{"start":{"line":223,"column":4},"end":{"line":225,"column":5}},"79":{"start":{"line":224,"column":6},"end":{"line":224,"column":38}},"80":{"start":{"line":227,"column":4},"end":{"line":227,"column":64}},"81":{"start":{"line":228,"column":4},"end":{"line":228,"column":41}},"82":{"start":{"line":229,"column":4},"end":{"line":229,"column":42}},"83":{"start":{"line":231,"column":4},"end":{"line":231,"column":33}},"84":{"start":{"line":233,"column":4},"end":{"line":233,"column":16}},"85":{"start":{"line":237,"column":17},"end":{"line":249,"column":5}},"86":{"start":{"line":252,"column":17},"end":{"line":252,"column":33}},"87":{"start":{"line":253,"column":4},"end":{"line":255,"column":5}},"88":{"start":{"line":254,"column":6},"end":{"line":254,"column":63}},"89":{"start":{"line":258,"column":4},"end":{"line":260,"column":5}},"90":{"start":{"line":259,"column":6},"end":{"line":259,"column":63}},"91":{"start":{"line":263,"column":4},"end":{"line":265,"column":5}},"92":{"start":{"line":264,"column":6},"end":{"line":264,"column":63}},"93":{"start":{"line":268,"column":4},"end":{"line":270,"column":5}},"94":{"start":{"line":269,"column":6},"end":{"line":269,"column":63}},"95":{"start":{"line":273,"column":4},"end":{"line":275,"column":5}},"96":{"start":{"line":274,"column":6},"end":{"line":274,"column":63}},"97":{"start":{"line":278,"column":4},"end":{"line":280,"column":5}},"98":{"start":{"line":279,"column":6},"end":{"line":279,"column":63}},"99":{"start":{"line":283,"column":15},"end":{"line":283,"column":35}},"100":{"start":{"line":284,"column":4},"end":{"line":286,"column":5}},"101":{"start":{"line":285,"column":6},"end":{"line":285,"column":63}},"102":{"start":{"line":289,"column":4},"end":{"line":312,"column":5}},"103":{"start":{"line":289,"column":17},"end":{"line":289,"column":18}},"104":{"start":{"line":291,"column":23},"end":{"line":291,"column":24}},"105":{"start":{"line":292,"column":32},"end":{"line":292,"column":37}},"106":{"start":{"line":294,"column":6},"end":{"line":308,"column":7}},"107":{"start":{"line":294,"column":19},"end":{"line":294,"column":20}},"108":{"start":{"line":295,"column":8},"end":{"line":307,"column":9}},"109":{"start":{"line":296,"column":10},"end":{"line":298,"column":11}},"110":{"start":{"line":297,"column":12},"end":{"line":297,"column":69}},"111":{"start":{"line":299,"column":10},"end":{"line":299,"column":45}},"112":{"start":{"line":300,"column":10},"end":{"line":300,"column":37}},"113":{"start":{"line":302,"column":10},"end":{"line":304,"column":11}},"114":{"start":{"line":303,"column":12},"end":{"line":303,"column":69}},"115":{"start":{"line":305,"column":10},"end":{"line":305,"column":26}},"116":{"start":{"line":306,"column":10},"end":{"line":306,"column":38}},"117":{"start":{"line":309,"column":6},"end":{"line":311,"column":7}},"118":{"start":{"line":310,"column":8},"end":{"line":310,"column":67}},"119":{"start":{"line":315,"column":4},"end":{"line":315,"column":60}},"120":{"start":{"line":319,"column":16},"end":{"line":319,"column":17}},"121":{"start":{"line":320,"column":14},"end":{"line":320,"column":16}},"122":{"start":{"line":322,"column":4},"end":{"line":349,"column":5}},"123":{"start":{"line":322,"column":17},"end":{"line":322,"column":27}},"124":{"start":{"line":323,"column":6},"end":{"line":335,"column":7}},"125":{"start":{"line":324,"column":8},"end":{"line":324,"column":16}},"126":{"start":{"line":326,"column":8},"end":{"line":329,"column":9}},"127":{"start":{"line":327,"column":10},"end":{"line":327,"column":23}},"128":{"start":{"line":328,"column":10},"end":{"line":328,"column":20}},"129":{"start":{"line":330,"column":20},"end":{"line":330,"column":34}},"130":{"start":{"line":331,"column":20},"end":{"line":331,"column":33}},"131":{"start":{"line":333,"column":8},"end":{"line":334,"column":59}},"132":{"start":{"line":337,"column":6},"end":{"line":348,"column":7}},"133":{"start":{"line":338,"column":8},"end":{"line":340,"column":9}},"134":{"start":{"line":339,"column":10},"end":{"line":339,"column":23}},"135":{"start":{"line":342,"column":8},"end":{"line":344,"column":9}},"136":{"start":{"line":343,"column":10},"end":{"line":343,"column":21}},"137":{"start":{"line":346,"column":8},"end":{"line":346,"column":18}},"138":{"start":{"line":347,"column":8},"end":{"line":347,"column":15}},"139":{"start":{"line":351,"column":17},"end":{"line":351,"column":19}},"140":{"start":{"line":352,"column":4},"end":{"line":352,"column":63}},"141":{"start":{"line":352,"column":47},"end":{"line":352,"column":61}},"142":{"start":{"line":353,"column":4},"end":{"line":353,"column":63}},"143":{"start":{"line":353,"column":47},"end":{"line":353,"column":61}},"144":{"start":{"line":354,"column":4},"end":{"line":354,"column":63}},"145":{"start":{"line":354,"column":47},"end":{"line":354,"column":61}},"146":{"start":{"line":355,"column":4},"end":{"line":355,"column":63}},"147":{"start":{"line":355,"column":47},"end":{"line":355,"column":61}},"148":{"start":{"line":358,"column":4},"end":{"line":358,"column":27}},"149":{"start":{"line":359,"column":18},"end":{"line":359,"column":67}},"150":{"start":{"line":361,"column":4},"end":{"line":361,"column":74}},"151":{"start":{"line":365,"column":4},"end":{"line":370,"column":5}},"152":{"start":{"line":365,"column":17},"end":{"line":365,"column":18}},"153":{"start":{"line":366,"column":6},"end":{"line":369,"column":7}},"154":{"start":{"line":368,"column":8},"end":{"line":368,"column":38}},"155":{"start":{"line":371,"column":4},"end":{"line":371,"column":18}},"156":{"start":{"line":381,"column":4},"end":{"line":381,"column":35}},"157":{"start":{"line":381,"column":28},"end":{"line":381,"column":35}},"158":{"start":{"line":383,"column":4},"end":{"line":389,"column":5}},"159":{"start":{"line":384,"column":6},"end":{"line":384,"column":28}},"160":{"start":{"line":385,"column":6},"end":{"line":385,"column":26}},"161":{"start":{"line":387,"column":6},"end":{"line":387,"column":29}},"162":{"start":{"line":388,"column":6},"end":{"line":388,"column":27}},"163":{"start":{"line":393,"column":16},"end":{"line":393,"column":38}},"164":{"start":{"line":394,"column":4},"end":{"line":394,"column":67}},"165":{"start":{"line":399,"column":4},"end":{"line":401,"column":5}},"166":{"start":{"line":400,"column":6},"end":{"line":400,"column":19}},"167":{"start":{"line":404,"column":4},"end":{"line":406,"column":5}},"168":{"start":{"line":405,"column":6},"end":{"line":405,"column":19}},"169":{"start":{"line":409,"column":4},"end":{"line":411,"column":5}},"170":{"start":{"line":410,"column":6},"end":{"line":410,"column":19}},"171":{"start":{"line":413,"column":13},"end":{"line":413,"column":28}},"172":{"start":{"line":414,"column":4},"end":{"line":414,"column":55}},"173":{"start":{"line":415,"column":4},"end":{"line":417,"column":5}},"174":{"start":{"line":416,"column":6},"end":{"line":416,"column":30}},"175":{"start":{"line":419,"column":4},"end":{"line":419,"column":33}},"176":{"start":{"line":421,"column":4},"end":{"line":421,"column":16}},"177":{"start":{"line":425,"column":16},"end":{"line":425,"column":27}},"178":{"start":{"line":426,"column":4},"end":{"line":426,"column":34}},"179":{"start":{"line":427,"column":4},"end":{"line":429,"column":5}},"180":{"start":{"line":428,"column":6},"end":{"line":428,"column":33}},"181":{"start":{"line":431,"column":4},"end":{"line":431,"column":33}},"182":{"start":{"line":433,"column":4},"end":{"line":433,"column":17}},"183":{"start":{"line":440,"column":6},"end":{"line":473,"column":7}},"184":{"start":{"line":442,"column":23},"end":{"line":442,"column":52}},"185":{"start":{"line":443,"column":10},"end":{"line":458,"column":11}},"186":{"start":{"line":443,"column":23},"end":{"line":443,"column":24}},"187":{"start":{"line":443,"column":32},"end":{"line":443,"column":45}},"188":{"start":{"line":444,"column":28},"end":{"line":451,"column":13}},"189":{"start":{"line":454,"column":12},"end":{"line":456,"column":13}},"190":{"start":{"line":455,"column":14},"end":{"line":455,"column":50}},"191":{"start":{"line":457,"column":12},"end":{"line":457,"column":34}},"192":{"start":{"line":460,"column":19},"end":{"line":466,"column":9}},"193":{"start":{"line":468,"column":8},"end":{"line":470,"column":9}},"194":{"start":{"line":469,"column":10},"end":{"line":469,"column":41}},"195":{"start":{"line":472,"column":8},"end":{"line":472,"column":25}},"196":{"start":{"line":476,"column":16},"end":{"line":476,"column":18}},"197":{"start":{"line":477,"column":13},"end":{"line":477,"column":17}},"198":{"start":{"line":478,"column":15},"end":{"line":478,"column":29}},"199":{"start":{"line":479,"column":22},"end":{"line":479,"column":44}},"200":{"start":{"line":480,"column":24},"end":{"line":480,"column":26}},"201":{"start":{"line":482,"column":4},"end":{"line":488,"column":5}},"202":{"start":{"line":483,"column":6},"end":{"line":483,"column":64}},"203":{"start":{"line":485,"column":2},"end":{"line":485,"column":26}},"204":{"start":{"line":486,"column":2},"end":{"line":486,"column":14}},"205":{"start":{"line":487,"column":2},"end":{"line":487,"column":21}},"206":{"start":{"line":489,"column":4},"end":{"line":546,"column":5}},"207":{"start":{"line":491,"column":12},"end":{"line":491,"column":30}},"208":{"start":{"line":492,"column":6},"end":{"line":492,"column":41}},"209":{"start":{"line":492,"column":22},"end":{"line":492,"column":29}},"210":{"start":{"line":492,"column":30},"end":{"line":492,"column":39}},"211":{"start":{"line":494,"column":18},"end":{"line":494,"column":26}},"212":{"start":{"line":495,"column":6},"end":{"line":497,"column":7}},"213":{"start":{"line":496,"column":8},"end":{"line":496,"column":17}},"214":{"start":{"line":499,"column":6},"end":{"line":545,"column":7}},"215":{"start":{"line":501,"column":21},"end":{"line":501,"column":44}},"216":{"start":{"line":502,"column":8},"end":{"line":510,"column":9}},"217":{"start":{"line":503,"column":12},"end":{"line":503,"column":59}},"218":{"start":{"line":506,"column":23},"end":{"line":506,"column":46}},"219":{"start":{"line":507,"column":10},"end":{"line":509,"column":11}},"220":{"start":{"line":508,"column":12},"end":{"line":508,"column":61}},"221":{"start":{"line":513,"column":8},"end":{"line":523,"column":9}},"222":{"start":{"line":514,"column":23},"end":{"line":514,"column":46}},"223":{"start":{"line":515,"column":10},"end":{"line":515,"column":38}},"224":{"start":{"line":515,"column":29},"end":{"line":515,"column":38}},"225":{"start":{"line":517,"column":10},"end":{"line":522,"column":11}},"226":{"start":{"line":519,"column":14},"end":{"line":519,"column":62}},"227":{"start":{"line":520,"column":17},"end":{"line":522,"column":11}},"228":{"start":{"line":521,"column":14},"end":{"line":521,"column":68}},"229":{"start":{"line":525,"column":8},"end":{"line":544,"column":9}},"230":{"start":{"line":525,"column":21},"end":{"line":525,"column":22}},"231":{"start":{"line":525,"column":30},"end":{"line":525,"column":62}},"232":{"start":{"line":526,"column":23},"end":{"line":526,"column":51}},"233":{"start":{"line":527,"column":23},"end":{"line":527,"column":24}},"234":{"start":{"line":529,"column":10},"end":{"line":543,"column":11}},"235":{"start":{"line":530,"column":12},"end":{"line":530,"column":29}},"236":{"start":{"line":531,"column":12},"end":{"line":531,"column":37}},"237":{"start":{"line":531,"column":31},"end":{"line":531,"column":37}},"238":{"start":{"line":533,"column":12},"end":{"line":539,"column":13}},"239":{"start":{"line":534,"column":14},"end":{"line":534,"column":61}},"240":{"start":{"line":536,"column":14},"end":{"line":536,"column":51}},"241":{"start":{"line":536,"column":45},"end":{"line":536,"column":51}},"242":{"start":{"line":537,"column":14},"end":{"line":537,"column":62}},"243":{"start":{"line":538,"column":14},"end":{"line":538,"column":20}},"244":{"start":{"line":542,"column":12},"end":{"line":542,"column":62}},"245":{"start":{"line":542,"column":56},"end":{"line":542,"column":62}},"246":{"start":{"line":549,"column":4},"end":{"line":561,"column":5}},"247":{"start":{"line":550,"column":26},"end":{"line":550,"column":35}},"248":{"start":{"line":551,"column":24},"end":{"line":551,"column":41}},"249":{"start":{"line":553,"column":6},"end":{"line":560,"column":7}},"250":{"start":{"line":558,"column":8},"end":{"line":559,"column":36}},"251":{"start":{"line":564,"column":4},"end":{"line":577,"column":5}},"252":{"start":{"line":565,"column":26},"end":{"line":565,"column":35}},"253":{"start":{"line":566,"column":24},"end":{"line":566,"column":41}},"254":{"start":{"line":568,"column":6},"end":{"line":576,"column":7}},"255":{"start":{"line":574,"column":8},"end":{"line":575,"column":36}},"256":{"start":{"line":580,"column":4},"end":{"line":582,"column":5}},"257":{"start":{"line":581,"column":6},"end":{"line":581,"column":31}},"258":{"start":{"line":587,"column":4},"end":{"line":589,"column":5}},"259":{"start":{"line":588,"column":6},"end":{"line":588,"column":19}},"260":{"start":{"line":592,"column":22},"end":{"line":592,"column":24}},"261":{"start":{"line":593,"column":4},"end":{"line":599,"column":5}},"262":{"start":{"line":593,"column":17},"end":{"line":593,"column":18}},"263":{"start":{"line":593,"column":26},"end":{"line":593,"column":38}},"264":{"start":{"line":594,"column":6},"end":{"line":594,"column":26}},"265":{"start":{"line":595,"column":6},"end":{"line":597,"column":7}},"266":{"start":{"line":596,"column":8},"end":{"line":596,"column":35}},"267":{"start":{"line":598,"column":6},"end":{"line":598,"column":18}},"268":{"start":{"line":601,"column":4},"end":{"line":601,"column":23}},"269":{"start":{"line":608,"column":17},"end":{"line":608,"column":19}},"270":{"start":{"line":610,"column":4},"end":{"line":633,"column":5}},"271":{"start":{"line":611,"column":6},"end":{"line":611,"column":21}},"272":{"start":{"line":612,"column":11},"end":{"line":633,"column":5}},"273":{"start":{"line":613,"column":6},"end":{"line":613,"column":23}},"274":{"start":{"line":615,"column":26},"end":{"line":615,"column":49}},"275":{"start":{"line":617,"column":6},"end":{"line":619,"column":7}},"276":{"start":{"line":618,"column":8},"end":{"line":618,"column":59}},"277":{"start":{"line":621,"column":6},"end":{"line":626,"column":7}},"278":{"start":{"line":622,"column":8},"end":{"line":624,"column":9}},"279":{"start":{"line":623,"column":10},"end":{"line":623,"column":44}},"280":{"start":{"line":625,"column":8},"end":{"line":625,"column":22}},"281":{"start":{"line":628,"column":6},"end":{"line":628,"column":35}},"282":{"start":{"line":630,"column":6},"end":{"line":632,"column":7}},"283":{"start":{"line":631,"column":8},"end":{"line":631,"column":53}},"284":{"start":{"line":635,"column":4},"end":{"line":635,"column":20}},"285":{"start":{"line":636,"column":4},"end":{"line":642,"column":5}},"286":{"start":{"line":637,"column":6},"end":{"line":641,"column":7}},"287":{"start":{"line":638,"column":8},"end":{"line":638,"column":22}},"288":{"start":{"line":640,"column":8},"end":{"line":640,"column":22}},"289":{"start":{"line":643,"column":4},"end":{"line":643,"column":16}},"290":{"start":{"line":645,"column":4},"end":{"line":645,"column":18}},"291":{"start":{"line":649,"column":4},"end":{"line":684,"column":5}},"292":{"start":{"line":649,"column":17},"end":{"line":649,"column":27}},"293":{"start":{"line":651,"column":6},"end":{"line":651,"column":41}},"294":{"start":{"line":651,"column":22},"end":{"line":651,"column":29}},"295":{"start":{"line":651,"column":30},"end":{"line":651,"column":39}},"296":{"start":{"line":654,"column":6},"end":{"line":654,"column":64}},"297":{"start":{"line":654,"column":55},"end":{"line":654,"column":64}},"298":{"start":{"line":656,"column":18},"end":{"line":656,"column":26}},"299":{"start":{"line":657,"column":23},"end":{"line":657,"column":33}},"300":{"start":{"line":658,"column":18},"end":{"line":658,"column":34}},"301":{"start":{"line":660,"column":6},"end":{"line":683,"column":7}},"302":{"start":{"line":661,"column":8},"end":{"line":668,"column":9}},"303":{"start":{"line":662,"column":10},"end":{"line":666,"column":11}},"304":{"start":{"line":663,"column":12},"end":{"line":663,"column":50}},"305":{"start":{"line":663,"column":38},"end":{"line":663,"column":50}},"306":{"start":{"line":665,"column":12},"end":{"line":665,"column":50}},"307":{"start":{"line":665,"column":38},"end":{"line":665,"column":50}},"308":{"start":{"line":667,"column":10},"end":{"line":667,"column":19}},"309":{"start":{"line":671,"column":8},"end":{"line":671,"column":64}},"310":{"start":{"line":671,"column":52},"end":{"line":671,"column":64}},"311":{"start":{"line":673,"column":21},"end":{"line":673,"column":32}},"312":{"start":{"line":674,"column":16},"end":{"line":674,"column":26}},"313":{"start":{"line":676,"column":22},"end":{"line":676,"column":27}},"314":{"start":{"line":677,"column":8},"end":{"line":680,"column":9}},"315":{"start":{"line":678,"column":10},"end":{"line":678,"column":58}},"316":{"start":{"line":678,"column":34},"end":{"line":678,"column":49}},"317":{"start":{"line":678,"column":50},"end":{"line":678,"column":56}},"318":{"start":{"line":679,"column":10},"end":{"line":679,"column":22}},"319":{"start":{"line":682,"column":8},"end":{"line":682,"column":34}},"320":{"start":{"line":682,"column":22},"end":{"line":682,"column":34}},"321":{"start":{"line":686,"column":4},"end":{"line":686,"column":17}},"322":{"start":{"line":690,"column":4},"end":{"line":690,"column":53}},"323":{"start":{"line":694,"column":4},"end":{"line":694,"column":31}},"324":{"start":{"line":698,"column":4},"end":{"line":698,"column":53}},"325":{"start":{"line":702,"column":4},"end":{"line":702,"column":54}},"326":{"start":{"line":706,"column":17},"end":{"line":706,"column":19}},"327":{"start":{"line":707,"column":21},"end":{"line":707,"column":22}},"328":{"start":{"line":709,"column":4},"end":{"line":718,"column":5}},"329":{"start":{"line":709,"column":17},"end":{"line":709,"column":27}},"330":{"start":{"line":710,"column":6},"end":{"line":710,"column":41}},"331":{"start":{"line":710,"column":22},"end":{"line":710,"column":29}},"332":{"start":{"line":710,"column":30},"end":{"line":710,"column":39}},"333":{"start":{"line":712,"column":18},"end":{"line":712,"column":26}},"334":{"start":{"line":713,"column":6},"end":{"line":717,"column":7}},"335":{"start":{"line":714,"column":8},"end":{"line":715,"column":57}},"336":{"start":{"line":716,"column":8},"end":{"line":716,"column":21}},"337":{"start":{"line":721,"column":4},"end":{"line":725,"column":71}},"338":{"start":{"line":721,"column":27},"end":{"line":721,"column":39}},"339":{"start":{"line":724,"column":9},"end":{"line":725,"column":71}},"340":{"start":{"line":725,"column":57},"end":{"line":725,"column":69}},"341":{"start":{"line":729,"column":4},"end":{"line":729,"column":17}},"342":{"start":{"line":738,"column":16},"end":{"line":738,"column":18}},"343":{"start":{"line":739,"column":20},"end":{"line":739,"column":22}},"344":{"start":{"line":740,"column":21},"end":{"line":740,"column":26}},"345":{"start":{"line":742,"column":4},"end":{"line":746,"column":5}},"346":{"start":{"line":743,"column":17},"end":{"line":743,"column":28}},"347":{"start":{"line":744,"column":6},"end":{"line":744,"column":23}},"348":{"start":{"line":744,"column":17},"end":{"line":744,"column":23}},"349":{"start":{"line":745,"column":6},"end":{"line":745,"column":23}},"350":{"start":{"line":748,"column":4},"end":{"line":763,"column":5}},"351":{"start":{"line":751,"column":16},"end":{"line":751,"column":62}},"352":{"start":{"line":754,"column":6},"end":{"line":754,"column":67}},"353":{"start":{"line":755,"column":6},"end":{"line":757,"column":7}},"354":{"start":{"line":756,"column":8},"end":{"line":756,"column":26}},"355":{"start":{"line":759,"column":6},"end":{"line":761,"column":7}},"356":{"start":{"line":760,"column":8},"end":{"line":760,"column":14}},"357":{"start":{"line":762,"column":6},"end":{"line":762,"column":29}},"358":{"start":{"line":765,"column":4},"end":{"line":765,"column":22}},"359":{"start":{"line":769,"column":4},"end":{"line":777,"column":7}},"360":{"start":{"line":781,"column":13},"end":{"line":781,"column":17}},"361":{"start":{"line":782,"column":15},"end":{"line":782,"column":29}},"362":{"start":{"line":783,"column":4},"end":{"line":783,"column":15}},"363":{"start":{"line":785,"column":4},"end":{"line":785,"column":38}},"364":{"start":{"line":786,"column":4},"end":{"line":786,"column":28}},"365":{"start":{"line":789,"column":4},"end":{"line":795,"column":5}},"366":{"start":{"line":790,"column":6},"end":{"line":794,"column":7}},"367":{"start":{"line":791,"column":8},"end":{"line":791,"column":35}},"368":{"start":{"line":793,"column":8},"end":{"line":793,"column":35}},"369":{"start":{"line":798,"column":4},"end":{"line":800,"column":5}},"370":{"start":{"line":799,"column":6},"end":{"line":799,"column":57}},"371":{"start":{"line":803,"column":4},"end":{"line":821,"column":5}},"372":{"start":{"line":804,"column":6},"end":{"line":804,"column":44}},"373":{"start":{"line":807,"column":6},"end":{"line":817,"column":7}},"374":{"start":{"line":808,"column":26},"end":{"line":808,"column":37}},"375":{"start":{"line":809,"column":28},"end":{"line":809,"column":39}},"376":{"start":{"line":810,"column":8},"end":{"line":810,"column":50}},"377":{"start":{"line":811,"column":8},"end":{"line":811,"column":36}},"378":{"start":{"line":812,"column":13},"end":{"line":817,"column":7}},"379":{"start":{"line":813,"column":26},"end":{"line":813,"column":37}},"380":{"start":{"line":814,"column":28},"end":{"line":814,"column":39}},"381":{"start":{"line":815,"column":8},"end":{"line":815,"column":50}},"382":{"start":{"line":816,"column":8},"end":{"line":816,"column":36}},"383":{"start":{"line":820,"column":6},"end":{"line":820,"column":26}},"384":{"start":{"line":824,"column":4},"end":{"line":833,"column":5}},"385":{"start":{"line":826,"column":6},"end":{"line":832,"column":7}},"386":{"start":{"line":826,"column":19},"end":{"line":826,"column":20}},"387":{"start":{"line":826,"column":28},"end":{"line":826,"column":46}},"388":{"start":{"line":827,"column":8},"end":{"line":831,"column":9}},"389":{"start":{"line":828,"column":10},"end":{"line":829,"column":50}},"390":{"start":{"line":830,"column":10},"end":{"line":830,"column":16}},"391":{"start":{"line":836,"column":4},"end":{"line":844,"column":5}},"392":{"start":{"line":837,"column":6},"end":{"line":843,"column":7}},"393":{"start":{"line":837,"column":19},"end":{"line":837,"column":20}},"394":{"start":{"line":837,"column":28},"end":{"line":837,"column":46}},"395":{"start":{"line":838,"column":8},"end":{"line":842,"column":9}},"396":{"start":{"line":839,"column":10},"end":{"line":840,"column":50}},"397":{"start":{"line":841,"column":10},"end":{"line":841,"column":16}},"398":{"start":{"line":847,"column":4},"end":{"line":855,"column":5}},"399":{"start":{"line":848,"column":6},"end":{"line":852,"column":7}},"400":{"start":{"line":849,"column":8},"end":{"line":849,"column":33}},"401":{"start":{"line":851,"column":8},"end":{"line":851,"column":33}},"402":{"start":{"line":854,"column":6},"end":{"line":854,"column":24}},"403":{"start":{"line":858,"column":4},"end":{"line":864,"column":5}},"404":{"start":{"line":859,"column":6},"end":{"line":859,"column":21}},"405":{"start":{"line":860,"column":11},"end":{"line":864,"column":5}},"406":{"start":{"line":861,"column":6},"end":{"line":861,"column":21}},"407":{"start":{"line":863,"column":6},"end":{"line":863,"column":19}},"408":{"start":{"line":866,"column":4},"end":{"line":868,"column":5}},"409":{"start":{"line":867,"column":6},"end":{"line":867,"column":20}},"410":{"start":{"line":869,"column":4},"end":{"line":869,"column":28}},"411":{"start":{"line":873,"column":14},"end":{"line":873,"column":27}},"412":{"start":{"line":874,"column":4},"end":{"line":874,"column":37}},"413":{"start":{"line":874,"column":23},"end":{"line":874,"column":35}},"414":{"start":{"line":876,"column":15},"end":{"line":876,"column":23}},"415":{"start":{"line":877,"column":4},"end":{"line":877,"column":22}},"416":{"start":{"line":878,"column":4},"end":{"line":878,"column":20}},"417":{"start":{"line":879,"column":4},"end":{"line":879,"column":28}},"418":{"start":{"line":880,"column":4},"end":{"line":880,"column":30}},"419":{"start":{"line":881,"column":4},"end":{"line":881,"column":32}},"420":{"start":{"line":882,"column":4},"end":{"line":882,"column":34}},"421":{"start":{"line":884,"column":13},"end":{"line":884,"column":17}},"422":{"start":{"line":885,"column":15},"end":{"line":885,"column":31}},"423":{"start":{"line":887,"column":4},"end":{"line":887,"column":38}},"424":{"start":{"line":888,"column":4},"end":{"line":888,"column":38}},"425":{"start":{"line":889,"column":4},"end":{"line":889,"column":26}},"426":{"start":{"line":891,"column":4},"end":{"line":901,"column":5}},"427":{"start":{"line":892,"column":6},"end":{"line":892,"column":58}},"428":{"start":{"line":893,"column":11},"end":{"line":901,"column":5}},"429":{"start":{"line":895,"column":6},"end":{"line":899,"column":7}},"430":{"start":{"line":896,"column":8},"end":{"line":896,"column":29}},"431":{"start":{"line":898,"column":8},"end":{"line":898,"column":29}},"432":{"start":{"line":900,"column":6},"end":{"line":900,"column":47}},"433":{"start":{"line":904,"column":4},"end":{"line":916,"column":5}},"434":{"start":{"line":906,"column":6},"end":{"line":912,"column":7}},"435":{"start":{"line":907,"column":8},"end":{"line":907,"column":34}},"436":{"start":{"line":908,"column":8},"end":{"line":908,"column":36}},"437":{"start":{"line":909,"column":13},"end":{"line":912,"column":7}},"438":{"start":{"line":910,"column":8},"end":{"line":910,"column":34}},"439":{"start":{"line":911,"column":8},"end":{"line":911,"column":36}},"440":{"start":{"line":914,"column":6},"end":{"line":914,"column":48}},"441":{"start":{"line":915,"column":6},"end":{"line":915,"column":34}},"442":{"start":{"line":918,"column":4},"end":{"line":918,"column":16}},"443":{"start":{"line":923,"column":16},"end":{"line":923,"column":32}},"444":{"start":{"line":925,"column":15},"end":{"line":925,"column":24}},"445":{"start":{"line":926,"column":13},"end":{"line":926,"column":20}},"446":{"start":{"line":927,"column":16},"end":{"line":927,"column":26}},"447":{"start":{"line":929,"column":22},"end":{"line":929,"column":23}},"448":{"start":{"line":930,"column":20},"end":{"line":930,"column":21}},"449":{"start":{"line":931,"column":20},"end":{"line":931,"column":21}},"450":{"start":{"line":933,"column":4},"end":{"line":952,"column":5}},"451":{"start":{"line":933,"column":17},"end":{"line":933,"column":18}},"452":{"start":{"line":933,"column":26},"end":{"line":933,"column":38}},"453":{"start":{"line":934,"column":23},"end":{"line":934,"column":36}},"454":{"start":{"line":935,"column":21},"end":{"line":935,"column":32}},"455":{"start":{"line":936,"column":24},"end":{"line":936,"column":38}},"456":{"start":{"line":941,"column":6},"end":{"line":951,"column":7}},"457":{"start":{"line":942,"column":8},"end":{"line":942,"column":22}},"458":{"start":{"line":944,"column":8},"end":{"line":946,"column":9}},"459":{"start":{"line":945,"column":10},"end":{"line":945,"column":22}},"460":{"start":{"line":948,"column":8},"end":{"line":950,"column":9}},"461":{"start":{"line":949,"column":10},"end":{"line":949,"column":22}},"462":{"start":{"line":954,"column":4},"end":{"line":971,"column":5}},"463":{"start":{"line":958,"column":6},"end":{"line":970,"column":7}},"464":{"start":{"line":959,"column":8},"end":{"line":959,"column":31}},"465":{"start":{"line":964,"column":11},"end":{"line":970,"column":7}},"466":{"start":{"line":965,"column":8},"end":{"line":965,"column":41}},"467":{"start":{"line":969,"column":8},"end":{"line":969,"column":41}},"468":{"start":{"line":973,"column":4},"end":{"line":973,"column":14}},"469":{"start":{"line":977,"column":12},"end":{"line":977,"column":45}},"470":{"start":{"line":978,"column":4},"end":{"line":999,"column":5}},"471":{"start":{"line":978,"column":17},"end":{"line":978,"column":27}},"472":{"start":{"line":980,"column":6},"end":{"line":982,"column":7}},"473":{"start":{"line":981,"column":8},"end":{"line":981,"column":46}},"474":{"start":{"line":985,"column":6},"end":{"line":993,"column":7}},"475":{"start":{"line":986,"column":8},"end":{"line":986,"column":19}},"476":{"start":{"line":988,"column":20},"end":{"line":988,"column":33}},"477":{"start":{"line":989,"column":20},"end":{"line":989,"column":34}},"478":{"start":{"line":990,"column":21},"end":{"line":991,"column":62}},"479":{"start":{"line":992,"column":8},"end":{"line":992,"column":32}},"480":{"start":{"line":995,"column":6},"end":{"line":998,"column":7}},"481":{"start":{"line":996,"column":8},"end":{"line":996,"column":19}},"482":{"start":{"line":997,"column":8},"end":{"line":997,"column":15}},"483":{"start":{"line":1000,"column":4},"end":{"line":1000,"column":43}},"484":{"start":{"line":1001,"column":4},"end":{"line":1001,"column":41}},"485":{"start":{"line":1003,"column":4},"end":{"line":1003,"column":13}},"486":{"start":{"line":1010,"column":4},"end":{"line":1010,"column":18}},"487":{"start":{"line":1014,"column":4},"end":{"line":1014,"column":18}},"488":{"start":{"line":1018,"column":12},"end":{"line":1018,"column":19}},"489":{"start":{"line":1018,"column":25},"end":{"line":1018,"column":32}},"490":{"start":{"line":1019,"column":4},"end":{"line":1019,"column":69}},"491":{"start":{"line":1023,"column":4},"end":{"line":1023,"column":38}},"492":{"start":{"line":1027,"column":4},"end":{"line":1027,"column":40}},"493":{"start":{"line":1032,"column":15},"end":{"line":1032,"column":31}},"494":{"start":{"line":1033,"column":4},"end":{"line":1033,"column":33}},"495":{"start":{"line":1034,"column":4},"end":{"line":1034,"column":33}},"496":{"start":{"line":1035,"column":4},"end":{"line":1035,"column":37}},"497":{"start":{"line":1037,"column":16},"end":{"line":1037,"column":18}},"498":{"start":{"line":1039,"column":4},"end":{"line":1043,"column":5}},"499":{"start":{"line":1040,"column":6},"end":{"line":1042,"column":7}},"500":{"start":{"line":1041,"column":8},"end":{"line":1041,"column":29}},"501":{"start":{"line":1044,"column":4},"end":{"line":1044,"column":23}},"502":{"start":{"line":1046,"column":4},"end":{"line":1046,"column":16}},"503":{"start":{"line":1050,"column":15},"end":{"line":1050,"column":47}},"504":{"start":{"line":1052,"column":4},"end":{"line":1058,"column":5}},"505":{"start":{"line":1053,"column":6},"end":{"line":1057,"column":7}},"506":{"start":{"line":1054,"column":8},"end":{"line":1054,"column":46}},"507":{"start":{"line":1056,"column":8},"end":{"line":1056,"column":39}},"508":{"start":{"line":1060,"column":4},"end":{"line":1060,"column":16}},"509":{"start":{"line":1064,"column":4},"end":{"line":1064,"column":41}},"510":{"start":{"line":1071,"column":16},"end":{"line":1071,"column":46}},"511":{"start":{"line":1072,"column":16},"end":{"line":1072,"column":17}},"512":{"start":{"line":1073,"column":16},"end":{"line":1073,"column":20}},"513":{"start":{"line":1075,"column":4},"end":{"line":1086,"column":5}},"514":{"start":{"line":1075,"column":17},"end":{"line":1075,"column":18}},"515":{"start":{"line":1075,"column":26},"end":{"line":1075,"column":38}},"516":{"start":{"line":1076,"column":6},"end":{"line":1076,"column":26}},"517":{"start":{"line":1077,"column":6},"end":{"line":1084,"column":7}},"518":{"start":{"line":1078,"column":8},"end":{"line":1083,"column":9}},"519":{"start":{"line":1079,"column":28},"end":{"line":1079,"column":44}},"520":{"start":{"line":1080,"column":10},"end":{"line":1080,"column":31}},"521":{"start":{"line":1082,"column":10},"end":{"line":1082,"column":18}},"522":{"start":{"line":1085,"column":6},"end":{"line":1085,"column":18}},"523":{"start":{"line":1088,"column":4},"end":{"line":1088,"column":17}},"524":{"start":{"line":1091,"column":2},"end":{"line":1541,"column":3}},"525":{"start":{"line":1110,"column":27},"end":{"line":1110,"column":29}},"526":{"start":{"line":1111,"column":16},"end":{"line":1114,"column":17}},"527":{"start":{"line":1111,"column":29},"end":{"line":1111,"column":39}},"528":{"start":{"line":1112,"column":18},"end":{"line":1112,"column":53}},"529":{"start":{"line":1112,"column":34},"end":{"line":1112,"column":41}},"530":{"start":{"line":1112,"column":42},"end":{"line":1112,"column":51}},"531":{"start":{"line":1113,"column":18},"end":{"line":1113,"column":42}},"532":{"start":{"line":1115,"column":16},"end":{"line":1115,"column":28}},"533":{"start":{"line":1123,"column":6},"end":{"line":1123,"column":23}},"534":{"start":{"line":1127,"column":6},"end":{"line":1127,"column":21}},"535":{"start":{"line":1138,"column":6},"end":{"line":1142,"column":7}},"536":{"start":{"line":1139,"column":8},"end":{"line":1139,"column":38}},"537":{"start":{"line":1141,"column":8},"end":{"line":1141,"column":61}},"538":{"start":{"line":1143,"column":18},"end":{"line":1143,"column":20}},"539":{"start":{"line":1145,"column":6},"end":{"line":1156,"column":7}},"540":{"start":{"line":1145,"column":19},"end":{"line":1145,"column":20}},"541":{"start":{"line":1145,"column":28},"end":{"line":1145,"column":45}},"542":{"start":{"line":1150,"column":8},"end":{"line":1155,"column":9}},"543":{"start":{"line":1152,"column":10},"end":{"line":1152,"column":49}},"544":{"start":{"line":1154,"column":10},"end":{"line":1154,"column":49}},"545":{"start":{"line":1158,"column":6},"end":{"line":1158,"column":19}},"546":{"start":{"line":1162,"column":6},"end":{"line":1162,"column":24}},"547":{"start":{"line":1166,"column":6},"end":{"line":1166,"column":28}},"548":{"start":{"line":1170,"column":6},"end":{"line":1170,"column":28}},"549":{"start":{"line":1174,"column":6},"end":{"line":1177,"column":39}},"550":{"start":{"line":1181,"column":6},"end":{"line":1181,"column":37}},"551":{"start":{"line":1185,"column":6},"end":{"line":1185,"column":39}},"552":{"start":{"line":1189,"column":6},"end":{"line":1193,"column":39}},"553":{"start":{"line":1197,"column":6},"end":{"line":1197,"column":31}},"554":{"start":{"line":1201,"column":6},"end":{"line":1201,"column":28}},"555":{"start":{"line":1208,"column":20},"end":{"line":1210,"column":48}},"556":{"start":{"line":1211,"column":22},"end":{"line":1213,"column":44}},"557":{"start":{"line":1214,"column":19},"end":{"line":1214,"column":21}},"558":{"start":{"line":1215,"column":26},"end":{"line":1215,"column":31}},"559":{"start":{"line":1218,"column":6},"end":{"line":1224,"column":7}},"560":{"start":{"line":1222,"column":8},"end":{"line":1222,"column":67}},"561":{"start":{"line":1223,"column":8},"end":{"line":1223,"column":29}},"562":{"start":{"line":1226,"column":6},"end":{"line":1228,"column":7}},"563":{"start":{"line":1227,"column":8},"end":{"line":1227,"column":29}},"564":{"start":{"line":1231,"column":29},"end":{"line":1231,"column":31}},"565":{"start":{"line":1232,"column":6},"end":{"line":1234,"column":7}},"566":{"start":{"line":1233,"column":8},"end":{"line":1233,"column":43}},"567":{"start":{"line":1236,"column":18},"end":{"line":1236,"column":20}},"568":{"start":{"line":1237,"column":24},"end":{"line":1237,"column":26}},"569":{"start":{"line":1238,"column":28},"end":{"line":1238,"column":29}},"570":{"start":{"line":1241,"column":6},"end":{"line":1259,"column":7}},"571":{"start":{"line":1242,"column":19},"end":{"line":1242,"column":41}},"572":{"start":{"line":1245,"column":8},"end":{"line":1255,"column":9}},"573":{"start":{"line":1246,"column":10},"end":{"line":1246,"column":33}},"574":{"start":{"line":1247,"column":10},"end":{"line":1247,"column":28}},"575":{"start":{"line":1248,"column":15},"end":{"line":1255,"column":9}},"576":{"start":{"line":1250,"column":10},"end":{"line":1252,"column":11}},"577":{"start":{"line":1251,"column":12},"end":{"line":1251,"column":36}},"578":{"start":{"line":1253,"column":10},"end":{"line":1253,"column":46}},"579":{"start":{"line":1254,"column":10},"end":{"line":1254,"column":28}},"580":{"start":{"line":1257,"column":8},"end":{"line":1257,"column":60}},"581":{"start":{"line":1258,"column":8},"end":{"line":1258,"column":24}},"582":{"start":{"line":1262,"column":6},"end":{"line":1264,"column":7}},"583":{"start":{"line":1263,"column":8},"end":{"line":1263,"column":32}},"584":{"start":{"line":1267,"column":6},"end":{"line":1269,"column":7}},"585":{"start":{"line":1268,"column":8},"end":{"line":1268,"column":34}},"586":{"start":{"line":1274,"column":6},"end":{"line":1276,"column":7}},"587":{"start":{"line":1275,"column":8},"end":{"line":1275,"column":49}},"588":{"start":{"line":1279,"column":26},"end":{"line":1279,"column":27}},"589":{"start":{"line":1280,"column":6},"end":{"line":1297,"column":7}},"590":{"start":{"line":1280,"column":19},"end":{"line":1280,"column":20}},"591":{"start":{"line":1282,"column":8},"end":{"line":1294,"column":9}},"592":{"start":{"line":1285,"column":10},"end":{"line":1287,"column":11}},"593":{"start":{"line":1286,"column":12},"end":{"line":1286,"column":25}},"594":{"start":{"line":1289,"column":10},"end":{"line":1289,"column":31}},"595":{"start":{"line":1290,"column":10},"end":{"line":1290,"column":28}},"596":{"start":{"line":1291,"column":15},"end":{"line":1294,"column":9}},"597":{"start":{"line":1292,"column":10},"end":{"line":1292,"column":27}},"598":{"start":{"line":1293,"column":10},"end":{"line":1293,"column":26}},"599":{"start":{"line":1295,"column":8},"end":{"line":1295,"column":30}},"600":{"start":{"line":1296,"column":8},"end":{"line":1296,"column":41}},"601":{"start":{"line":1299,"column":6},"end":{"line":1299,"column":29}},"602":{"start":{"line":1304,"column":8},"end":{"line":1304,"column":41}},"603":{"start":{"line":1311,"column":20},"end":{"line":1311,"column":36}},"604":{"start":{"line":1312,"column":8},"end":{"line":1316,"column":9}},"605":{"start":{"line":1312,"column":21},"end":{"line":1312,"column":22}},"606":{"start":{"line":1312,"column":30},"end":{"line":1312,"column":42}},"607":{"start":{"line":1313,"column":10},"end":{"line":1315,"column":11}},"608":{"start":{"line":1314,"column":12},"end":{"line":1314,"column":28}},"609":{"start":{"line":1317,"column":8},"end":{"line":1317,"column":20}},"610":{"start":{"line":1321,"column":8},"end":{"line":1321,"column":41}},"611":{"start":{"line":1325,"column":23},"end":{"line":1325,"column":28}},"612":{"start":{"line":1326,"column":8},"end":{"line":1328,"column":9}},"613":{"start":{"line":1327,"column":10},"end":{"line":1327,"column":26}},"614":{"start":{"line":1329,"column":8},"end":{"line":1329,"column":24}},"615":{"start":{"line":1333,"column":27},"end":{"line":1335,"column":55}},"616":{"start":{"line":1336,"column":25},"end":{"line":1336,"column":27}},"617":{"start":{"line":1337,"column":22},"end":{"line":1337,"column":48}},"618":{"start":{"line":1338,"column":18},"end":{"line":1338,"column":20}},"619":{"start":{"line":1339,"column":20},"end":{"line":1339,"column":22}},"620":{"start":{"line":1341,"column":8},"end":{"line":1347,"column":9}},"621":{"start":{"line":1341,"column":21},"end":{"line":1341,"column":22}},"622":{"start":{"line":1342,"column":10},"end":{"line":1342,"column":71}},"623":{"start":{"line":1343,"column":10},"end":{"line":1343,"column":70}},"624":{"start":{"line":1344,"column":10},"end":{"line":1346,"column":11}},"625":{"start":{"line":1345,"column":12},"end":{"line":1345,"column":36}},"626":{"start":{"line":1349,"column":8},"end":{"line":1349,"column":26}},"627":{"start":{"line":1352,"column":25},"end":{"line":1354,"column":53}},"628":{"start":{"line":1355,"column":20},"end":{"line":1357,"column":74}},"629":{"start":{"line":1360,"column":26},"end":{"line":1360,"column":50}},"630":{"start":{"line":1363,"column":6},"end":{"line":1365,"column":7}},"631":{"start":{"line":1364,"column":8},"end":{"line":1364,"column":27}},"632":{"start":{"line":1367,"column":5},"end":{"line":1367,"column":13}},"633":{"start":{"line":1370,"column":20},"end":{"line":1370,"column":60}},"634":{"start":{"line":1371,"column":6},"end":{"line":1373,"column":7}},"635":{"start":{"line":1372,"column":8},"end":{"line":1372,"column":40}},"636":{"start":{"line":1376,"column":15},"end":{"line":1376,"column":95}},"637":{"start":{"line":1379,"column":6},"end":{"line":1379,"column":44}},"638":{"start":{"line":1382,"column":6},"end":{"line":1382,"column":36}},"639":{"start":{"line":1386,"column":18},"end":{"line":1386,"column":51}},"640":{"start":{"line":1389,"column":6},"end":{"line":1389,"column":62}},"641":{"start":{"line":1390,"column":17},"end":{"line":1390,"column":19}},"642":{"start":{"line":1392,"column":6},"end":{"line":1403,"column":7}},"643":{"start":{"line":1392,"column":27},"end":{"line":1392,"column":28}},"644":{"start":{"line":1393,"column":8},"end":{"line":1393,"column":46}},"645":{"start":{"line":1398,"column":8},"end":{"line":1402,"column":9}},"646":{"start":{"line":1399,"column":10},"end":{"line":1399,"column":23}},"647":{"start":{"line":1401,"column":10},"end":{"line":1401,"column":26}},"648":{"start":{"line":1406,"column":6},"end":{"line":1406,"column":37}},"649":{"start":{"line":1407,"column":6},"end":{"line":1419,"column":7}},"650":{"start":{"line":1408,"column":8},"end":{"line":1410,"column":9}},"651":{"start":{"line":1409,"column":10},"end":{"line":1409,"column":39}},"652":{"start":{"line":1413,"column":8},"end":{"line":1413,"column":34}},"653":{"start":{"line":1414,"column":8},"end":{"line":1418,"column":9}},"654":{"start":{"line":1415,"column":10},"end":{"line":1415,"column":23}},"655":{"start":{"line":1417,"column":10},"end":{"line":1417,"column":26}},"656":{"start":{"line":1420,"column":6},"end":{"line":1420,"column":18}},"657":{"start":{"line":1424,"column":6},"end":{"line":1424,"column":35}},"658":{"start":{"line":1428,"column":6},"end":{"line":1428,"column":21}},"659":{"start":{"line":1432,"column":6},"end":{"line":1432,"column":18}},"660":{"start":{"line":1445,"column":21},"end":{"line":1445,"column":25}},"661":{"start":{"line":1446,"column":18},"end":{"line":1446,"column":34}},"662":{"start":{"line":1448,"column":6},"end":{"line":1467,"column":7}},"663":{"start":{"line":1450,"column":8},"end":{"line":1455,"column":9}},"664":{"start":{"line":1450,"column":21},"end":{"line":1450,"column":22}},"665":{"start":{"line":1450,"column":30},"end":{"line":1450,"column":42}},"666":{"start":{"line":1451,"column":10},"end":{"line":1454,"column":11}},"667":{"start":{"line":1452,"column":12},"end":{"line":1452,"column":32}},"668":{"start":{"line":1453,"column":12},"end":{"line":1453,"column":18}},"669":{"start":{"line":1456,"column":13},"end":{"line":1467,"column":7}},"670":{"start":{"line":1458,"column":8},"end":{"line":1466,"column":9}},"671":{"start":{"line":1458,"column":21},"end":{"line":1458,"column":22}},"672":{"start":{"line":1458,"column":30},"end":{"line":1458,"column":42}},"673":{"start":{"line":1459,"column":10},"end":{"line":1465,"column":11}},"674":{"start":{"line":1463,"column":12},"end":{"line":1463,"column":32}},"675":{"start":{"line":1464,"column":12},"end":{"line":1464,"column":18}},"676":{"start":{"line":1470,"column":6},"end":{"line":1472,"column":7}},"677":{"start":{"line":1471,"column":8},"end":{"line":1471,"column":20}},"678":{"start":{"line":1477,"column":24},"end":{"line":1477,"column":45}},"679":{"start":{"line":1479,"column":6},"end":{"line":1479,"column":26}},"680":{"start":{"line":1481,"column":6},"end":{"line":1481,"column":25}},"681":{"start":{"line":1485,"column":17},"end":{"line":1485,"column":28}},"682":{"start":{"line":1486,"column":6},"end":{"line":1486,"column":47}},"683":{"start":{"line":1490,"column":6},"end":{"line":1490,"column":21}},"684":{"start":{"line":1494,"column":6},"end":{"line":1494,"column":32}},"685":{"start":{"line":1498,"column":6},"end":{"line":1498,"column":25}},"686":{"start":{"line":1502,"column":6},"end":{"line":1502,"column":28}},"687":{"start":{"line":1506,"column":6},"end":{"line":1506,"column":26}},"688":{"start":{"line":1510,"column":6},"end":{"line":1513,"column":7}},"689":{"start":{"line":1511,"column":22},"end":{"line":1511,"column":37}},"690":{"start":{"line":1512,"column":8},"end":{"line":1512,"column":77}},"691":{"start":{"line":1515,"column":6},"end":{"line":1515,"column":18}},"692":{"start":{"line":1519,"column":29},"end":{"line":1519,"column":31}},"693":{"start":{"line":1520,"column":25},"end":{"line":1520,"column":27}},"694":{"start":{"line":1521,"column":21},"end":{"line":1522,"column":36}},"695":{"start":{"line":1524,"column":6},"end":{"line":1526,"column":7}},"696":{"start":{"line":1525,"column":8},"end":{"line":1525,"column":43}},"697":{"start":{"line":1528,"column":6},"end":{"line":1536,"column":7}},"698":{"start":{"line":1529,"column":19},"end":{"line":1529,"column":41}},"699":{"start":{"line":1530,"column":8},"end":{"line":1534,"column":9}},"700":{"start":{"line":1531,"column":10},"end":{"line":1531,"column":47}},"701":{"start":{"line":1533,"column":10},"end":{"line":1533,"column":47}},"702":{"start":{"line":1535,"column":8},"end":{"line":1535,"column":24}},"703":{"start":{"line":1538,"column":6},"end":{"line":1538,"column":26}},"704":{"start":{"line":1546,"column":0},"end":{"line":1546,"column":57}},"705":{"start":{"line":1546,"column":35},"end":{"line":1546,"column":57}}},"fnMap":{"0":{"name":"(anonymous_0)","decl":{"start":{"line":32,"column":12},"end":{"line":32,"column":13}},"loc":{"start":{"line":32,"column":26},"end":{"line":1542,"column":1}},"line":32},"1":{"name":"clear","decl":{"start":{"line":169,"column":11},"end":{"line":169,"column":16}},"loc":{"start":{"line":169,"column":19},"end":{"line":180,"column":3}},"line":169},"2":{"name":"reset","decl":{"start":{"line":182,"column":11},"end":{"line":182,"column":16}},"loc":{"start":{"line":182,"column":19},"end":{"line":184,"column":3}},"line":182},"3":{"name":"load","decl":{"start":{"line":186,"column":11},"end":{"line":186,"column":15}},"loc":{"start":{"line":186,"column":21},"end":{"line":234,"column":3}},"line":186},"4":{"name":"validate_fen","decl":{"start":{"line":236,"column":11},"end":{"line":236,"column":23}},"loc":{"start":{"line":236,"column":29},"end":{"line":316,"column":3}},"line":236},"5":{"name":"generate_fen","decl":{"start":{"line":318,"column":11},"end":{"line":318,"column":23}},"loc":{"start":{"line":318,"column":26},"end":{"line":362,"column":3}},"line":318},"6":{"name":"set_header","decl":{"start":{"line":364,"column":11},"end":{"line":364,"column":21}},"loc":{"start":{"line":364,"column":28},"end":{"line":372,"column":3}},"line":364},"7":{"name":"update_setup","decl":{"start":{"line":380,"column":11},"end":{"line":380,"column":23}},"loc":{"start":{"line":380,"column":29},"end":{"line":390,"column":3}},"line":380},"8":{"name":"get","decl":{"start":{"line":392,"column":11},"end":{"line":392,"column":14}},"loc":{"start":{"line":392,"column":23},"end":{"line":395,"column":3}},"line":392},"9":{"name":"put","decl":{"start":{"line":397,"column":11},"end":{"line":397,"column":14}},"loc":{"start":{"line":397,"column":30},"end":{"line":422,"column":3}},"line":397},"10":{"name":"remove","decl":{"start":{"line":424,"column":11},"end":{"line":424,"column":17}},"loc":{"start":{"line":424,"column":26},"end":{"line":434,"column":3}},"line":424},"11":{"name":"generate_moves","decl":{"start":{"line":436,"column":11},"end":{"line":436,"column":25}},"loc":{"start":{"line":436,"column":36},"end":{"line":602,"column":3}},"line":436},"12":{"name":"add_move","decl":{"start":{"line":438,"column":13},"end":{"line":438,"column":21}},"loc":{"start":{"line":438,"column":53},"end":{"line":474,"column":5}},"line":438},"13":{"name":"move_to_san","decl":{"start":{"line":607,"column":11},"end":{"line":607,"column":22}},"loc":{"start":{"line":607,"column":29},"end":{"line":646,"column":3}},"line":607},"14":{"name":"attacked","decl":{"start":{"line":648,"column":11},"end":{"line":648,"column":19}},"loc":{"start":{"line":648,"column":35},"end":{"line":687,"column":3}},"line":648},"15":{"name":"king_attacked","decl":{"start":{"line":689,"column":11},"end":{"line":689,"column":24}},"loc":{"start":{"line":689,"column":32},"end":{"line":691,"column":3}},"line":689},"16":{"name":"in_check","decl":{"start":{"line":693,"column":11},"end":{"line":693,"column":19}},"loc":{"start":{"line":693,"column":22},"end":{"line":695,"column":3}},"line":693},"17":{"name":"in_checkmate","decl":{"start":{"line":697,"column":11},"end":{"line":697,"column":23}},"loc":{"start":{"line":697,"column":26},"end":{"line":699,"column":3}},"line":697},"18":{"name":"in_stalemate","decl":{"start":{"line":701,"column":11},"end":{"line":701,"column":23}},"loc":{"start":{"line":701,"column":26},"end":{"line":703,"column":3}},"line":701},"19":{"name":"insufficient_material","decl":{"start":{"line":705,"column":11},"end":{"line":705,"column":32}},"loc":{"start":{"line":705,"column":35},"end":{"line":730,"column":3}},"line":705},"20":{"name":"in_threefold_repetition","decl":{"start":{"line":732,"column":11},"end":{"line":732,"column":34}},"loc":{"start":{"line":732,"column":37},"end":{"line":766,"column":3}},"line":732},"21":{"name":"push","decl":{"start":{"line":768,"column":11},"end":{"line":768,"column":15}},"loc":{"start":{"line":768,"column":22},"end":{"line":778,"column":3}},"line":768},"22":{"name":"make_move","decl":{"start":{"line":780,"column":11},"end":{"line":780,"column":20}},"loc":{"start":{"line":780,"column":27},"end":{"line":870,"column":3}},"line":780},"23":{"name":"undo_move","decl":{"start":{"line":872,"column":11},"end":{"line":872,"column":20}},"loc":{"start":{"line":872,"column":23},"end":{"line":919,"column":3}},"line":872},"24":{"name":"get_disambiguator","decl":{"start":{"line":922,"column":11},"end":{"line":922,"column":28}},"loc":{"start":{"line":922,"column":35},"end":{"line":974,"column":3}},"line":922},"25":{"name":"ascii","decl":{"start":{"line":976,"column":11},"end":{"line":976,"column":16}},"loc":{"start":{"line":976,"column":19},"end":{"line":1004,"column":3}},"line":976},"26":{"name":"rank","decl":{"start":{"line":1009,"column":11},"end":{"line":1009,"column":15}},"loc":{"start":{"line":1009,"column":19},"end":{"line":1011,"column":3}},"line":1009},"27":{"name":"file","decl":{"start":{"line":1013,"column":11},"end":{"line":1013,"column":15}},"loc":{"start":{"line":1013,"column":19},"end":{"line":1015,"column":3}},"line":1013},"28":{"name":"algebraic","decl":{"start":{"line":1017,"column":11},"end":{"line":1017,"column":20}},"loc":{"start":{"line":1017,"column":23},"end":{"line":1020,"column":3}},"line":1017},"29":{"name":"swap_color","decl":{"start":{"line":1022,"column":11},"end":{"line":1022,"column":21}},"loc":{"start":{"line":1022,"column":25},"end":{"line":1024,"column":3}},"line":1022},"30":{"name":"is_digit","decl":{"start":{"line":1026,"column":11},"end":{"line":1026,"column":19}},"loc":{"start":{"line":1026,"column":23},"end":{"line":1028,"column":3}},"line":1026},"31":{"name":"make_pretty","decl":{"start":{"line":1031,"column":11},"end":{"line":1031,"column":22}},"loc":{"start":{"line":1031,"column":34},"end":{"line":1047,"column":3}},"line":1031},"32":{"name":"clone","decl":{"start":{"line":1049,"column":11},"end":{"line":1049,"column":16}},"loc":{"start":{"line":1049,"column":22},"end":{"line":1061,"column":3}},"line":1049},"33":{"name":"trim","decl":{"start":{"line":1063,"column":11},"end":{"line":1063,"column":15}},"loc":{"start":{"line":1063,"column":21},"end":{"line":1065,"column":3}},"line":1063},"34":{"name":"perft","decl":{"start":{"line":1070,"column":11},"end":{"line":1070,"column":16}},"loc":{"start":{"line":1070,"column":24},"end":{"line":1089,"column":3}},"line":1070},"35":{"name":"(anonymous_35)","decl":{"start":{"line":1103,"column":14},"end":{"line":1103,"column":15}},"loc":{"start":{"line":1103,"column":25},"end":{"line":1116,"column":15}},"line":1103},"36":{"name":"(anonymous_36)","decl":{"start":{"line":1122,"column":10},"end":{"line":1122,"column":11}},"loc":{"start":{"line":1122,"column":24},"end":{"line":1124,"column":5}},"line":1122},"37":{"name":"(anonymous_37)","decl":{"start":{"line":1126,"column":11},"end":{"line":1126,"column":12}},"loc":{"start":{"line":1126,"column":22},"end":{"line":1128,"column":5}},"line":1126},"38":{"name":"(anonymous_38)","decl":{"start":{"line":1130,"column":11},"end":{"line":1130,"column":12}},"loc":{"start":{"line":1130,"column":29},"end":{"line":1159,"column":5}},"line":1130},"39":{"name":"(anonymous_39)","decl":{"start":{"line":1161,"column":14},"end":{"line":1161,"column":15}},"loc":{"start":{"line":1161,"column":25},"end":{"line":1163,"column":5}},"line":1161},"40":{"name":"(anonymous_40)","decl":{"start":{"line":1165,"column":18},"end":{"line":1165,"column":19}},"loc":{"start":{"line":1165,"column":29},"end":{"line":1167,"column":5}},"line":1165},"41":{"name":"(anonymous_41)","decl":{"start":{"line":1169,"column":18},"end":{"line":1169,"column":19}},"loc":{"start":{"line":1169,"column":29},"end":{"line":1171,"column":5}},"line":1169},"42":{"name":"(anonymous_42)","decl":{"start":{"line":1173,"column":13},"end":{"line":1173,"column":14}},"loc":{"start":{"line":1173,"column":24},"end":{"line":1178,"column":5}},"line":1173},"43":{"name":"(anonymous_43)","decl":{"start":{"line":1180,"column":27},"end":{"line":1180,"column":28}},"loc":{"start":{"line":1180,"column":38},"end":{"line":1182,"column":5}},"line":1180},"44":{"name":"(anonymous_44)","decl":{"start":{"line":1184,"column":29},"end":{"line":1184,"column":30}},"loc":{"start":{"line":1184,"column":40},"end":{"line":1186,"column":5}},"line":1184},"45":{"name":"(anonymous_45)","decl":{"start":{"line":1188,"column":15},"end":{"line":1188,"column":16}},"loc":{"start":{"line":1188,"column":26},"end":{"line":1194,"column":5}},"line":1188},"46":{"name":"(anonymous_46)","decl":{"start":{"line":1196,"column":18},"end":{"line":1196,"column":19}},"loc":{"start":{"line":1196,"column":32},"end":{"line":1198,"column":5}},"line":1196},"47":{"name":"(anonymous_47)","decl":{"start":{"line":1200,"column":9},"end":{"line":1200,"column":10}},"loc":{"start":{"line":1200,"column":20},"end":{"line":1202,"column":5}},"line":1200},"48":{"name":"(anonymous_48)","decl":{"start":{"line":1204,"column":9},"end":{"line":1204,"column":10}},"loc":{"start":{"line":1204,"column":27},"end":{"line":1300,"column":5}},"line":1204},"49":{"name":"(anonymous_49)","decl":{"start":{"line":1302,"column":14},"end":{"line":1302,"column":15}},"loc":{"start":{"line":1302,"column":37},"end":{"line":1421,"column":5}},"line":1302},"50":{"name":"mask","decl":{"start":{"line":1303,"column":15},"end":{"line":1303,"column":19}},"loc":{"start":{"line":1303,"column":25},"end":{"line":1305,"column":7}},"line":1303},"51":{"name":"move_from_san","decl":{"start":{"line":1310,"column":15},"end":{"line":1310,"column":28}},"loc":{"start":{"line":1310,"column":35},"end":{"line":1318,"column":7}},"line":1310},"52":{"name":"get_move_obj","decl":{"start":{"line":1320,"column":15},"end":{"line":1320,"column":27}},"loc":{"start":{"line":1320,"column":34},"end":{"line":1322,"column":7}},"line":1320},"53":{"name":"has_keys","decl":{"start":{"line":1324,"column":15},"end":{"line":1324,"column":23}},"loc":{"start":{"line":1324,"column":32},"end":{"line":1330,"column":7}},"line":1324},"54":{"name":"parse_pgn_header","decl":{"start":{"line":1332,"column":15},"end":{"line":1332,"column":31}},"loc":{"start":{"line":1332,"column":49},"end":{"line":1350,"column":7}},"line":1332},"55":{"name":"(anonymous_55)","decl":{"start":{"line":1423,"column":12},"end":{"line":1423,"column":13}},"loc":{"start":{"line":1423,"column":23},"end":{"line":1425,"column":5}},"line":1423},"56":{"name":"(anonymous_56)","decl":{"start":{"line":1427,"column":11},"end":{"line":1427,"column":12}},"loc":{"start":{"line":1427,"column":22},"end":{"line":1429,"column":5}},"line":1427},"57":{"name":"(anonymous_57)","decl":{"start":{"line":1431,"column":10},"end":{"line":1431,"column":11}},"loc":{"start":{"line":1431,"column":21},"end":{"line":1433,"column":5}},"line":1431},"58":{"name":"(anonymous_58)","decl":{"start":{"line":1435,"column":10},"end":{"line":1435,"column":11}},"loc":{"start":{"line":1435,"column":25},"end":{"line":1482,"column":5}},"line":1435},"59":{"name":"(anonymous_59)","decl":{"start":{"line":1484,"column":10},"end":{"line":1484,"column":11}},"loc":{"start":{"line":1484,"column":21},"end":{"line":1487,"column":5}},"line":1484},"60":{"name":"(anonymous_60)","decl":{"start":{"line":1489,"column":11},"end":{"line":1489,"column":12}},"loc":{"start":{"line":1489,"column":22},"end":{"line":1491,"column":5}},"line":1489},"61":{"name":"(anonymous_61)","decl":{"start":{"line":1493,"column":9},"end":{"line":1493,"column":10}},"loc":{"start":{"line":1493,"column":33},"end":{"line":1495,"column":5}},"line":1493},"62":{"name":"(anonymous_62)","decl":{"start":{"line":1497,"column":9},"end":{"line":1497,"column":10}},"loc":{"start":{"line":1497,"column":26},"end":{"line":1499,"column":5}},"line":1497},"63":{"name":"(anonymous_63)","decl":{"start":{"line":1501,"column":12},"end":{"line":1501,"column":13}},"loc":{"start":{"line":1501,"column":29},"end":{"line":1503,"column":5}},"line":1501},"64":{"name":"(anonymous_64)","decl":{"start":{"line":1505,"column":11},"end":{"line":1505,"column":12}},"loc":{"start":{"line":1505,"column":27},"end":{"line":1507,"column":5}},"line":1505},"65":{"name":"(anonymous_65)","decl":{"start":{"line":1509,"column":18},"end":{"line":1509,"column":19}},"loc":{"start":{"line":1509,"column":35},"end":{"line":1516,"column":5}},"line":1509},"66":{"name":"(anonymous_66)","decl":{"start":{"line":1518,"column":13},"end":{"line":1518,"column":14}},"loc":{"start":{"line":1518,"column":31},"end":{"line":1539,"column":5}},"line":1518}},"branchMap":{"0":{"loc":{"start":{"line":163,"column":2},"end":{"line":167,"column":3}},"type":"if","locations":[{"start":{"line":163,"column":2},"end":{"line":167,"column":3}},{"start":{"line":163,"column":2},"end":{"line":167,"column":3}}],"line":163},"1":{"loc":{"start":{"line":192,"column":4},"end":{"line":194,"column":5}},"type":"if","locations":[{"start":{"line":192,"column":4},"end":{"line":194,"column":5}},{"start":{"line":192,"column":4},"end":{"line":194,"column":5}}],"line":192},"2":{"loc":{"start":{"line":201,"column":6},"end":{"line":209,"column":7}},"type":"if","locations":[{"start":{"line":201,"column":6},"end":{"line":209,"column":7}},{"start":{"line":201,"column":6},"end":{"line":209,"column":7}}],"line":201},"3":{"loc":{"start":{"line":203,"column":13},"end":{"line":209,"column":7}},"type":"if","locations":[{"start":{"line":203,"column":13},"end":{"line":209,"column":7}},{"start":{"line":203,"column":13},"end":{"line":209,"column":7}}],"line":203},"4":{"loc":{"start":{"line":206,"column":20},"end":{"line":206,"column":49}},"type":"cond-expr","locations":[{"start":{"line":206,"column":36},"end":{"line":206,"column":41}},{"start":{"line":206,"column":44},"end":{"line":206,"column":49}}],"line":206},"5":{"loc":{"start":{"line":214,"column":4},"end":{"line":216,"column":5}},"type":"if","locations":[{"start":{"line":214,"column":4},"end":{"line":216,"column":5}},{"start":{"line":214,"column":4},"end":{"line":216,"column":5}}],"line":214},"6":{"loc":{"start":{"line":217,"column":4},"end":{"line":219,"column":5}},"type":"if","locations":[{"start":{"line":217,"column":4},"end":{"line":219,"column":5}},{"start":{"line":217,"column":4},"end":{"line":219,"column":5}}],"line":217},"7":{"loc":{"start":{"line":220,"column":4},"end":{"line":222,"column":5}},"type":"if","locations":[{"start":{"line":220,"column":4},"end":{"line":222,"column":5}},{"start":{"line":220,"column":4},"end":{"line":222,"column":5}}],"line":220},"8":{"loc":{"start":{"line":223,"column":4},"end":{"line":225,"column":5}},"type":"if","locations":[{"start":{"line":223,"column":4},"end":{"line":225,"column":5}},{"start":{"line":223,"column":4},"end":{"line":225,"column":5}}],"line":223},"9":{"loc":{"start":{"line":227,"column":16},"end":{"line":227,"column":63}},"type":"cond-expr","locations":[{"start":{"line":227,"column":37},"end":{"line":227,"column":42}},{"start":{"line":227,"column":45},"end":{"line":227,"column":63}}],"line":227},"10":{"loc":{"start":{"line":253,"column":4},"end":{"line":255,"column":5}},"type":"if","locations":[{"start":{"line":253,"column":4},"end":{"line":255,"column":5}},{"start":{"line":253,"column":4},"end":{"line":255,"column":5}}],"line":253},"11":{"loc":{"start":{"line":258,"column":4},"end":{"line":260,"column":5}},"type":"if","locations":[{"start":{"line":258,"column":4},"end":{"line":260,"column":5}},{"start":{"line":258,"column":4},"end":{"line":260,"column":5}}],"line":258},"12":{"loc":{"start":{"line":258,"column":8},"end":{"line":258,"column":58}},"type":"binary-expr","locations":[{"start":{"line":258,"column":8},"end":{"line":258,"column":24}},{"start":{"line":258,"column":29},"end":{"line":258,"column":57}}],"line":258},"13":{"loc":{"start":{"line":263,"column":4},"end":{"line":265,"column":5}},"type":"if","locations":[{"start":{"line":263,"column":4},"end":{"line":265,"column":5}},{"start":{"line":263,"column":4},"end":{"line":265,"column":5}}],"line":263},"14":{"loc":{"start":{"line":263,"column":8},"end":{"line":263,"column":57}},"type":"binary-expr","locations":[{"start":{"line":263,"column":8},"end":{"line":263,"column":24}},{"start":{"line":263,"column":29},"end":{"line":263,"column":56}}],"line":263},"15":{"loc":{"start":{"line":268,"column":4},"end":{"line":270,"column":5}},"type":"if","locations":[{"start":{"line":268,"column":4},"end":{"line":270,"column":5}},{"start":{"line":268,"column":4},"end":{"line":270,"column":5}}],"line":268},"16":{"loc":{"start":{"line":273,"column":4},"end":{"line":275,"column":5}},"type":"if","locations":[{"start":{"line":273,"column":4},"end":{"line":275,"column":5}},{"start":{"line":273,"column":4},"end":{"line":275,"column":5}}],"line":273},"17":{"loc":{"start":{"line":278,"column":4},"end":{"line":280,"column":5}},"type":"if","locations":[{"start":{"line":278,"column":4},"end":{"line":280,"column":5}},{"start":{"line":278,"column":4},"end":{"line":280,"column":5}}],"line":278},"18":{"loc":{"start":{"line":284,"column":4},"end":{"line":286,"column":5}},"type":"if","locations":[{"start":{"line":284,"column":4},"end":{"line":286,"column":5}},{"start":{"line":284,"column":4},"end":{"line":286,"column":5}}],"line":284},"19":{"loc":{"start":{"line":295,"column":8},"end":{"line":307,"column":9}},"type":"if","locations":[{"start":{"line":295,"column":8},"end":{"line":307,"column":9}},{"start":{"line":295,"column":8},"end":{"line":307,"column":9}}],"line":295},"20":{"loc":{"start":{"line":296,"column":10},"end":{"line":298,"column":11}},"type":"if","locations":[{"start":{"line":296,"column":10},"end":{"line":298,"column":11}},{"start":{"line":296,"column":10},"end":{"line":298,"column":11}}],"line":296},"21":{"loc":{"start":{"line":302,"column":10},"end":{"line":304,"column":11}},"type":"if","locations":[{"start":{"line":302,"column":10},"end":{"line":304,"column":11}},{"start":{"line":302,"column":10},"end":{"line":304,"column":11}}],"line":302},"22":{"loc":{"start":{"line":309,"column":6},"end":{"line":311,"column":7}},"type":"if","locations":[{"start":{"line":309,"column":6},"end":{"line":311,"column":7}},{"start":{"line":309,"column":6},"end":{"line":311,"column":7}}],"line":309},"23":{"loc":{"start":{"line":323,"column":6},"end":{"line":335,"column":7}},"type":"if","locations":[{"start":{"line":323,"column":6},"end":{"line":335,"column":7}},{"start":{"line":323,"column":6},"end":{"line":335,"column":7}}],"line":323},"24":{"loc":{"start":{"line":326,"column":8},"end":{"line":329,"column":9}},"type":"if","locations":[{"start":{"line":326,"column":8},"end":{"line":329,"column":9}},{"start":{"line":326,"column":8},"end":{"line":329,"column":9}}],"line":326},"25":{"loc":{"start":{"line":333,"column":15},"end":{"line":334,"column":58}},"type":"cond-expr","locations":[{"start":{"line":334,"column":17},"end":{"line":334,"column":36}},{"start":{"line":334,"column":39},"end":{"line":334,"column":58}}],"line":333},"26":{"loc":{"start":{"line":337,"column":6},"end":{"line":348,"column":7}},"type":"if","locations":[{"start":{"line":337,"column":6},"end":{"line":348,"column":7}},{"start":{"line":337,"column":6},"end":{"line":348,"column":7}}],"line":337},"27":{"loc":{"start":{"line":338,"column":8},"end":{"line":340,"column":9}},"type":"if","locations":[{"start":{"line":338,"column":8},"end":{"line":340,"column":9}},{"start":{"line":338,"column":8},"end":{"line":340,"column":9}}],"line":338},"28":{"loc":{"start":{"line":342,"column":8},"end":{"line":344,"column":9}},"type":"if","locations":[{"start":{"line":342,"column":8},"end":{"line":344,"column":9}},{"start":{"line":342,"column":8},"end":{"line":344,"column":9}}],"line":342},"29":{"loc":{"start":{"line":352,"column":4},"end":{"line":352,"column":63}},"type":"if","locations":[{"start":{"line":352,"column":4},"end":{"line":352,"column":63}},{"start":{"line":352,"column":4},"end":{"line":352,"column":63}}],"line":352},"30":{"loc":{"start":{"line":353,"column":4},"end":{"line":353,"column":63}},"type":"if","locations":[{"start":{"line":353,"column":4},"end":{"line":353,"column":63}},{"start":{"line":353,"column":4},"end":{"line":353,"column":63}}],"line":353},"31":{"loc":{"start":{"line":354,"column":4},"end":{"line":354,"column":63}},"type":"if","locations":[{"start":{"line":354,"column":4},"end":{"line":354,"column":63}},{"start":{"line":354,"column":4},"end":{"line":354,"column":63}}],"line":354},"32":{"loc":{"start":{"line":355,"column":4},"end":{"line":355,"column":63}},"type":"if","locations":[{"start":{"line":355,"column":4},"end":{"line":355,"column":63}},{"start":{"line":355,"column":4},"end":{"line":355,"column":63}}],"line":355},"33":{"loc":{"start":{"line":358,"column":13},"end":{"line":358,"column":26}},"type":"binary-expr","locations":[{"start":{"line":358,"column":13},"end":{"line":358,"column":19}},{"start":{"line":358,"column":23},"end":{"line":358,"column":26}}],"line":358},"34":{"loc":{"start":{"line":359,"column":18},"end":{"line":359,"column":67}},"type":"cond-expr","locations":[{"start":{"line":359,"column":41},"end":{"line":359,"column":44}},{"start":{"line":359,"column":47},"end":{"line":359,"column":67}}],"line":359},"35":{"loc":{"start":{"line":366,"column":6},"end":{"line":369,"column":7}},"type":"if","locations":[{"start":{"line":366,"column":6},"end":{"line":369,"column":7}},{"start":{"line":366,"column":6},"end":{"line":369,"column":7}}],"line":366},"36":{"loc":{"start":{"line":366,"column":10},"end":{"line":367,"column":40}},"type":"binary-expr","locations":[{"start":{"line":366,"column":10},"end":{"line":366,"column":36}},{"start":{"line":367,"column":10},"end":{"line":367,"column":40}}],"line":366},"37":{"loc":{"start":{"line":381,"column":4},"end":{"line":381,"column":35}},"type":"if","locations":[{"start":{"line":381,"column":4},"end":{"line":381,"column":35}},{"start":{"line":381,"column":4},"end":{"line":381,"column":35}}],"line":381},"38":{"loc":{"start":{"line":383,"column":4},"end":{"line":389,"column":5}},"type":"if","locations":[{"start":{"line":383,"column":4},"end":{"line":389,"column":5}},{"start":{"line":383,"column":4},"end":{"line":389,"column":5}}],"line":383},"39":{"loc":{"start":{"line":394,"column":11},"end":{"line":394,"column":66}},"type":"cond-expr","locations":[{"start":{"line":394,"column":21},"end":{"line":394,"column":59}},{"start":{"line":394,"column":62},"end":{"line":394,"column":66}}],"line":394},"40":{"loc":{"start":{"line":399,"column":4},"end":{"line":401,"column":5}},"type":"if","locations":[{"start":{"line":399,"column":4},"end":{"line":401,"column":5}},{"start":{"line":399,"column":4},"end":{"line":401,"column":5}}],"line":399},"41":{"loc":{"start":{"line":399,"column":10},"end":{"line":399,"column":45}},"type":"binary-expr","locations":[{"start":{"line":399,"column":10},"end":{"line":399,"column":25}},{"start":{"line":399,"column":29},"end":{"line":399,"column":45}}],"line":399},"42":{"loc":{"start":{"line":404,"column":4},"end":{"line":406,"column":5}},"type":"if","locations":[{"start":{"line":404,"column":4},"end":{"line":406,"column":5}},{"start":{"line":404,"column":4},"end":{"line":406,"column":5}}],"line":404},"43":{"loc":{"start":{"line":409,"column":4},"end":{"line":411,"column":5}},"type":"if","locations":[{"start":{"line":409,"column":4},"end":{"line":411,"column":5}},{"start":{"line":409,"column":4},"end":{"line":411,"column":5}}],"line":409},"44":{"loc":{"start":{"line":415,"column":4},"end":{"line":417,"column":5}},"type":"if","locations":[{"start":{"line":415,"column":4},"end":{"line":417,"column":5}},{"start":{"line":415,"column":4},"end":{"line":417,"column":5}}],"line":415},"45":{"loc":{"start":{"line":427,"column":4},"end":{"line":429,"column":5}},"type":"if","locations":[{"start":{"line":427,"column":4},"end":{"line":429,"column":5}},{"start":{"line":427,"column":4},"end":{"line":429,"column":5}}],"line":427},"46":{"loc":{"start":{"line":427,"column":8},"end":{"line":427,"column":35}},"type":"binary-expr","locations":[{"start":{"line":427,"column":8},"end":{"line":427,"column":13}},{"start":{"line":427,"column":17},"end":{"line":427,"column":35}}],"line":427},"47":{"loc":{"start":{"line":440,"column":6},"end":{"line":473,"column":7}},"type":"if","locations":[{"start":{"line":440,"column":6},"end":{"line":473,"column":7}},{"start":{"line":440,"column":6},"end":{"line":473,"column":7}}],"line":440},"48":{"loc":{"start":{"line":440,"column":10},"end":{"line":441,"column":51}},"type":"binary-expr","locations":[{"start":{"line":440,"column":10},"end":{"line":440,"column":34}},{"start":{"line":441,"column":10},"end":{"line":441,"column":28}},{"start":{"line":441,"column":32},"end":{"line":441,"column":50}}],"line":440},"49":{"loc":{"start":{"line":454,"column":12},"end":{"line":456,"column":13}},"type":"if","locations":[{"start":{"line":454,"column":12},"end":{"line":456,"column":13}},{"start":{"line":454,"column":12},"end":{"line":456,"column":13}}],"line":454},"50":{"loc":{"start":{"line":468,"column":8},"end":{"line":470,"column":9}},"type":"if","locations":[{"start":{"line":468,"column":8},"end":{"line":470,"column":9}},{"start":{"line":468,"column":8},"end":{"line":470,"column":9}}],"line":468},"51":{"loc":{"start":{"line":482,"column":4},"end":{"line":488,"column":5}},"type":"if","locations":[{"start":{"line":482,"column":4},"end":{"line":488,"column":5}},{"start":{"line":482,"column":4},"end":{"line":488,"column":5}}],"line":482},"52":{"loc":{"start":{"line":482,"column":7},"end":{"line":482,"column":78}},"type":"binary-expr","locations":[{"start":{"line":482,"column":7},"end":{"line":482,"column":37}},{"start":{"line":482,"column":41},"end":{"line":482,"column":78}}],"line":482},"53":{"loc":{"start":{"line":492,"column":6},"end":{"line":492,"column":41}},"type":"if","locations":[{"start":{"line":492,"column":6},"end":{"line":492,"column":41}},{"start":{"line":492,"column":6},"end":{"line":492,"column":41}}],"line":492},"54":{"loc":{"start":{"line":495,"column":6},"end":{"line":497,"column":7}},"type":"if","locations":[{"start":{"line":495,"column":6},"end":{"line":497,"column":7}},{"start":{"line":495,"column":6},"end":{"line":497,"column":7}}],"line":495},"55":{"loc":{"start":{"line":495,"column":10},"end":{"line":495,"column":44}},"type":"binary-expr","locations":[{"start":{"line":495,"column":10},"end":{"line":495,"column":23}},{"start":{"line":495,"column":27},"end":{"line":495,"column":44}}],"line":495},"56":{"loc":{"start":{"line":499,"column":6},"end":{"line":545,"column":7}},"type":"if","locations":[{"start":{"line":499,"column":6},"end":{"line":545,"column":7}},{"start":{"line":499,"column":6},"end":{"line":545,"column":7}}],"line":499},"57":{"loc":{"start":{"line":502,"column":8},"end":{"line":510,"column":9}},"type":"if","locations":[{"start":{"line":502,"column":8},"end":{"line":510,"column":9}},{"start":{"line":502,"column":8},"end":{"line":510,"column":9}}],"line":502},"58":{"loc":{"start":{"line":507,"column":10},"end":{"line":509,"column":11}},"type":"if","locations":[{"start":{"line":507,"column":10},"end":{"line":509,"column":11}},{"start":{"line":507,"column":10},"end":{"line":509,"column":11}}],"line":507},"59":{"loc":{"start":{"line":507,"column":14},"end":{"line":507,"column":65}},"type":"binary-expr","locations":[{"start":{"line":507,"column":14},"end":{"line":507,"column":40}},{"start":{"line":507,"column":44},"end":{"line":507,"column":65}}],"line":507},"60":{"loc":{"start":{"line":515,"column":10},"end":{"line":515,"column":38}},"type":"if","locations":[{"start":{"line":515,"column":10},"end":{"line":515,"column":38}},{"start":{"line":515,"column":10},"end":{"line":515,"column":38}}],"line":515},"61":{"loc":{"start":{"line":517,"column":10},"end":{"line":522,"column":11}},"type":"if","locations":[{"start":{"line":517,"column":10},"end":{"line":522,"column":11}},{"start":{"line":517,"column":10},"end":{"line":522,"column":11}}],"line":517},"62":{"loc":{"start":{"line":517,"column":14},"end":{"line":518,"column":41}},"type":"binary-expr","locations":[{"start":{"line":517,"column":14},"end":{"line":517,"column":35}},{"start":{"line":518,"column":14},"end":{"line":518,"column":41}}],"line":517},"63":{"loc":{"start":{"line":520,"column":17},"end":{"line":522,"column":11}},"type":"if","locations":[{"start":{"line":520,"column":17},"end":{"line":522,"column":11}},{"start":{"line":520,"column":17},"end":{"line":522,"column":11}}],"line":520},"64":{"loc":{"start":{"line":531,"column":12},"end":{"line":531,"column":37}},"type":"if","locations":[{"start":{"line":531,"column":12},"end":{"line":531,"column":37}},{"start":{"line":531,"column":12},"end":{"line":531,"column":37}}],"line":531},"65":{"loc":{"start":{"line":533,"column":12},"end":{"line":539,"column":13}},"type":"if","locations":[{"start":{"line":533,"column":12},"end":{"line":539,"column":13}},{"start":{"line":533,"column":12},"end":{"line":539,"column":13}}],"line":533},"66":{"loc":{"start":{"line":536,"column":14},"end":{"line":536,"column":51}},"type":"if","locations":[{"start":{"line":536,"column":14},"end":{"line":536,"column":51}},{"start":{"line":536,"column":14},"end":{"line":536,"column":51}}],"line":536},"67":{"loc":{"start":{"line":542,"column":12},"end":{"line":542,"column":62}},"type":"if","locations":[{"start":{"line":542,"column":12},"end":{"line":542,"column":62}},{"start":
[...]
":{"line":1212,"column":59}},"type":"binary-expr","locations":[{"start":{"line":1211,"column":23},"end":{"line":1211,"column":49}},{"start":{"line":1212,"column":23},"end":{"line":1212,"column":59}}],"line":1211},"164":{"loc":{"start":{"line":1226,"column":6},"end":{"line":1228,"column":7}},"type":"if","locations":[{"start":{"line":1226,"column":6},"end":{"line":1228,"column":7}},{"start":{"line":1226,"column":6},"end":{"line":1228,"column":7}}],"line":1226},"165":{"loc":{"start":{"line":1226,"column":10},"end":{"line":1226,"column":41}},"type":"binary-expr","locations":[{"start":{"line":1226,"column":10},"end":{"line":1226,"column":23}},{"start":{"line":1226,"column":27},"end":{"line":1226,"column":41}}],"line":1226},"166":{"loc":{"start":{"line":1245,"column":8},"end":{"line":1255,"column":9}},"type":"if","locations":[{"start":{"line":1245,"column":8},"end":{"line":1255,"column":9}},{"start":{"line":1245,"column":8},"end":{"line":1255,"column":9}}],"line":1245},"167":{"loc":{"start":{"line":1245,"column":12},"end":{"line":1245,"column":53}},"type":"binary-expr","locations":[{"start":{"line":1245,"column":12},"end":{"line":1245,"column":32}},{"start":{"line":1245,"column":36},"end":{"line":1245,"column":53}}],"line":1245},"168":{"loc":{"start":{"line":1248,"column":15},"end":{"line":1255,"column":9}},"type":"if","locations":[{"start":{"line":1248,"column":15},"end":{"line":1255,"column":9}},{"start":{"line":1248,"column":15},"end":{"line":1255,"column":9}}],"line":1248},"169":{"loc":{"start":{"line":1250,"column":10},"end":{"line":1252,"column":11}},"type":"if","locations":[{"start":{"line":1250,"column":10},"end":{"line":1252,"column":11}},{"start":{"line":1250,"column":10},"end":{"line":1252,"column":11}}],"line":1250},"170":{"loc":{"start":{"line":1262,"column":6},"end":{"line":1264,"column":7}},"type":"if","locations":[{"start":{"line":1262,"column":6},"end":{"line":1264,"column":7}},{"start":{"line":1262,"column":6},"end":{"line":1264,"column":7}}],"line":1262},"171":{"loc":{"start":{"line":1267,"column":6},"end":{"line":1269,"column":7}},"type":"if","locations":[{"start":{"line":1267,"column":6},"end":{"line":1269,"column":7}},{"start":{"line":1267,"column":6},"end":{"line":1269,"column":7}}],"line":1267},"172":{"loc":{"start":{"line":1274,"column":6},"end":{"line":1276,"column":7}},"type":"if","locations":[{"start":{"line":1274,"column":6},"end":{"line":1276,"column":7}},{"start":{"line":1274,"column":6},"end":{"line":1276,"column":7}}],"line":1274},"173":{"loc":{"start":{"line":1282,"column":8},"end":{"line":1294,"column":9}},"type":"if","locations":[{"start":{"line":1282,"column":8},"end":{"line":1294,"column":9}},{"start":{"line":1282,"column":8},"end":{"line":1294,"column":9}}],"line":1282},"174":{"loc":{"start":{"line":1282,"column":12},"end":{"line":1282,"column":65}},"type":"binary-expr","locations":[{"start":{"line":1282,"column":12},"end":{"line":1282,"column":55}},{"start":{"line":1282,"column":59},"end":{"line":1282,"column":65}}],"line":1282},"175":{"loc":{"start":{"line":1285,"column":10},"end":{"line":1287,"column":11}},"type":"if","locations":[{"start":{"line":1285,"column":10},"end":{"line":1287,"column":11}},{"start":{"line":1285,"column":10},"end":{"line":1287,"column":11}}],"line":1285},"176":{"loc":{"start":{"line":1291,"column":15},"end":{"line":1294,"column":9}},"type":"if","locations":[{"start":{"line":1291,"column":15},"end":{"line":1294,"column":9}},{"start":{"line":1291,"column":15},"end":{"line":1294,"column":9}}],"line":1291},"177":{"loc":{"start":{"line":1313,"column":10},"end":{"line":1315,"column":11}},"type":"if","locations":[{"start":{"line":1313,"column":10},"end":{"line":1315,"column":11}},{"start":{"line":1313,"column":10},"end":{"line":1315,"column":11}}],"line":1313},"178":{"loc":{"start":{"line":1333,"column":27},"end":{"line":1335,"column":55}},"type":"cond-expr","locations":[{"start":{"line":1335,"column":28},"end":{"line":1335,"column":48}},{"start":{"line":1335,"column":51},"end":{"line":1335,"column":55}}],"line":1333},"179":{"loc":{"start":{"line":1333,"column":28},"end":{"line":1334,"column":67}},"type":"binary-expr","locations":[{"start":{"line":1333,"column":28},"end":{"line":1333,"column":54}},{"start":{"line":1334,"column":28},"end":{"line":1334,"column":67}}],"line":1333},"180":{"loc":{"start":{"line":1344,"column":10},"end":{"line":1346,"column":11}},"type":"if","locations":[{"start":{"line":1344,"column":10},"end":{"line":1346,"column":11}},{"start":{"line":1344,"column":10},"end":{"line":1346,"column":11}}],"line":1344},"181":{"loc":{"start":{"line":1352,"column":25},"end":{"line":1354,"column":53}},"type":"cond-expr","locations":[{"start":{"line":1354,"column":26},"end":{"line":1354,"column":46}},{"start":{"line":1354,"column":49},"end":{"line":1354,"column":53}}],"line":1352},"182":{"loc":{"start":{"line":1352,"column":26},"end":{"line":1353,"column":65}},"type":"binary-expr","locations":[{"start":{"line":1352,"column":26},"end":{"line":1352,"column":52}},{"start":{"line":1353,"column":26},"end":{"line":1353,"column":65}}],"line":1352},"183":{"loc":{"start":{"line":1363,"column":6},"end":{"line":1365,"column":7}},"type":"if","locations":[{"start":{"line":1363,"column":6},"end":{"line":1365,"column":7}},{"start":{"line":1363,"column":6},"end":{"line":1365,"column":7}}],"line":1363},"184":{"loc":{"start":{"line":1398,"column":8},"end":{"line":1402,"column":9}},"type":"if","locations":[{"start":{"line":1398,"column":8},"end":{"line":1402,"column":9}},{"start":{"line":1398,"column":8},"end":{"line":1402,"column":9}}],"line":1398},"185":{"loc":{"start":{"line":1407,"column":6},"end":{"line":1419,"column":7}},"type":"if","locations":[{"start":{"line":1407,"column":6},"end":{"line":1419,"column":7}},{"start":{"line":1407,"column":6},"end":{"line":1419,"column":7}}],"line":1407},"186":{"loc":{"start":{"line":1408,"column":8},"end":{"line":1410,"column":9}},"type":"if","locations":[{"start":{"line":1408,"column":8},"end":{"line":1410,"column":9}},{"start":{"line":1408,"column":8},"end":{"line":1410,"column":9}}],"line":1408},"187":{"loc":{"start":{"line":1408,"column":12},"end":{"line":1408,"column":67}},"type":"binary-expr","locations":[{"start":{"line":1408,"column":12},"end":{"line":1408,"column":28}},{"start":{"line":1408,"column":32},"end":{"line":1408,"column":67}}],"line":1408},"188":{"loc":{"start":{"line":1414,"column":8},"end":{"line":1418,"column":9}},"type":"if","locations":[{"start":{"line":1414,"column":8},"end":{"line":1418,"column":9}},{"start":{"line":1414,"column":8},"end":{"line":1418,"column":9}}],"line":1414},"189":{"loc":{"start":{"line":1448,"column":6},"end":{"line":1467,"column":7}},"type":"if","locations":[{"start":{"line":1448,"column":6},"end":{"line":1467,"column":7}},{"start":{"line":1448,"column":6},"end":{"line":1467,"column":7}}],"line":1448},"190":{"loc":{"start":{"line":1451,"column":10},"end":{"line":1454,"column":11}},"type":"if","locations":[{"start":{"line":1451,"column":10},"end":{"line":1454,"column":11}},{"start":{"line":1451,"column":10},"end":{"line":1454,"column":11}}],"line":1451},"191":{"loc":{"start":{"line":1456,"column":13},"end":{"line":1467,"column":7}},"type":"if","locations":[{"start":{"line":1456,"column":13},"end":{"line":1467,"column":7}},{"start":{"line":1456,"column":13},"end":{"line":1467,"column":7}}],"line":1456},"192":{"loc":{"start":{"line":1459,"column":10},"end":{"line":1465,"column":11}},"type":"if","locations":[{"start":{"line":1459,"column":10},"end":{"line":1465,"column":11}},{"start":{"line":1459,"column":10},"end":{"line":1465,"column":11}}],"line":1459},"193":{"loc":{"start":{"line":1459,"column":14},"end":{"line":1462,"column":51}},"type":"binary-expr","locations":[{"start":{"line":1459,"column":14},"end":{"line":1459,"column":51}},{"start":{"line":1460,"column":14},"end":{"line":1460,"column":47}},{"start":{"line":1461,"column":15},"end":{"line":1461,"column":41}},{"start":{"line":1462,"column":14},"end":{"line":1462,"column":50}}],"line":1459},"194":{"loc":{"start":{"line":1470,"column":6},"end":{"line":1472,"column":7}},"type":"if","locations":[{"start":{"line":1470,"column":6},"end":{"line":1472,"column":7}},{"start":{"line":1470,"column":6},"end":{"line":1472,"column":7}}],"line":1470},"195":{"loc":{"start":{"line":1486,"column":13},"end":{"line":1486,"column":46}},"type":"cond-expr","locations":[{"start":{"line":1486,"column":22},"end":{"line":1486,"column":39}},{"start":{"line":1486,"column":42},"end":{"line":1486,"column":46}}],"line":1486},"196":{"loc":{"start":{"line":1510,"column":6},"end":{"line":1513,"column":7}},"type":"if","locations":[{"start":{"line":1510,"column":6},"end":{"line":1513,"column":7}},{"start":{"line":1510,"column":6},"end":{"line":1513,"column":7}}],"line":1510},"197":{"loc":{"start":{"line":1512,"column":15},"end":{"line":1512,"column":76}},"type":"cond-expr","locations":[{"start":{"line":1512,"column":60},"end":{"line":1512,"column":67}},{"start":{"line":1512,"column":70},"end":{"line":1512,"column":76}}],"line":1512},"198":{"loc":{"start":{"line":1521,"column":21},"end":{"line":1522,"column":36}},"type":"binary-expr","locations":[{"start":{"line":1521,"column":21},"end":{"line":1521,"column":50}},{"start":{"line":1521,"column":54},"end":{"line":1521,"column":74}},{"start":{"line":1522,"column":21},"end":{"line":1522,"column":36}}],"line":1521},"199":{"loc":{"start":{"line":1530,"column":8},"end":{"line":1534,"column":9}},"type":"if","locations":[{"start":{"line":1530,"column":8},"end":{"line":1534,"column":9}},{"start":{"line":1530,"column":8},"end":{"line":1534,"column":9}}],"line":1530},"200":{"loc":{"start":{"line":1546,"column":0},"end":{"line":1546,"column":57}},"type":"if","locations":[{"start":{"line":1546,"column":0},"end":{"line":1546,"column":57}},{"start":{"line":1546,"column":0},"end":{"line":1546,"column":57}}],"line":1546}},"s":{"0":11,"1":11,"2":66,"3":66,"4":66,"5":66,"6":66,"7":66,"8":66,"9":66,"10":66,"11":66,"12":66,"13":66,"14":66,"15":66,"16":66,"17":66,"18":66,"19":66,"20":66,"21":66,"22":66,"23":66,"24":66,"25":66,"26":66,"27":66,"28":66,"29":66,"30":66,"31":66,"32":66,"33":66,"34":66,"35":66,"36":66,"37":66,"38":66,"39":66,"40":66,"41":66,"42":0,"43":123,"44":123,"45":123,"46":123,"47":123,"48":123,"49":123,"50":123,"51":123,"52":123,"53":7,"54":123,"55":123,"56":123,"57":123,"58":123,"59":0,"60":123,"61":123,"62":123,"63":4641,"64":4641,"65":861,"66":3780,"67":868,"68":2912,"69":2912,"70":2912,"71":123,"72":123,"73":86,"74":123,"75":86,"76":123,"77":86,"78":123,"79":86,"80":123,"81":123,"82":123,"83":123,"84":123,"85":123,"86":123,"87":123,"88":0,"89":123,"90":0,"91":123,"92":0,"93":123,"94":0,"95":123,"96":0,"97":123,"98":0,"99":123,"100":123,"101":0,"102":123,"103":123,"104":984,"105":984,"106":984,"107":984,"108":3780,"109":868,"110":0,"111":868,"112":868,"113":2912,"114":0,"115":2912,"116":2912,"117":984,"118":0,"119":123,"120":3395,"121":3395,"122":3395,"123":3395,"124":217280,"125":165359,"126":51921,"127":3917,"128":3917,"129":51921,"130":51921,"131":51921,"132":217280,"133":27160,"134":21501,"135":27160,"136":23765,"137":27160,"138":27160,"139":3395,"140":3395,"141":129,"142":3395,"143":129,"144":3395,"145":129,"146":3395,"147":129,"148":3395,"149":3395,"150":3395,"151":0,"152":0,"153":0,"154":0,"155":0,"156":3163,"157":0,"158":3163,"159":3090,"160":3090,"161":73,"162":73,"163":5,"164":5,"165":2912,"166":0,"167":2912,"168":0,"169":2912,"170":0,"171":2912,"172":2912,"173":2912,"174":247,"175":2912,"176":2912,"177":5,"178":5,"179":5,"180":0,"181":5,"182":5,"183":7677,"184":32,"185":32,"186":32,"187":32,"188":128,"189":128,"190":0,"191":128,"192":7645,"193":7645,"194":354,"195":7645,"196":311,"197":311,"198":311,"199":311,"200":311,"201":311,"202":0,"203":311,"204":311,"205":311,"206":311,"207":19904,"208":19904,"209":0,"210":0,"211":19904,"212":19904,"213":17491,"214":2413,"215":1251,"216":1251,"217":1050,"218":1050,"219":1050,"220":670,"221":1251,"222":2502,"223":2502,"224":388,"225":2114,"226":0,"227":2114,"228":0,"229":1162,"230":1162,"231":1162,"232":7392,"233":7392,"234":7392,"235":11317,"236":11317,"237":3374,"238":7943,"239":5587,"240":2356,"241":2002,"242":354,"243":354,"244":5587,"245":1662,"246":311,"247":84,"248":84,"249":84,"250":8,"251":311,"252":82,"253":82,"254":82,"255":8,"256":311,"257":0,"258":311,"259":0,"260":311,"261":311,"262":311,"263":311,"264":7773,"265":7773,"266":6739,"267":7773,"268":311,"269":109,"270":109,"271":0,"272":109,"273":0,"274":109,"275":109,"276":94,"277":109,"278":11,"279":0,"280":11,"281":109,"282":109,"283":4,"284":109,"285":109,"286":10,"287":4,"288":6,"289":109,"290":109,"291":8051,"292":8051,"293":533898,"294":52429,"295":52429,"296":481469,"297":420812,"298":60657,"299":60657,"300":60657,"301":60657,"302":1994,"303":104,"304":69,"305":66,"306":35,"307":25,"308":13,"309":1890,"310":126,"311":1764,"312":1764,"313":1764,"314":1764,"315":2529,"316":904,"317":904,"318":1625,"319":1764,"320":860,"321":6974,"322":7993,"323":220,"324":35,"325":69,"326":45,"327":45,"328":45,"329":45,"330":3195,"331":315,"332":315,"333":2880,"334":2880,"335":400,"336":400,"337":45,"338":4,"339":41,"340":6,"341":35,"342":41,"343":41,"344":41,"345":41,"346":200,"347":200,"348":41,"349":159,"350":41,"351":200,"352":200,"353":200,"354":32,"355":200,"356":41,"357":159,"358":41,"359":8145,"360":8145,"361":8145,"362":8145,"363":8145,"364":8145,"365":8145,"366":0,"367":0,"368":0,"369":8145,"370":136,"371":8145,"372":1275,"373":1275,"374":8,"375":8,"376":8,"377":8,"378":1267,"379":8,"380":8,"381":8,"382":8,"383":1275,"384":8145,"385":1730,"386":1730,"387":1730,"388":3442,"389":40,"390":40,"391":8145,"392":1819,"393":1819,"394":1819,"395":3637,"396":13,"397":13,"398":8145,"399":674,"400":318,"401":356,"402":7471,"403":8145,"404":1851,"405":6294,"406":377,"407":5917,"408":8145,"409":4038,"410":8145,"411":8089,"412":8089,"413":43,"414":8046,"415":8046,"416":8046,"417":8046,"418":8046,"419":8046,"420":8046,"421":8046,"422":8046,"423":8046,"424":8046,"425":8046,"426":8046,"427":366,"428":7680,"429":0,"430":0,"431":0,"432":0,"433":8046,"434":16,"435":8,"436":8,"437":8,"438":8,"439":8,"440":16,"441":16,"442":8046,"443":109,"444":109,"445":109,"446":109,"447":109,"448":109,"449":109,"450":109,"451":109,"452":109,"453":2708,"454":2708,"455":2708,"456":2708,"457":0,"458":0,"459":0,"460":0,"461":0,"462":109,"463":0,"464":0,"465":0,"466":0,"467":0,"468":109,"469":0,"470":0,"471":0,"472":0,"473":0,"474":0,"475":0,"476":0,"477":0,"478":0,"479":0,"480":0,"481":0,"482":0,"483":0,"484":0,"485":0,"486":14333,"487":9866,"488":9866,"489":9866,"490":9866,"491":32640,"492":3780,"493":109,"494":109,"495":109,"496":109,"497":109,"498":109,"499":763,"500":113,"501":109,"502":109,"503":109,"504":109,"505":560,"506":0,"507":560,"508":109,"509":0,"510":0,"511":0,"512":0,"513":0,"514":0,"515":0,"516":0,"517":0,"518":0,"519":0,"520":0,"521":0,"522":0,"523":0,"524":66,"525":66,"526":66,"527":66,"528":4686,"529":462,"530":462,"531":4224,"532":66,"533":50,"534":7,"535":0,"536":0,"537":0,"538":0,"539":0,"540":0,"541":0,"542":0,"543":0,"544":0,"545":0,"546":7,"547":7,"548":16,"549":36,"550":7,"551":10,"552":18,"553":0,"554":32,"555":0,"556":0,"557":0,"558":0,"559":0,"560":0,"561":0,"562":0,"563":0,"564":0,"565":0,"566":0,"567":0,"568":0,"569":0,"570":0,"571":0,"572":0,"573":0,"574":0,"575":0,"576":0,"577":0,"578":0,"579":0,"580":0,"581":0,"582":0,"583":0,"584":0,"585":0,"586":0,"587":0,"588":0,"589":0,"590":0,"591":0,"592":0,"593":0,"594":0,"595":0,"596":0,"597":0,"598":0,"599":0,"600":0,"601":0,"602":0,"603":0,"604":0,"605":0,"606":0,"607":0,"608":0,"609":0,"610":0,"611":0,"612":0,"613":0,"614":0,"615":0,"616":0,"617":0,"618":0,"619":0,"620":0,"621":0,"622":0,"623":0,"624":0,"625":0,"626":0,"627":0,"628":0,"629":0,"630":0,"631":0,"632":0,"633":0,"634":0,"635":0,"636":0,"637":0,"638":0,"639":0,"640":0,"641":0,"642":0,"643":0,"644":0,"645":0,"646":0,"647":0,"648":0,"649":0,"650":0,"651":0,"652":0,"653":0,"654":0,"655":0,"656":0,"657":0,"658":0,"659":1,"660":121,"661":121,"662":121,"663":0,"664":0,"665":0,"666":0,"667":0,"668":0,"669":121,"670":121,"671":121,"672":121,"673":1927,"674":104,"675":104,"676":121,"677":17,"678":104,"679":104,"680":104,"681":7,"682":7,"683":0,"684":0,"685":0,"686":5,"687":0,"688":0,"689":0,"690":0,"691":0,"692":0,"693":0,"694":0,"695":0,"696":0,"697":0,"698":0,"699":0,"700":0,"701":0,"702":0,"703":0,"704":11,"705":11},"f":{"0":66,"1":123,"2":7,"3":123,"4":123,"5":3395,"6":0,"7":3163,"8":5,"9":2912,"10":5,"11":311,"12":7677,"13":109,"14":8051,"15":7993,"16":220,"17":35,"18":69,"19":45,"20":41,"21":8145,"22":8145,"23":8089,"24":109,"25":0,"26":14333,"27":9866,"28":9866,"29":32640,"30":3780,"31":109,"32":109,"33":0,"34":0,"35":66,"36":50,"37":7,"38":0,"39":7,"40":7,"41":16,"42":36,"43":7,"44":10,"45":18,"46":0,"47":32,"48":0,"49":0,"50":0,"51":0,"52":0,"53":0,"54":0,"55":0,"56":0,"57":1,"58":121,"59":7,"60":0,"61":0,"62":0,"63":5,"64":0,"65":0,"66":0},"b":{"0":[66,0],"1":[0,123],"2":[861,3780],"3":[868,2912],"4":[1453,1459],"5":[86,37],"6":[86,37],"7":[86,37],"8":[86,37],"9":[123,0],"10":[0,123],"11":[0,123],"12":[123,123],"13":[0,123],"14":[123,123],"15":[0,123],"16":[0,123],"17":[0,123],"18":[0,123],"19":[868,2912],"20":[0,868],"21":[0,2912],"22":[0,984],"23":[165359,51921],"24":[3917,48004],"25":[16008,35913],"26":[27160,190120],"27":[21501,5659],"28":[23765,3395],"29":[129,3266],"30":[129,3266],"31":[129,3266],"32":[129,3266],"33":[3395,3266],"34":[3395,0],"35":[0,0],"36":[0,0],"37":[0,3163],"38":[3090,73],"39":[5,0],"40":[0,2912],"41":[2912,2912],"42":[0,2912],"43":[0,2912],"44":[247,2665],"45":[0,5],"46":[5,5],"47":[32,7645],"48":[7677,1720,1697],"49":[0,128],"50":[354,7291],"51":[0,311],"52":[311,0],"53":[0,19904],"54":[17491,2413],"55":[19904,4802],"56":[1251,1162],"57":[1050,201],"58":[670,380],"59":[1050,746],"60":[388,2114],"61":[0,2114],"62":[2114,389],"63":[0,2114],"64":[3374,7943],"65":[5587,2356],"66":[2002,354],"67":[1662,3925],"68":[5587,5095],"69":[84,227],"70":[311,84,227],"71":[8,76],"72":[84,19,13,8,8],"73":[82,229],"74":[311,82,229],"75":[8,74],"76":[82,18,14,13,8,8],"77":[0,311],"78":[0,311],"79":[311,0],"80":[6739,1034],"81":[0,109],"82":[0,109],"83":[94,15],"84":[11,98],"85":[0,11],"86":[4,105],"87":[10,99],"88":[4,6],"89":[52429,481469],"90":[420812,60657],"91":[481469,124293],"92":[1994,58663],"93":[104,1890],"94":[69,35],"95":[66,3],"96":[25,10],"97":[126,1764],"98":[1890,1873],"99":[904,1625],"100":[860,904],"101":[35,15],"102":[69,66],"103":[315,2880],"104":[400,2480],"105":[263,137],"106":[4,41],"107":[6,35],"108":[41,9,6],"109":[41,159],"110":[57,143],"111":[32,168],"112":[41,159],"113":[0,8145],"114":[0,0],"115":[136,8009],"116":[1275,6870],"117":[8,1267],"118":[8,1259],"119":[1730,6415],"120":[40,3402],"121":[1819,6326],"122":[13,3624],"123":[674,7471],"124":[318,356],"125":[1851,6294],"126":[377,5917],"127":[4038,4107],"128":[43,8046],"129":[366,7680],"130":[0,7680],"131":[0,0],"132":[16,8030],"133":[8,8],"134":[8,0],"135":[0,2708],"136":[2708,1066,150],"137":[0,0],"138":[0,0],"139":[0,109],"140":[0,0],"141":[0,0],"142":[0,0],"143":[0,0],"144":[0,0],"145":[0,0],"146":[0,0],"147":[16447,16193],"148":[113,650],"149":[0,109],"150":[0,560],"151":[0,0],"152":[0,0],"153":[462,4224],"154":[0,0],"155":[0,0],"156":[0,0],"157":[0,0,0],"158":[36,35,27,23],"159":[18,18,18,11,8],"160":[0,0],"161":[0,0],"162":[0,0],"163":[0,0],"164":[0,0],"165":[0,0],"166":[0,0],"167":[0,0],"168":[0,0],"169":[0,0],"170":[0,0],"171":[0,0],"172":[0,0],"173":[0,0],"174":[0,0],"175":[0,0],"176":[0,0],"177":[0,0],"178":[0,0],"179":[0,0],"180":[0,0],"181":[0,0],"182":[0,0],"183":[0,0],"184":[0,0],"185":[0,0],"186":[0,0],"187":[0,0],"188":[0,0],"189":[0,121],"190":[0,0],"191":[121,0],"192":[104,1823],"193":[1927,476,110,10],"194":[17,104],"195":[5,2],"196":[0,0],"197":[0,0],"198":[0,0,0],"199":[0,0],"200":[11,0]},"_coverageSchema":"43e27e138ebf9cfc5966b082cf9a028302ed4184","hash":"6801c9ce31c51f0de94c1f6d13693cf5887e5f15"}
}
