{"C:\\Users\\Dorong\\Documents\\GitHub\\3D-Hartwig-chess-set\\js\\libraries.js": {"path":"C:\\Users\\Dorong\\Documents\\GitHub\\3D-Hartwig-chess-set\\js\\libraries.js","statementMap":{"0":{"start":{"line":1,"column":15},"end":{"line":1,"column":32}},"1":{"start":{"line":30,"column":12},"end":{"line":1540,"column":1}},"2":{"start":{"line":32,"column":14},"end":{"line":32,"column":17}},"3":{"start":{"line":33,"column":14},"end":{"line":33,"column":17}},"4":{"start":{"line":35,"column":14},"end":{"line":35,"column":16}},"5":{"start":{"line":37,"column":13},"end":{"line":37,"column":16}},"6":{"start":{"line":38,"column":15},"end":{"line":38,"column":18}},"7":{"start":{"line":39,"column":15},"end":{"line":39,"column":18}},"8":{"start":{"line":40,"column":13},"end":{"line":40,"column":16}},"9":{"start":{"line":41,"column":14},"end":{"line":41,"column":17}},"10":{"start":{"line":42,"column":13},"end":{"line":42,"column":16}},"11":{"start":{"line":44,"column":16},"end":{"line":44,"column":30}},"12":{"start":{"line":46,"column":25},"end":{"line":46,"column":83}},"13":{"start":{"line":48,"column":25},"end":{"line":48,"column":55}},"14":{"start":{"line":50,"column":21},"end":{"line":53,"column":3}},"15":{"start":{"line":55,"column":22},"end":{"line":61,"column":3}},"16":{"start":{"line":63,"column":16},"end":{"line":79,"column":3}},"17":{"start":{"line":81,"column":13},"end":{"line":97,"column":3}},"18":{"start":{"line":99,"column":15},"end":{"line":99,"column":53}},"19":{"start":{"line":101,"column":14},"end":{"line":109,"column":3}},"20":{"start":{"line":111,"column":13},"end":{"line":119,"column":3}},"21":{"start":{"line":121,"column":15},"end":{"line":121,"column":16}},"22":{"start":{"line":122,"column":15},"end":{"line":122,"column":16}},"23":{"start":{"line":123,"column":15},"end":{"line":123,"column":16}},"24":{"start":{"line":124,"column":15},"end":{"line":124,"column":16}},"25":{"start":{"line":125,"column":15},"end":{"line":125,"column":16}},"26":{"start":{"line":126,"column":15},"end":{"line":126,"column":16}},"27":{"start":{"line":127,"column":15},"end":{"line":127,"column":16}},"28":{"start":{"line":128,"column":15},"end":{"line":128,"column":16}},"29":{"start":{"line":130,"column":16},"end":{"line":139,"column":3}},"30":{"start":{"line":141,"column":14},"end":{"line":146,"column":3}},"31":{"start":{"line":148,"column":14},"end":{"line":148,"column":28}},"32":{"start":{"line":149,"column":14},"end":{"line":149,"column":34}},"33":{"start":{"line":150,"column":13},"end":{"line":150,"column":18}},"34":{"start":{"line":151,"column":17},"end":{"line":151,"column":29}},"35":{"start":{"line":152,"column":18},"end":{"line":152,"column":23}},"36":{"start":{"line":153,"column":19},"end":{"line":153,"column":20}},"37":{"start":{"line":154,"column":20},"end":{"line":154,"column":21}},"38":{"start":{"line":155,"column":16},"end":{"line":155,"column":18}},"39":{"start":{"line":156,"column":15},"end":{"line":156,"column":17}},"40":{"start":{"line":161,"column":2},"end":{"line":165,"column":3}},"41":{"start":{"line":162,"column":4},"end":{"line":162,"column":27}},"42":{"start":{"line":164,"column":4},"end":{"line":164,"column":14}},"43":{"start":{"line":168,"column":4},"end":{"line":168,"column":27}},"44":{"start":{"line":169,"column":4},"end":{"line":169,"column":33}},"45":{"start":{"line":170,"column":4},"end":{"line":170,"column":17}},"46":{"start":{"line":171,"column":4},"end":{"line":171,"column":30}},"47":{"start":{"line":172,"column":4},"end":{"line":172,"column":22}},"48":{"start":{"line":173,"column":4},"end":{"line":173,"column":19}},"49":{"start":{"line":174,"column":4},"end":{"line":174,"column":20}},"50":{"start":{"line":175,"column":4},"end":{"line":175,"column":17}},"51":{"start":{"line":176,"column":4},"end":{"line":176,"column":16}},"52":{"start":{"line":177,"column":4},"end":{"line":177,"column":33}},"53":{"start":{"line":181,"column":4},"end":{"line":181,"column":27}},"54":{"start":{"line":185,"column":17},"end":{"line":185,"column":33}},"55":{"start":{"line":186,"column":19},"end":{"line":186,"column":28}},"56":{"start":{"line":187,"column":17},"end":{"line":187,"column":18}},"57":{"start":{"line":188,"column":16},"end":{"line":188,"column":37}},"58":{"start":{"line":190,"column":4},"end":{"line":192,"column":5}},"59":{"start":{"line":191,"column":6},"end":{"line":191,"column":19}},"60":{"start":{"line":194,"column":4},"end":{"line":194,"column":12}},"61":{"start":{"line":196,"column":4},"end":{"line":208,"column":5}},"62":{"start":{"line":196,"column":17},"end":{"line":196,"column":18}},"63":{"start":{"line":197,"column":18},"end":{"line":197,"column":36}},"64":{"start":{"line":199,"column":6},"end":{"line":207,"column":7}},"65":{"start":{"line":200,"column":8},"end":{"line":200,"column":20}},"66":{"start":{"line":201,"column":13},"end":{"line":207,"column":7}},"67":{"start":{"line":202,"column":8},"end":{"line":202,"column":38}},"68":{"start":{"line":204,"column":20},"end":{"line":204,"column":49}},"69":{"start":{"line":205,"column":8},"end":{"line":205,"column":74}},"70":{"start":{"line":206,"column":8},"end":{"line":206,"column":17}},"71":{"start":{"line":210,"column":4},"end":{"line":210,"column":21}},"72":{"start":{"line":212,"column":4},"end":{"line":214,"column":5}},"73":{"start":{"line":213,"column":6},"end":{"line":213,"column":38}},"74":{"start":{"line":215,"column":4},"end":{"line":217,"column":5}},"75":{"start":{"line":216,"column":6},"end":{"line":216,"column":38}},"76":{"start":{"line":218,"column":4},"end":{"line":220,"column":5}},"77":{"start":{"line":219,"column":6},"end":{"line":219,"column":38}},"78":{"start":{"line":221,"column":4},"end":{"line":223,"column":5}},"79":{"start":{"line":222,"column":6},"end":{"line":222,"column":38}},"80":{"start":{"line":225,"column":4},"end":{"line":225,"column":64}},"81":{"start":{"line":226,"column":4},"end":{"line":226,"column":41}},"82":{"start":{"line":227,"column":4},"end":{"line":227,"column":42}},"83":{"start":{"line":229,"column":4},"end":{"line":229,"column":33}},"84":{"start":{"line":231,"column":4},"end":{"line":231,"column":16}},"85":{"start":{"line":235,"column":17},"end":{"line":247,"column":5}},"86":{"start":{"line":250,"column":17},"end":{"line":250,"column":33}},"87":{"start":{"line":251,"column":4},"end":{"line":253,"column":5}},"88":{"start":{"line":252,"column":6},"end":{"line":252,"column":63}},"89":{"start":{"line":256,"column":4},"end":{"line":258,"column":5}},"90":{"start":{"line":257,"column":6},"end":{"line":257,"column":63}},"91":{"start":{"line":261,"column":4},"end":{"line":263,"column":5}},"92":{"start":{"line":262,"column":6},"end":{"line":262,"column":63}},"93":{"start":{"line":266,"column":4},"end":{"line":268,"column":5}},"94":{"start":{"line":267,"column":6},"end":{"line":267,"column":63}},"95":{"start":{"line":271,"column":4},"end":{"line":273,"column":5}},"96":{"start":{"line":272,"column":6},"end":{"line":272,"column":63}},"97":{"start":{"line":276,"column":4},"end":{"line":278,"column":5}},"98":{"start":{"line":277,"column":6},"end":{"line":277,"column":63}},"99":{"start":{"line":281,"column":15},"end":{"line":281,"column":35}},"100":{"start":{"line":282,"column":4},"end":{"line":284,"column":5}},"101":{"start":{"line":283,"column":6},"end":{"line":283,"column":63}},"102":{"start":{"line":287,"column":4},"end":{"line":310,"column":5}},"103":{"start":{"line":287,"column":17},"end":{"line":287,"column":18}},"104":{"start":{"line":289,"column":23},"end":{"line":289,"column":24}},"105":{"start":{"line":290,"column":32},"end":{"line":290,"column":37}},"106":{"start":{"line":292,"column":6},"end":{"line":306,"column":7}},"107":{"start":{"line":292,"column":19},"end":{"line":292,"column":20}},"108":{"start":{"line":293,"column":8},"end":{"line":305,"column":9}},"109":{"start":{"line":294,"column":10},"end":{"line":296,"column":11}},"110":{"start":{"line":295,"column":12},"end":{"line":295,"column":69}},"111":{"start":{"line":297,"column":10},"end":{"line":297,"column":45}},"112":{"start":{"line":298,"column":10},"end":{"line":298,"column":37}},"113":{"start":{"line":300,"column":10},"end":{"line":302,"column":11}},"114":{"start":{"line":301,"column":12},"end":{"line":301,"column":69}},"115":{"start":{"line":303,"column":10},"end":{"line":303,"column":26}},"116":{"start":{"line":304,"column":10},"end":{"line":304,"column":38}},"117":{"start":{"line":307,"column":6},"end":{"line":309,"column":7}},"118":{"start":{"line":308,"column":8},"end":{"line":308,"column":67}},"119":{"start":{"line":313,"column":4},"end":{"line":313,"column":60}},"120":{"start":{"line":317,"column":16},"end":{"line":317,"column":17}},"121":{"start":{"line":318,"column":14},"end":{"line":318,"column":16}},"122":{"start":{"line":320,"column":4},"end":{"line":347,"column":5}},"123":{"start":{"line":320,"column":17},"end":{"line":320,"column":27}},"124":{"start":{"line":321,"column":6},"end":{"line":333,"column":7}},"125":{"start":{"line":322,"column":8},"end":{"line":322,"column":16}},"126":{"start":{"line":324,"column":8},"end":{"line":327,"column":9}},"127":{"start":{"line":325,"column":10},"end":{"line":325,"column":23}},"128":{"start":{"line":326,"column":10},"end":{"line":326,"column":20}},"129":{"start":{"line":328,"column":20},"end":{"line":328,"column":34}},"130":{"start":{"line":329,"column":20},"end":{"line":329,"column":33}},"131":{"start":{"line":331,"column":8},"end":{"line":332,"column":59}},"132":{"start":{"line":335,"column":6},"end":{"line":346,"column":7}},"133":{"start":{"line":336,"column":8},"end":{"line":338,"column":9}},"134":{"start":{"line":337,"column":10},"end":{"line":337,"column":23}},"135":{"start":{"line":340,"column":8},"end":{"line":342,"column":9}},"136":{"start":{"line":341,"column":10},"end":{"line":341,"column":21}},"137":{"start":{"line":344,"column":8},"end":{"line":344,"column":18}},"138":{"start":{"line":345,"column":8},"end":{"line":345,"column":15}},"139":{"start":{"line":349,"column":17},"end":{"line":349,"column":19}},"140":{"start":{"line":350,"column":4},"end":{"line":350,"column":63}},"141":{"start":{"line":350,"column":47},"end":{"line":350,"column":61}},"142":{"start":{"line":351,"column":4},"end":{"line":351,"column":63}},"143":{"start":{"line":351,"column":47},"end":{"line":351,"column":61}},"144":{"start":{"line":352,"column":4},"end":{"line":352,"column":63}},"145":{"start":{"line":352,"column":47},"end":{"line":352,"column":61}},"146":{"start":{"line":353,"column":4},"end":{"line":353,"column":63}},"147":{"start":{"line":353,"column":47},"end":{"line":353,"column":61}},"148":{"start":{"line":356,"column":4},"end":{"line":356,"column":27}},"149":{"start":{"line":357,"column":18},"end":{"line":357,"column":67}},"150":{"start":{"line":359,"column":4},"end":{"line":359,"column":74}},"151":{"start":{"line":363,"column":4},"end":{"line":368,"column":5}},"152":{"start":{"line":363,"column":17},"end":{"line":363,"column":18}},"153":{"start":{"line":364,"column":6},"end":{"line":367,"column":7}},"154":{"start":{"line":366,"column":8},"end":{"line":366,"column":38}},"155":{"start":{"line":369,"column":4},"end":{"line":369,"column":18}},"156":{"start":{"line":379,"column":4},"end":{"line":379,"column":35}},"157":{"start":{"line":379,"column":28},"end":{"line":379,"column":35}},"158":{"start":{"line":381,"column":4},"end":{"line":387,"column":5}},"159":{"start":{"line":382,"column":6},"end":{"line":382,"column":28}},"160":{"start":{"line":383,"column":6},"end":{"line":383,"column":26}},"161":{"start":{"line":385,"column":6},"end":{"line":385,"column":29}},"162":{"start":{"line":386,"column":6},"end":{"line":386,"column":27}},"163":{"start":{"line":391,"column":16},"end":{"line":391,"column":38}},"164":{"start":{"line":392,"column":4},"end":{"line":392,"column":67}},"165":{"start":{"line":397,"column":4},"end":{"line":399,"column":5}},"166":{"start":{"line":398,"column":6},"end":{"line":398,"column":19}},"167":{"start":{"line":402,"column":4},"end":{"line":404,"column":5}},"168":{"start":{"line":403,"column":6},"end":{"line":403,"column":19}},"169":{"start":{"line":407,"column":4},"end":{"line":409,"column":5}},"170":{"start":{"line":408,"column":6},"end":{"line":408,"column":19}},"171":{"start":{"line":411,"column":13},"end":{"line":411,"column":28}},"172":{"start":{"line":412,"column":4},"end":{"line":412,"column":55}},"173":{"start":{"line":413,"column":4},"end":{"line":415,"column":5}},"174":{"start":{"line":414,"column":6},"end":{"line":414,"column":30}},"175":{"start":{"line":417,"column":4},"end":{"line":417,"column":33}},"176":{"start":{"line":419,"column":4},"end":{"line":419,"column":16}},"177":{"start":{"line":423,"column":16},"end":{"line":423,"column":27}},"178":{"start":{"line":424,"column":4},"end":{"line":424,"column":34}},"179":{"start":{"line":425,"column":4},"end":{"line":427,"column":5}},"180":{"start":{"line":426,"column":6},"end":{"line":426,"column":33}},"181":{"start":{"line":429,"column":4},"end":{"line":429,"column":33}},"182":{"start":{"line":431,"column":4},"end":{"line":431,"column":17}},"183":{"start":{"line":438,"column":6},"end":{"line":471,"column":7}},"184":{"start":{"line":440,"column":23},"end":{"line":440,"column":52}},"185":{"start":{"line":441,"column":10},"end":{"line":456,"column":11}},"186":{"start":{"line":441,"column":23},"end":{"line":441,"column":24}},"187":{"start":{"line":441,"column":32},"end":{"line":441,"column":45}},"188":{"start":{"line":442,"column":28},"end":{"line":449,"column":13}},"189":{"start":{"line":452,"column":12},"end":{"line":454,"column":13}},"190":{"start":{"line":453,"column":14},"end":{"line":453,"column":50}},"191":{"start":{"line":455,"column":12},"end":{"line":455,"column":34}},"192":{"start":{"line":458,"column":19},"end":{"line":464,"column":9}},"193":{"start":{"line":466,"column":8},"end":{"line":468,"column":9}},"194":{"start":{"line":467,"column":10},"end":{"line":467,"column":41}},"195":{"start":{"line":470,"column":8},"end":{"line":470,"column":25}},"196":{"start":{"line":474,"column":16},"end":{"line":474,"column":18}},"197":{"start":{"line":475,"column":13},"end":{"line":475,"column":17}},"198":{"start":{"line":476,"column":15},"end":{"line":476,"column":29}},"199":{"start":{"line":477,"column":22},"end":{"line":477,"column":44}},"200":{"start":{"line":478,"column":24},"end":{"line":478,"column":26}},"201":{"start":{"line":480,"column":4},"end":{"line":486,"column":5}},"202":{"start":{"line":481,"column":6},"end":{"line":481,"column":64}},"203":{"start":{"line":483,"column":2},"end":{"line":483,"column":26}},"204":{"start":{"line":484,"column":2},"end":{"line":484,"column":14}},"205":{"start":{"line":485,"column":2},"end":{"line":485,"column":21}},"206":{"start":{"line":487,"column":4},"end":{"line":544,"column":5}},"207":{"start":{"line":489,"column":12},"end":{"line":489,"column":30}},"208":{"start":{"line":490,"column":6},"end":{"line":490,"column":41}},"209":{"start":{"line":490,"column":22},"end":{"line":490,"column":29}},"210":{"start":{"line":490,"column":30},"end":{"line":490,"column":39}},"211":{"start":{"line":492,"column":18},"end":{"line":492,"column":26}},"212":{"start":{"line":493,"column":6},"end":{"line":495,"column":7}},"213":{"start":{"line":494,"column":8},"end":{"line":494,"column":17}},"214":{"start":{"line":497,"column":6},"end":{"line":543,"column":7}},"215":{"start":{"line":499,"column":21},"end":{"line":499,"column":44}},"216":{"start":{"line":500,"column":8},"end":{"line":508,"column":9}},"217":{"start":{"line":501,"column":12},"end":{"line":501,"column":59}},"218":{"start":{"line":504,"column":23},"end":{"line":504,"column":46}},"219":{"start":{"line":505,"column":10},"end":{"line":507,"column":11}},"220":{"start":{"line":506,"column":12},"end":{"line":506,"column":61}},"221":{"start":{"line":511,"column":8},"end":{"line":521,"column":9}},"222":{"start":{"line":512,"column":23},"end":{"line":512,"column":46}},"223":{"start":{"line":513,"column":10},"end":{"line":513,"column":38}},"224":{"start":{"line":513,"column":29},"end":{"line":513,"column":38}},"225":{"start":{"line":515,"column":10},"end":{"line":520,"column":11}},"226":{"start":{"line":517,"column":14},"end":{"line":517,"column":62}},"227":{"start":{"line":518,"column":17},"end":{"line":520,"column":11}},"228":{"start":{"line":519,"column":14},"end":{"line":519,"column":68}},"229":{"start":{"line":523,"column":8},"end":{"line":542,"column":9}},"230":{"start":{"line":523,"column":21},"end":{"line":523,"column":22}},"231":{"start":{"line":523,"column":30},"end":{"line":523,"column":62}},"232":{"start":{"line":524,"column":23},"end":{"line":524,"column":51}},"233":{"start":{"line":525,"column":23},"end":{"line":525,"column":24}},"234":{"start":{"line":527,"column":10},"end":{"line":541,"column":11}},"235":{"start":{"line":528,"column":12},"end":{"line":528,"column":29}},"236":{"start":{"line":529,"column":12},"end":{"line":529,"column":37}},"237":{"start":{"line":529,"column":31},"end":{"line":529,"column":37}},"238":{"start":{"line":531,"column":12},"end":{"line":537,"column":13}},"239":{"start":{"line":532,"column":14},"end":{"line":532,"column":61}},"240":{"start":{"line":534,"column":14},"end":{"line":534,"column":51}},"241":{"start":{"line":534,"column":45},"end":{"line":534,"column":51}},"242":{"start":{"line":535,"column":14},"end":{"line":535,"column":62}},"243":{"start":{"line":536,"column":14},"end":{"line":536,"column":20}},"244":{"start":{"line":540,"column":12},"end":{"line":540,"column":62}},"245":{"start":{"line":540,"column":56},"end":{"line":540,"column":62}},"246":{"start":{"line":547,"column":4},"end":{"line":559,"column":5}},"247":{"start":{"line":548,"column":26},"end":{"line":548,"column":35}},"248":{"start":{"line":549,"column":24},"end":{"line":549,"column":41}},"249":{"start":{"line":551,"column":6},"end":{"line":558,"column":7}},"250":{"start":{"line":556,"column":8},"end":{"line":557,"column":36}},"251":{"start":{"line":562,"column":4},"end":{"line":575,"column":5}},"252":{"start":{"line":563,"column":26},"end":{"line":563,"column":35}},"253":{"start":{"line":564,"column":24},"end":{"line":564,"column":41}},"254":{"start":{"line":566,"column":6},"end":{"line":574,"column":7}},"255":{"start":{"line":572,"column":8},"end":{"line":573,"column":36}},"256":{"start":{"line":578,"column":4},"end":{"line":580,"column":5}},"257":{"start":{"line":579,"column":6},"end":{"line":579,"column":31}},"258":{"start":{"line":585,"column":4},"end":{"line":587,"column":5}},"259":{"start":{"line":586,"column":6},"end":{"line":586,"column":19}},"260":{"start":{"line":590,"column":22},"end":{"line":590,"column":24}},"261":{"start":{"line":591,"column":4},"end":{"line":597,"column":5}},"262":{"start":{"line":591,"column":17},"end":{"line":591,"column":18}},"263":{"start":{"line":591,"column":26},"end":{"line":591,"column":38}},"264":{"start":{"line":592,"column":6},"end":{"line":592,"column":26}},"265":{"start":{"line":593,"column":6},"end":{"line":595,"column":7}},"266":{"start":{"line":594,"column":8},"end":{"line":594,"column":35}},"267":{"start":{"line":596,"column":6},"end":{"line":596,"column":18}},"268":{"start":{"line":599,"column":4},"end":{"line":599,"column":23}},"269":{"start":{"line":606,"column":17},"end":{"line":606,"column":19}},"270":{"start":{"line":608,"column":4},"end":{"line":631,"column":5}},"271":{"start":{"line":609,"column":6},"end":{"line":609,"column":21}},"272":{"start":{"line":610,"column":11},"end":{"line":631,"column":5}},"273":{"start":{"line":611,"column":6},"end":{"line":611,"column":23}},"274":{"start":{"line":613,"column":26},"end":{"line":613,"column":49}},"275":{"start":{"line":615,"column":6},"end":{"line":617,"column":7}},"276":{"start":{"line":616,"column":8},"end":{"line":616,"column":59}},"277":{"start":{"line":619,"column":6},"end":{"line":624,"column":7}},"278":{"start":{"line":620,"column":8},"end":{"line":622,"column":9}},"279":{"start":{"line":621,"column":10},"end":{"line":621,"column":44}},"280":{"start":{"line":623,"column":8},"end":{"line":623,"column":22}},"281":{"start":{"line":626,"column":6},"end":{"line":626,"column":35}},"282":{"start":{"line":628,"column":6},"end":{"line":630,"column":7}},"283":{"start":{"line":629,"column":8},"end":{"line":629,"column":53}},"284":{"start":{"line":633,"column":4},"end":{"line":633,"column":20}},"285":{"start":{"line":634,"column":4},"end":{"line":640,"column":5}},"286":{"start":{"line":635,"column":6},"end":{"line":639,"column":7}},"287":{"start":{"line":636,"column":8},"end":{"line":636,"column":22}},"288":{"start":{"line":638,"column":8},"end":{"line":638,"column":22}},"289":{"start":{"line":641,"column":4},"end":{"line":641,"column":16}},"290":{"start":{"line":643,"column":4},"end":{"line":643,"column":18}},"291":{"start":{"line":647,"column":4},"end":{"line":682,"column":5}},"292":{"start":{"line":647,"column":17},"end":{"line":647,"column":27}},"293":{"start":{"line":649,"column":6},"end":{"line":649,"column":41}},"294":{"start":{"line":649,"column":22},"end":{"line":649,"column":29}},"295":{"start":{"line":649,"column":30},"end":{"line":649,"column":39}},"296":{"start":{"line":652,"column":6},"end":{"line":652,"column":64}},"297":{"start":{"line":652,"column":55},"end":{"line":652,"column":64}},"298":{"start":{"line":654,"column":18},"end":{"line":654,"column":26}},"299":{"start":{"line":655,"column":23},"end":{"line":655,"column":33}},"300":{"start":{"line":656,"column":18},"end":{"line":656,"column":34}},"301":{"start":{"line":658,"column":6},"end":{"line":681,"column":7}},"302":{"start":{"line":659,"column":8},"end":{"line":666,"column":9}},"303":{"start":{"line":660,"column":10},"end":{"line":664,"column":11}},"304":{"start":{"line":661,"column":12},"end":{"line":661,"column":50}},"305":{"start":{"line":661,"column":38},"end":{"line":661,"column":50}},"306":{"start":{"line":663,"column":12},"end":{"line":663,"column":50}},"307":{"start":{"line":663,"column":38},"end":{"line":663,"column":50}},"308":{"start":{"line":665,"column":10},"end":{"line":665,"column":19}},"309":{"start":{"line":669,"column":8},"end":{"line":669,"column":64}},"310":{"start":{"line":669,"column":52},"end":{"line":669,"column":64}},"311":{"start":{"line":671,"column":21},"end":{"line":671,"column":32}},"312":{"start":{"line":672,"column":16},"end":{"line":672,"column":26}},"313":{"start":{"line":674,"column":22},"end":{"line":674,"column":27}},"314":{"start":{"line":675,"column":8},"end":{"line":678,"column":9}},"315":{"start":{"line":676,"column":10},"end":{"line":676,"column":58}},"316":{"start":{"line":676,"column":34},"end":{"line":676,"column":49}},"317":{"start":{"line":676,"column":50},"end":{"line":676,"column":56}},"318":{"start":{"line":677,"column":10},"end":{"line":677,"column":22}},"319":{"start":{"line":680,"column":8},"end":{"line":680,"column":34}},"320":{"start":{"line":680,"column":22},"end":{"line":680,"column":34}},"321":{"start":{"line":684,"column":4},"end":{"line":684,"column":17}},"322":{"start":{"line":688,"column":4},"end":{"line":688,"column":53}},"323":{"start":{"line":692,"column":4},"end":{"line":692,"column":31}},"324":{"start":{"line":696,"column":4},"end":{"line":696,"column":53}},"325":{"start":{"line":700,"column":4},"end":{"line":700,"column":54}},"326":{"start":{"line":704,"column":17},"end":{"line":704,"column":19}},"327":{"start":{"line":705,"column":21},"end":{"line":705,"column":22}},"328":{"start":{"line":707,"column":4},"end":{"line":716,"column":5}},"329":{"start":{"line":707,"column":17},"end":{"line":707,"column":27}},"330":{"start":{"line":708,"column":6},"end":{"line":708,"column":41}},"331":{"start":{"line":708,"column":22},"end":{"line":708,"column":29}},"332":{"start":{"line":708,"column":30},"end":{"line":708,"column":39}},"333":{"start":{"line":710,"column":18},"end":{"line":710,"column":26}},"334":{"start":{"line":711,"column":6},"end":{"line":715,"column":7}},"335":{"start":{"line":712,"column":8},"end":{"line":713,"column":57}},"336":{"start":{"line":714,"column":8},"end":{"line":714,"column":21}},"337":{"start":{"line":719,"column":4},"end":{"line":723,"column":71}},"338":{"start":{"line":719,"column":27},"end":{"line":719,"column":39}},"339":{"start":{"line":722,"column":9},"end":{"line":723,"column":71}},"340":{"start":{"line":723,"column":57},"end":{"line":723,"column":69}},"341":{"start":{"line":727,"column":4},"end":{"line":727,"column":17}},"342":{"start":{"line":736,"column":16},"end":{"line":736,"column":18}},"343":{"start":{"line":737,"column":20},"end":{"line":737,"column":22}},"344":{"start":{"line":738,"column":21},"end":{"line":738,"column":26}},"345":{"start":{"line":740,"column":4},"end":{"line":744,"column":5}},"346":{"start":{"line":741,"column":17},"end":{"line":741,"column":28}},"347":{"start":{"line":742,"column":6},"end":{"line":742,"column":23}},"348":{"start":{"line":742,"column":17},"end":{"line":742,"column":23}},"349":{"start":{"line":743,"column":6},"end":{"line":743,"column":23}},"350":{"start":{"line":746,"column":4},"end":{"line":761,"column":5}},"351":{"start":{"line":749,"column":16},"end":{"line":749,"column":62}},"352":{"start":{"line":752,"column":6},"end":{"line":752,"column":67}},"353":{"start":{"line":753,"column":6},"end":{"line":755,"column":7}},"354":{"start":{"line":754,"column":8},"end":{"line":754,"column":26}},"355":{"start":{"line":757,"column":6},"end":{"line":759,"column":7}},"356":{"start":{"line":758,"column":8},"end":{"line":758,"column":14}},"357":{"start":{"line":760,"column":6},"end":{"line":760,"column":29}},"358":{"start":{"line":763,"column":4},"end":{"line":763,"column":22}},"359":{"start":{"line":767,"column":4},"end":{"line":775,"column":7}},"360":{"start":{"line":779,"column":13},"end":{"line":779,"column":17}},"361":{"start":{"line":780,"column":15},"end":{"line":780,"column":29}},"362":{"start":{"line":781,"column":4},"end":{"line":781,"column":15}},"363":{"start":{"line":783,"column":4},"end":{"line":783,"column":38}},"364":{"start":{"line":784,"column":4},"end":{"line":784,"column":28}},"365":{"start":{"line":787,"column":4},"end":{"line":793,"column":5}},"366":{"start":{"line":788,"column":6},"end":{"line":792,"column":7}},"367":{"start":{"line":789,"column":8},"end":{"line":789,"column":35}},"368":{"start":{"line":791,"column":8},"end":{"line":791,"column":35}},"369":{"start":{"line":796,"column":4},"end":{"line":798,"column":5}},"370":{"start":{"line":797,"column":6},"end":{"line":797,"column":57}},"371":{"start":{"line":801,"column":4},"end":{"line":819,"column":5}},"372":{"start":{"line":802,"column":6},"end":{"line":802,"column":44}},"373":{"start":{"line":805,"column":6},"end":{"line":815,"column":7}},"374":{"start":{"line":806,"column":26},"end":{"line":806,"column":37}},"375":{"start":{"line":807,"column":28},"end":{"line":807,"column":39}},"376":{"start":{"line":808,"column":8},"end":{"line":808,"column":50}},"377":{"start":{"line":809,"column":8},"end":{"line":809,"column":36}},"378":{"start":{"line":810,"column":13},"end":{"line":815,"column":7}},"379":{"start":{"line":811,"column":26},"end":{"line":811,"column":37}},"380":{"start":{"line":812,"column":28},"end":{"line":812,"column":39}},"381":{"start":{"line":813,"column":8},"end":{"line":813,"column":50}},"382":{"start":{"line":814,"column":8},"end":{"line":814,"column":36}},"383":{"start":{"line":818,"column":6},"end":{"line":818,"column":26}},"384":{"start":{"line":822,"column":4},"end":{"line":831,"column":5}},"385":{"start":{"line":824,"column":6},"end":{"line":830,"column":7}},"386":{"start":{"line":824,"column":19},"end":{"line":824,"column":20}},"387":{"start":{"line":824,"column":28},"end":{"line":824,"column":46}},"388":{"start":{"line":825,"column":8},"end":{"line":829,"column":9}},"389":{"start":{"line":826,"column":10},"end":{"line":827,"column":50}},"390":{"start":{"line":828,"column":10},"end":{"line":828,"column":16}},"391":{"start":{"line":834,"column":4},"end":{"line":842,"column":5}},"392":{"start":{"line":835,"column":6},"end":{"line":841,"column":7}},"393":{"start":{"line":835,"column":19},"end":{"line":835,"column":20}},"394":{"start":{"line":835,"column":28},"end":{"line":835,"column":46}},"395":{"start":{"line":836,"column":8},"end":{"line":840,"column":9}},"396":{"start":{"line":837,"column":10},"end":{"line":838,"column":50}},"397":{"start":{"line":839,"column":10},"end":{"line":839,"column":16}},"398":{"start":{"line":845,"column":4},"end":{"line":853,"column":5}},"399":{"start":{"line":846,"column":6},"end":{"line":850,"column":7}},"400":{"start":{"line":847,"column":8},"end":{"line":847,"column":33}},"401":{"start":{"line":849,"column":8},"end":{"line":849,"column":33}},"402":{"start":{"line":852,"column":6},"end":{"line":852,"column":24}},"403":{"start":{"line":856,"column":4},"end":{"line":862,"column":5}},"404":{"start":{"line":857,"column":6},"end":{"line":857,"column":21}},"405":{"start":{"line":858,"column":11},"end":{"line":862,"column":5}},"406":{"start":{"line":859,"column":6},"end":{"line":859,"column":21}},"407":{"start":{"line":861,"column":6},"end":{"line":861,"column":19}},"408":{"start":{"line":864,"column":4},"end":{"line":866,"column":5}},"409":{"start":{"line":865,"column":6},"end":{"line":865,"column":20}},"410":{"start":{"line":867,"column":4},"end":{"line":867,"column":28}},"411":{"start":{"line":871,"column":14},"end":{"line":871,"column":27}},"412":{"start":{"line":872,"column":4},"end":{"line":872,"column":37}},"413":{"start":{"line":872,"column":23},"end":{"line":872,"column":35}},"414":{"start":{"line":874,"column":15},"end":{"line":874,"column":23}},"415":{"start":{"line":875,"column":4},"end":{"line":875,"column":22}},"416":{"start":{"line":876,"column":4},"end":{"line":876,"column":20}},"417":{"start":{"line":877,"column":4},"end":{"line":877,"column":28}},"418":{"start":{"line":878,"column":4},"end":{"line":878,"column":30}},"419":{"start":{"line":879,"column":4},"end":{"line":879,"column":32}},"420":{"start":{"line":880,"column":4},"end":{"line":880,"column":34}},"421":{"start":{"line":882,"column":13},"end":{"line":882,"column":17}},"422":{"start":{"line":883,"column":15},"end":{"line":883,"column":31}},"423":{"start":{"line":885,"column":4},"end":{"line":885,"column":38}},"424":{"start":{"line":886,"column":4},"end":{"line":886,"column":38}},"425":{"start":{"line":887,"column":4},"end":{"line":887,"column":26}},"426":{"start":{"line":889,"column":4},"end":{"line":899,"column":5}},"427":{"start":{"line":890,"column":6},"end":{"line":890,"column":58}},"428":{"start":{"line":891,"column":11},"end":{"line":899,"column":5}},"429":{"start":{"line":893,"column":6},"end":{"line":897,"column":7}},"430":{"start":{"line":894,"column":8},"end":{"line":894,"column":29}},"431":{"start":{"line":896,"column":8},"end":{"line":896,"column":29}},"432":{"start":{"line":898,"column":6},"end":{"line":898,"column":47}},"433":{"start":{"line":902,"column":4},"end":{"line":914,"column":5}},"434":{"start":{"line":904,"column":6},"end":{"line":910,"column":7}},"435":{"start":{"line":905,"column":8},"end":{"line":905,"column":34}},"436":{"start":{"line":906,"column":8},"end":{"line":906,"column":36}},"437":{"start":{"line":907,"column":13},"end":{"line":910,"column":7}},"438":{"start":{"line":908,"column":8},"end":{"line":908,"column":34}},"439":{"start":{"line":909,"column":8},"end":{"line":909,"column":36}},"440":{"start":{"line":912,"column":6},"end":{"line":912,"column":48}},"441":{"start":{"line":913,"column":6},"end":{"line":913,"column":34}},"442":{"start":{"line":916,"column":4},"end":{"line":916,"column":16}},"443":{"start":{"line":921,"column":16},"end":{"line":921,"column":32}},"444":{"start":{"line":923,"column":15},"end":{"line":923,"column":24}},"445":{"start":{"line":924,"column":13},"end":{"line":924,"column":20}},"446":{"start":{"line":925,"column":16},"end":{"line":925,"column":26}},"447":{"start":{"line":927,"column":22},"end":{"line":927,"column":23}},"448":{"start":{"line":928,"column":20},"end":{"line":928,"column":21}},"449":{"start":{"line":929,"column":20},"end":{"line":929,"column":21}},"450":{"start":{"line":931,"column":4},"end":{"line":950,"column":5}},"451":{"start":{"line":931,"column":17},"end":{"line":931,"column":18}},"452":{"start":{"line":931,"column":26},"end":{"line":931,"column":38}},"453":{"start":{"line":932,"column":23},"end":{"line":932,"column":36}},"454":{"start":{"line":933,"column":21},"end":{"line":933,"column":32}},"455":{"start":{"line":934,"column":24},"end":{"line":934,"column":38}},"456":{"start":{"line":939,"column":6},"end":{"line":949,"column":7}},"457":{"start":{"line":940,"column":8},"end":{"line":940,"column":22}},"458":{"start":{"line":942,"column":8},"end":{"line":944,"column":9}},"459":{"start":{"line":943,"column":10},"end":{"line":943,"column":22}},"460":{"start":{"line":946,"column":8},"end":{"line":948,"column":9}},"461":{"start":{"line":947,"column":10},"end":{"line":947,"column":22}},"462":{"start":{"line":952,"column":4},"end":{"line":969,"column":5}},"463":{"start":{"line":956,"column":6},"end":{"line":968,"column":7}},"464":{"start":{"line":957,"column":8},"end":{"line":957,"column":31}},"465":{"start":{"line":962,"column":11},"end":{"line":968,"column":7}},"466":{"start":{"line":963,"column":8},"end":{"line":963,"column":41}},"467":{"start":{"line":967,"column":8},"end":{"line":967,"column":41}},"468":{"start":{"line":971,"column":4},"end":{"line":971,"column":14}},"469":{"start":{"line":975,"column":12},"end":{"line":975,"column":45}},"470":{"start":{"line":976,"column":4},"end":{"line":997,"column":5}},"471":{"start":{"line":976,"column":17},"end":{"line":976,"column":27}},"472":{"start":{"line":978,"column":6},"end":{"line":980,"column":7}},"473":{"start":{"line":979,"column":8},"end":{"line":979,"column":46}},"474":{"start":{"line":983,"column":6},"end":{"line":991,"column":7}},"475":{"start":{"line":984,"column":8},"end":{"line":984,"column":19}},"476":{"start":{"line":986,"column":20},"end":{"line":986,"column":33}},"477":{"start":{"line":987,"column":20},"end":{"line":987,"column":34}},"478":{"start":{"line":988,"column":21},"end":{"line":989,"column":62}},"479":{"start":{"line":990,"column":8},"end":{"line":990,"column":32}},"480":{"start":{"line":993,"column":6},"end":{"line":996,"column":7}},"481":{"start":{"line":994,"column":8},"end":{"line":994,"column":19}},"482":{"start":{"line":995,"column":8},"end":{"line":995,"column":15}},"483":{"start":{"line":998,"column":4},"end":{"line":998,"column":43}},"484":{"start":{"line":999,"column":4},"end":{"line":999,"column":41}},"485":{"start":{"line":1001,"column":4},"end":{"line":1001,"column":13}},"486":{"start":{"line":1008,"column":4},"end":{"line":1008,"column":18}},"487":{"start":{"line":1012,"column":4},"end":{"line":1012,"column":18}},"488":{"start":{"line":1016,"column":12},"end":{"line":1016,"column":19}},"489":{"start":{"line":1016,"column":25},"end":{"line":1016,"column":32}},"490":{"start":{"line":1017,"column":4},"end":{"line":1017,"column":69}},"491":{"start":{"line":1021,"column":4},"end":{"line":1021,"column":38}},"492":{"start":{"line":1025,"column":4},"end":{"line":1025,"column":40}},"493":{"start":{"line":1030,"column":15},"end":{"line":1030,"column":31}},"494":{"start":{"line":1031,"column":4},"end":{"line":1031,"column":33}},"495":{"start":{"line":1032,"column":4},"end":{"line":1032,"column":33}},"496":{"start":{"line":1033,"column":4},"end":{"line":1033,"column":37}},"497":{"start":{"line":1035,"column":16},"end":{"line":1035,"column":18}},"498":{"start":{"line":1037,"column":4},"end":{"line":1041,"column":5}},"499":{"start":{"line":1038,"column":6},"end":{"line":1040,"column":7}},"500":{"start":{"line":1039,"column":8},"end":{"line":1039,"column":29}},"501":{"start":{"line":1042,"column":4},"end":{"line":1042,"column":23}},"502":{"start":{"line":1044,"column":4},"end":{"line":1044,"column":16}},"503":{"start":{"line":1048,"column":15},"end":{"line":1048,"column":47}},"504":{"start":{"line":1050,"column":4},"end":{"line":1056,"column":5}},"505":{"start":{"line":1051,"column":6},"end":{"line":1055,"column":7}},"506":{"start":{"line":1052,"column":8},"end":{"line":1052,"column":46}},"507":{"start":{"line":1054,"column":8},"end":{"line":1054,"column":39}},"508":{"start":{"line":1058,"column":4},"end":{"line":1058,"column":16}},"509":{"start":{"line":1062,"column":4},"end":{"line":1062,"column":41}},"510":{"start":{"line":1069,"column":16},"end":{"line":1069,"column":46}},"511":{"start":{"line":1070,"column":16},"end":{"line":1070,"column":17}},"512":{"start":{"line":1071,"column":16},"end":{"line":1071,"column":20}},"513":{"start":{"line":1073,"column":4},"end":{"line":1084,"column":5}},"514":{"start":{"line":1073,"column":17},"end":{"line":1073,"column":18}},"515":{"start":{"line":1073,"column":26},"end":{"line":1073,"column":38}},"516":{"start":{"line":1074,"column":6},"end":{"line":1074,"column":26}},"517":{"start":{"line":1075,"column":6},"end":{"line":1082,"column":7}},"518":{"start":{"line":1076,"column":8},"end":{"line":1081,"column":9}},"519":{"start":{"line":1077,"column":28},"end":{"line":1077,"column":44}},"520":{"start":{"line":1078,"column":10},"end":{"line":1078,"column":31}},"521":{"start":{"line":1080,"column":10},"end":{"line":1080,"column":18}},"522":{"start":{"line":1083,"column":6},"end":{"line":1083,"column":18}},"523":{"start":{"line":1086,"column":4},"end":{"line":1086,"column":17}},"524":{"start":{"line":1089,"column":2},"end":{"line":1539,"column":3}},"525":{"start":{"line":1108,"column":27},"end":{"line":1108,"column":29}},"526":{"start":{"line":1109,"column":16},"end":{"line":1112,"column":17}},"527":{"start":{"line":1109,"column":29},"end":{"line":1109,"column":39}},"528":{"start":{"line":1110,"column":18},"end":{"line":1110,"column":53}},"529":{"start":{"line":1110,"column":34},"end":{"line":1110,"column":41}},"530":{"start":{"line":1110,"column":42},"end":{"line":1110,"column":51}},"531":{"start":{"line":1111,"column":18},"end":{"line":1111,"column":42}},"532":{"start":{"line":1113,"column":16},"end":{"line":1113,"column":28}},"533":{"start":{"line":1121,"column":6},"end":{"line":1121,"column":23}},"534":{"start":{"line":1125,"column":6},"end":{"line":1125,"column":21}},"535":{"start":{"line":1136,"column":6},"end":{"line":1140,"column":7}},"536":{"start":{"line":1137,"column":8},"end":{"line":1137,"column":38}},"537":{"start":{"line":1139,"column":8},"end":{"line":1139,"column":61}},"538":{"start":{"line":1141,"column":18},"end":{"line":1141,"column":20}},"539":{"start":{"line":1143,"column":6},"end":{"line":1154,"column":7}},"540":{"start":{"line":1143,"column":19},"end":{"line":1143,"column":20}},"541":{"start":{"line":1143,"column":28},"end":{"line":1143,"column":45}},"542":{"start":{"line":1148,"column":8},"end":{"line":1153,"column":9}},"543":{"start":{"line":1150,"column":10},"end":{"line":1150,"column":49}},"544":{"start":{"line":1152,"column":10},"end":{"line":1152,"column":49}},"545":{"start":{"line":1156,"column":6},"end":{"line":1156,"column":19}},"546":{"start":{"line":1160,"column":6},"end":{"line":1160,"column":24}},"547":{"start":{"line":1164,"column":6},"end":{"line":1164,"column":28}},"548":{"start":{"line":1168,"column":6},"end":{"line":1168,"column":28}},"549":{"start":{"line":1172,"column":6},"end":{"line":1175,"column":39}},"550":{"start":{"line":1179,"column":6},"end":{"line":1179,"column":37}},"551":{"start":{"line":1183,"column":6},"end":{"line":1183,"column":39}},"552":{"start":{"line":1187,"column":6},"end":{"line":1191,"column":39}},"553":{"start":{"line":1195,"column":6},"end":{"line":1195,"column":31}},"554":{"start":{"line":1199,"column":6},"end":{"line":1199,"column":28}},"555":{"start":{"line":1206,"column":20},"end":{"line":1208,"column":48}},"556":{"start":{"line":1209,"column":22},"end":{"line":1211,"column":44}},"557":{"start":{"line":1212,"column":19},"end":{"line":1212,"column":21}},"558":{"start":{"line":1213,"column":26},"end":{"line":1213,"column":31}},"559":{"start":{"line":1216,"column":6},"end":{"line":1222,"column":7}},"560":{"start":{"line":1220,"column":8},"end":{"line":1220,"column":67}},"561":{"start":{"line":1221,"column":8},"end":{"line":1221,"column":29}},"562":{"start":{"line":1224,"column":6},"end":{"line":1226,"column":7}},"563":{"start":{"line":1225,"column":8},"end":{"line":1225,"column":29}},"564":{"start":{"line":1229,"column":29},"end":{"line":1229,"column":31}},"565":{"start":{"line":1230,"column":6},"end":{"line":1232,"column":7}},"566":{"start":{"line":1231,"column":8},"end":{"line":1231,"column":43}},"567":{"start":{"line":1234,"column":18},"end":{"line":1234,"column":20}},"568":{"start":{"line":1235,"column":24},"end":{"line":1235,"column":26}},"569":{"start":{"line":1236,"column":28},"end":{"line":1236,"column":29}},"570":{"start":{"line":1239,"column":6},"end":{"line":1257,"column":7}},"571":{"start":{"line":1240,"column":19},"end":{"line":1240,"column":41}},"572":{"start":{"line":1243,"column":8},"end":{"line":1253,"column":9}},"573":{"start":{"line":1244,"column":10},"end":{"line":1244,"column":33}},"574":{"start":{"line":1245,"column":10},"end":{"line":1245,"column":28}},"575":{"start":{"line":1246,"column":15},"end":{"line":1253,"column":9}},"576":{"start":{"line":1248,"column":10},"end":{"line":1250,"column":11}},"577":{"start":{"line":1249,"column":12},"end":{"line":1249,"column":36}},"578":{"start":{"line":1251,"column":10},"end":{"line":1251,"column":46}},"579":{"start":{"line":1252,"column":10},"end":{"line":1252,"column":28}},"580":{"start":{"line":1255,"column":8},"end":{"line":1255,"column":60}},"581":{"start":{"line":1256,"column":8},"end":{"line":1256,"column":24}},"582":{"start":{"line":1260,"column":6},"end":{"line":1262,"column":7}},"583":{"start":{"line":1261,"column":8},"end":{"line":1261,"column":32}},"584":{"start":{"line":1265,"column":6},"end":{"line":1267,"column":7}},"585":{"start":{"line":1266,"column":8},"end":{"line":1266,"column":34}},"586":{"start":{"line":1272,"column":6},"end":{"line":1274,"column":7}},"587":{"start":{"line":1273,"column":8},"end":{"line":1273,"column":49}},"588":{"start":{"line":1277,"column":26},"end":{"line":1277,"column":27}},"589":{"start":{"line":1278,"column":6},"end":{"line":1295,"column":7}},"590":{"start":{"line":1278,"column":19},"end":{"line":1278,"column":20}},"591":{"start":{"line":1280,"column":8},"end":{"line":1292,"column":9}},"592":{"start":{"line":1283,"column":10},"end":{"line":1285,"column":11}},"593":{"start":{"line":1284,"column":12},"end":{"line":1284,"column":25}},"594":{"start":{"line":1287,"column":10},"end":{"line":1287,"column":31}},"595":{"start":{"line":1288,"column":10},"end":{"line":1288,"column":28}},"596":{"start":{"line":1289,"column":15},"end":{"line":1292,"column":9}},"597":{"start":{"line":1290,"column":10},"end":{"line":1290,"column":27}},"598":{"start":{"line":1291,"column":10},"end":{"line":1291,"column":26}},"599":{"start":{"line":1293,"column":8},"end":{"line":1293,"column":30}},"600":{"start":{"line":1294,"column":8},"end":{"line":1294,"column":41}},"601":{"start":{"line":1297,"column":6},"end":{"line":1297,"column":29}},"602":{"start":{"line":1302,"column":8},"end":{"line":1302,"column":41}},"603":{"start":{"line":1309,"column":20},"end":{"line":1309,"column":36}},"604":{"start":{"line":1310,"column":8},"end":{"line":1314,"column":9}},"605":{"start":{"line":1310,"column":21},"end":{"line":1310,"column":22}},"606":{"start":{"line":1310,"column":30},"end":{"line":1310,"column":42}},"607":{"start":{"line":1311,"column":10},"end":{"line":1313,"column":11}},"608":{"start":{"line":1312,"column":12},"end":{"line":1312,"column":28}},"609":{"start":{"line":1315,"column":8},"end":{"line":1315,"column":20}},"610":{"start":{"line":1319,"column":8},"end":{"line":1319,"column":41}},"611":{"start":{"line":1323,"column":23},"end":{"line":1323,"column":28}},"612":{"start":{"line":1324,"column":8},"end":{"line":1326,"column":9}},"613":{"start":{"line":1325,"column":10},"end":{"line":1325,"column":26}},"614":{"start":{"line":1327,"column":8},"end":{"line":1327,"column":24}},"615":{"start":{"line":1331,"column":27},"end":{"line":1333,"column":55}},"616":{"start":{"line":1334,"column":25},"end":{"line":1334,"column":27}},"617":{"start":{"line":1335,"column":22},"end":{"line":1335,"column":48}},"618":{"start":{"line":1336,"column":18},"end":{"line":1336,"column":20}},"619":{"start":{"line":1337,"column":20},"end":{"line":1337,"column":22}},"620":{"start":{"line":1339,"column":8},"end":{"line":1345,"column":9}},"621":{"start":{"line":1339,"column":21},"end":{"line":1339,"column":22}},"622":{"start":{"line":1340,"column":10},"end":{"line":1340,"column":71}},"623":{"start":{"line":1341,"column":10},"end":{"line":1341,"column":70}},"624":{"start":{"line":1342,"column":10},"end":{"line":1344,"column":11}},"625":{"start":{"line":1343,"column":12},"end":{"line":1343,"column":36}},"626":{"start":{"line":1347,"column":8},"end":{"line":1347,"column":26}},"627":{"start":{"line":1350,"column":25},"end":{"line":1352,"column":53}},"628":{"start":{"line":1353,"column":20},"end":{"line":1355,"column":74}},"629":{"start":{"line":1358,"column":26},"end":{"line":1358,"column":50}},"630":{"start":{"line":1361,"column":6},"end":{"line":1363,"column":7}},"631":{"start":{"line":1362,"column":8},"end":{"line":1362,"column":27}},"632":{"start":{"line":1365,"column":5},"end":{"line":1365,"column":13}},"633":{"start":{"line":1368,"column":20},"end":{"line":1368,"column":60}},"634":{"start":{"line":1369,"column":6},"end":{"line":1371,"column":7}},"635":{"start":{"line":1370,"column":8},"end":{"line":1370,"column":40}},"636":{"start":{"line":1374,"column":15},"end":{"line":1374,"column":95}},"637":{"start":{"line":1377,"column":6},"end":{"line":1377,"column":44}},"638":{"start":{"line":1380,"column":6},"end":{"line":1380,"column":36}},"639":{"start":{"line":1384,"column":18},"end":{"line":1384,"column":51}},"640":{"start":{"line":1387,"column":6},"end":{"line":1387,"column":62}},"641":{"start":{"line":1388,"column":17},"end":{"line":1388,"column":19}},"642":{"start":{"line":1390,"column":6},"end":{"line":1401,"column":7}},"643":{"start":{"line":1390,"column":27},"end":{"line":1390,"column":28}},"644":{"start":{"line":1391,"column":8},"end":{"line":1391,"column":46}},"645":{"start":{"line":1396,"column":8},"end":{"line":1400,"column":9}},"646":{"start":{"line":1397,"column":10},"end":{"line":1397,"column":23}},"647":{"start":{"line":1399,"column":10},"end":{"line":1399,"column":26}},"648":{"start":{"line":1404,"column":6},"end":{"line":1404,"column":37}},"649":{"start":{"line":1405,"column":6},"end":{"line":1417,"column":7}},"650":{"start":{"line":1406,"column":8},"end":{"line":1408,"column":9}},"651":{"start":{"line":1407,"column":10},"end":{"line":1407,"column":39}},"652":{"start":{"line":1411,"column":8},"end":{"line":1411,"column":34}},"653":{"start":{"line":1412,"column":8},"end":{"line":1416,"column":9}},"654":{"start":{"line":1413,"column":10},"end":{"line":1413,"column":23}},"655":{"start":{"line":1415,"column":10},"end":{"line":1415,"column":26}},"656":{"start":{"line":1418,"column":6},"end":{"line":1418,"column":18}},"657":{"start":{"line":1422,"column":6},"end":{"line":1422,"column":35}},"658":{"start":{"line":1426,"column":6},"end":{"line":1426,"column":21}},"659":{"start":{"line":1430,"column":6},"end":{"line":1430,"column":18}},"660":{"start":{"line":1443,"column":21},"end":{"line":1443,"column":25}},"661":{"start":{"line":1444,"column":18},"end":{"line":1444,"column":34}},"662":{"start":{"line":1446,"column":6},"end":{"line":1465,"column":7}},"663":{"start":{"line":1448,"column":8},"end":{"line":1453,"column":9}},"664":{"start":{"line":1448,"column":21},"end":{"line":1448,"column":22}},"665":{"start":{"line":1448,"column":30},"end":{"line":1448,"column":42}},"666":{"start":{"line":1449,"column":10},"end":{"line":1452,"column":11}},"667":{"start":{"line":1450,"column":12},"end":{"line":1450,"column":32}},"668":{"start":{"line":1451,"column":12},"end":{"line":1451,"column":18}},"669":{"start":{"line":1454,"column":13},"end":{"line":1465,"column":7}},"670":{"start":{"line":1456,"column":8},"end":{"line":1464,"column":9}},"671":{"start":{"line":1456,"column":21},"end":{"line":1456,"column":22}},"672":{"start":{"line":1456,"column":30},"end":{"line":1456,"column":42}},"673":{"start":{"line":1457,"column":10},"end":{"line":1463,"column":11}},"674":{"start":{"line":1461,"column":12},"end":{"line":1461,"column":32}},"675":{"start":{"line":1462,"column":12},"end":{"line":1462,"column":18}},"676":{"start":{"line":1468,"column":6},"end":{"line":1470,"column":7}},"677":{"start":{"line":1469,"column":8},"end":{"line":1469,"column":20}},"678":{"start":{"line":1475,"column":24},"end":{"line":1475,"column":45}},"679":{"start":{"line":1477,"column":6},"end":{"line":1477,"column":26}},"680":{"start":{"line":1479,"column":6},"end":{"line":1479,"column":25}},"681":{"start":{"line":1483,"column":17},"end":{"line":1483,"column":28}},"682":{"start":{"line":1484,"column":6},"end":{"line":1484,"column":47}},"683":{"start":{"line":1488,"column":6},"end":{"line":1488,"column":21}},"684":{"start":{"line":1492,"column":6},"end":{"line":1492,"column":32}},"685":{"start":{"line":1496,"column":6},"end":{"line":1496,"column":25}},"686":{"start":{"line":1500,"column":6},"end":{"line":1500,"column":28}},"687":{"start":{"line":1504,"column":6},"end":{"line":1504,"column":26}},"688":{"start":{"line":1508,"column":6},"end":{"line":1511,"column":7}},"689":{"start":{"line":1509,"column":22},"end":{"line":1509,"column":37}},"690":{"start":{"line":1510,"column":8},"end":{"line":1510,"column":77}},"691":{"start":{"line":1513,"column":6},"end":{"line":1513,"column":18}},"692":{"start":{"line":1517,"column":29},"end":{"line":1517,"column":31}},"693":{"start":{"line":1518,"column":25},"end":{"line":1518,"column":27}},"694":{"start":{"line":1519,"column":21},"end":{"line":1520,"column":36}},"695":{"start":{"line":1522,"column":6},"end":{"line":1524,"column":7}},"696":{"start":{"line":1523,"column":8},"end":{"line":1523,"column":43}},"697":{"start":{"line":1526,"column":6},"end":{"line":1534,"column":7}},"698":{"start":{"line":1527,"column":19},"end":{"line":1527,"column":41}},"699":{"start":{"line":1528,"column":8},"end":{"line":1532,"column":9}},"700":{"start":{"line":1529,"column":10},"end":{"line":1529,"column":47}},"701":{"start":{"line":1531,"column":10},"end":{"line":1531,"column":47}},"702":{"start":{"line":1533,"column":8},"end":{"line":1533,"column":24}},"703":{"start":{"line":1536,"column":6},"end":{"line":1536,"column":26}},"704":{"start":{"line":1544,"column":0},"end":{"line":1544,"column":57}},"705":{"start":{"line":1544,"column":35},"end":{"line":1544,"column":57}}},"fnMap":{"0":{"name":"(anonymous_0)","decl":{"start":{"line":30,"column":12},"end":{"line":30,"column":13}},"loc":{"start":{"line":30,"column":26},"end":{"line":1540,"column":1}},"line":30},"1":{"name":"clear","decl":{"start":{"line":167,"column":11},"end":{"line":167,"column":16}},"loc":{"start":{"line":167,"column":19},"end":{"line":178,"column":3}},"line":167},"2":{"name":"reset","decl":{"start":{"line":180,"column":11},"end":{"line":180,"column":16}},"loc":{"start":{"line":180,"column":19},"end":{"line":182,"column":3}},"line":180},"3":{"name":"load","decl":{"start":{"line":184,"column":11},"end":{"line":184,"column":15}},"loc":{"start":{"line":184,"column":21},"end":{"line":232,"column":3}},"line":184},"4":{"name":"validate_fen","decl":{"start":{"line":234,"column":11},"end":{"line":234,"column":23}},"loc":{"start":{"line":234,"column":29},"end":{"line":314,"column":3}},"line":234},"5":{"name":"generate_fen","decl":{"start":{"line":316,"column":11},"end":{"line":316,"column":23}},"loc":{"start":{"line":316,"column":26},"end":{"line":360,"column":3}},"line":316},"6":{"name":"set_header","decl":{"start":{"line":362,"column":11},"end":{"line":362,"column":21}},"loc":{"start":{"line":362,"column":28},"end":{"line":370,"column":3}},"line":362},"7":{"name":"update_setup","decl":{"start":{"line":378,"column":11},"end":{"line":378,"column":23}},"loc":{"start":{"line":378,"column":29},"end":{"line":388,"column":3}},"line":378},"8":{"name":"get","decl":{"start":{"line":390,"column":11},"end":{"line":390,"column":14}},"loc":{"start":{"line":390,"column":23},"end":{"line":393,"column":3}},"line":390},"9":{"name":"put","decl":{"start":{"line":395,"column":11},"end":{"line":395,"column":14}},"loc":{"start":{"line":395,"column":30},"end":{"line":420,"column":3}},"line":395},"10":{"name":"remove","decl":{"start":{"line":422,"column":11},"end":{"line":422,"column":17}},"loc":{"start":{"line":422,"column":26},"end":{"line":432,"column":3}},"line":422},"11":{"name":"generate_moves","decl":{"start":{"line":434,"column":11},"end":{"line":434,"column":25}},"loc":{"start":{"line":434,"column":36},"end":{"line":600,"column":3}},"line":434},"12":{"name":"add_move","decl":{"start":{"line":436,"column":13},"end":{"line":436,"column":21}},"loc":{"start":{"line":436,"column":53},"end":{"line":472,"column":5}},"line":436},"13":{"name":"move_to_san","decl":{"start":{"line":605,"column":11},"end":{"line":605,"column":22}},"loc":{"start":{"line":605,"column":29},"end":{"line":644,"column":3}},"line":605},"14":{"name":"attacked","decl":{"start":{"line":646,"column":11},"end":{"line":646,"column":19}},"loc":{"start":{"line":646,"column":35},"end":{"line":685,"column":3}},"line":646},"15":{"name":"king_attacked","decl":{"start":{"line":687,"column":11},"end":{"line":687,"column":24}},"loc":{"start":{"line":687,"column":32},"end":{"line":689,"column":3}},"line":687},"16":{"name":"in_check","decl":{"start":{"line":691,"column":11},"end":{"line":691,"column":19}},"loc":{"start":{"line":691,"column":22},"end":{"line":693,"column":3}},"line":691},"17":{"name":"in_checkmate","decl":{"start":{"line":695,"column":11},"end":{"line":695,"column":23}},"loc":{"start":{"line":695,"column":26},"end":{"line":697,"column":3}},"line":695},"18":{"name":"in_stalemate","decl":{"start":{"line":699,"column":11},"end":{"line":699,"column":23}},"loc":{"start":{"line":699,"column":26},"end":{"line":701,"column":3}},"line":699},"19":{"name":"insufficient_material","decl":{"start":{"line":703,"column":11},"end":{"line":703,"column":32}},"loc":{"start":{"line":703,"column":35},"end":{"line":728,"column":3}},"line":703},"20":{"name":"in_threefold_repetition","decl":{"start":{"line":730,"column":11},"end":{"line":730,"column":34}},"loc":{"start":{"line":730,"column":37},"end":{"line":764,"column":3}},"line":730},"21":{"name":"push","decl":{"start":{"line":766,"column":11},"end":{"line":766,"column":15}},"loc":{"start":{"line":766,"column":22},"end":{"line":776,"column":3}},"line":766},"22":{"name":"make_move","decl":{"start":{"line":778,"column":11},"end":{"line":778,"column":20}},"loc":{"start":{"line":778,"column":27},"end":{"line":868,"column":3}},"line":778},"23":{"name":"undo_move","decl":{"start":{"line":870,"column":11},"end":{"line":870,"column":20}},"loc":{"start":{"line":870,"column":23},"end":{"line":917,"column":3}},"line":870},"24":{"name":"get_disambiguator","decl":{"start":{"line":920,"column":11},"end":{"line":920,"column":28}},"loc":{"start":{"line":920,"column":35},"end":{"line":972,"column":3}},"line":920},"25":{"name":"ascii","decl":{"start":{"line":974,"column":11},"end":{"line":974,"column":16}},"loc":{"start":{"line":974,"column":19},"end":{"line":1002,"column":3}},"line":974},"26":{"name":"rank","decl":{"start":{"line":1007,"column":11},"end":{"line":1007,"column":15}},"loc":{"start":{"line":1007,"column":19},"end":{"line":1009,"column":3}},"line":1007},"27":{"name":"file","decl":{"start":{"line":1011,"column":11},"end":{"line":1011,"column":15}},"loc":{"start":{"line":1011,"column":19},"end":{"line":1013,"column":3}},"line":1011},"28":{"name":"algebraic","decl":{"start":{"line":1015,"column":11},"end":{"line":1015,"column":20}},"loc":{"start":{"line":1015,"column":23},"end":{"line":1018,"column":3}},"line":1015},"29":{"name":"swap_color","decl":{"start":{"line":1020,"column":11},"end":{"line":1020,"column":21}},"loc":{"start":{"line":1020,"column":25},"end":{"line":1022,"column":3}},"line":1020},"30":{"name":"is_digit","decl":{"start":{"line":1024,"column":11},"end":{"line":1024,"column":19}},"loc":{"start":{"line":1024,"column":23},"end":{"line":1026,"column":3}},"line":1024},"31":{"name":"make_pretty","decl":{"start":{"line":1029,"column":11},"end":{"line":1029,"column":22}},"loc":{"start":{"line":1029,"column":34},"end":{"line":1045,"column":3}},"line":1029},"32":{"name":"clone","decl":{"start":{"line":1047,"column":11},"end":{"line":1047,"column":16}},"loc":{"start":{"line":1047,"column":22},"end":{"line":1059,"column":3}},"line":1047},"33":{"name":"trim","decl":{"start":{"line":1061,"column":11},"end":{"line":1061,"column":15}},"loc":{"start":{"line":1061,"column":21},"end":{"line":1063,"column":3}},"line":1061},"34":{"name":"perft","decl":{"start":{"line":1068,"column":11},"end":{"line":1068,"column":16}},"loc":{"start":{"line":1068,"column":24},"end":{"line":1087,"column":3}},"line":1068},"35":{"name":"(anonymous_35)","decl":{"start":{"line":1101,"column":14},"end":{"line":1101,"column":15}},"loc":{"start":{"line":1101,"column":25},"end":{"line":1114,"column":15}},"line":1101},"36":{"name":"(anonymous_36)","decl":{"start":{"line":1120,"column":10},"end":{"line":1120,"column":11}},"loc":{"start":{"line":1120,"column":24},"end":{"line":1122,"column":5}},"line":1120},"37":{"name":"(anonymous_37)","decl":{"start":{"line":1124,"column":11},"end":{"line":1124,"column":12}},"loc":{"start":{"line":1124,"column":22},"end":{"line":1126,"column":5}},"line":1124},"38":{"name":"(anonymous_38)","decl":{"start":{"line":1128,"column":11},"end":{"line":1128,"column":12}},"loc":{"start":{"line":1128,"column":29},"end":{"line":1157,"column":5}},"line":1128},"39":{"name":"(anonymous_39)","decl":{"start":{"line":1159,"column":14},"end":{"line":1159,"column":15}},"loc":{"start":{"line":1159,"column":25},"end":{"line":1161,"column":5}},"line":1159},"40":{"name":"(anonymous_40)","decl":{"start":{"line":1163,"column":18},"end":{"line":1163,"column":19}},"loc":{"start":{"line":1163,"column":29},"end":{"line":1165,"column":5}},"line":1163},"41":{"name":"(anonymous_41)","decl":{"start":{"line":1167,"column":18},"end":{"line":1167,"column":19}},"loc":{"start":{"line":1167,"column":29},"end":{"line":1169,"column":5}},"line":1167},"42":{"name":"(anonymous_42)","decl":{"start":{"line":1171,"column":13},"end":{"line":1171,"column":14}},"loc":{"start":{"line":1171,"column":24},"end":{"line":1176,"column":5}},"line":1171},"43":{"name":"(anonymous_43)","decl":{"start":{"line":1178,"column":27},"end":{"line":1178,"column":28}},"loc":{"start":{"line":1178,"column":38},"end":{"line":1180,"column":5}},"line":1178},"44":{"name":"(anonymous_44)","decl":{"start":{"line":1182,"column":29},"end":{"line":1182,"column":30}},"loc":{"start":{"line":1182,"column":40},"end":{"line":1184,"column":5}},"line":1182},"45":{"name":"(anonymous_45)","decl":{"start":{"line":1186,"column":15},"end":{"line":1186,"column":16}},"loc":{"start":{"line":1186,"column":26},"end":{"line":1192,"column":5}},"line":1186},"46":{"name":"(anonymous_46)","decl":{"start":{"line":1194,"column":18},"end":{"line":1194,"column":19}},"loc":{"start":{"line":1194,"column":32},"end":{"line":1196,"column":5}},"line":1194},"47":{"name":"(anonymous_47)","decl":{"start":{"line":1198,"column":9},"end":{"line":1198,"column":10}},"loc":{"start":{"line":1198,"column":20},"end":{"line":1200,"column":5}},"line":1198},"48":{"name":"(anonymous_48)","decl":{"start":{"line":1202,"column":9},"end":{"line":1202,"column":10}},"loc":{"start":{"line":1202,"column":27},"end":{"line":1298,"column":5}},"line":1202},"49":{"name":"(anonymous_49)","decl":{"start":{"line":1300,"column":14},"end":{"line":1300,"column":15}},"loc":{"start":{"line":1300,"column":37},"end":{"line":1419,"column":5}},"line":1300},"50":{"name":"mask","decl":{"start":{"line":1301,"column":15},"end":{"line":1301,"column":19}},"loc":{"start":{"line":1301,"column":25},"end":{"line":1303,"column":7}},"line":1301},"51":{"name":"move_from_san","decl":{"start":{"line":1308,"column":15},"end":{"line":1308,"column":28}},"loc":{"start":{"line":1308,"column":35},"end":{"line":1316,"column":7}},"line":1308},"52":{"name":"get_move_obj","decl":{"start":{"line":1318,"column":15},"end":{"line":1318,"column":27}},"loc":{"start":{"line":1318,"column":34},"end":{"line":1320,"column":7}},"line":1318},"53":{"name":"has_keys","decl":{"start":{"line":1322,"column":15},"end":{"line":1322,"column":23}},"loc":{"start":{"line":1322,"column":32},"end":{"line":1328,"column":7}},"line":1322},"54":{"name":"parse_pgn_header","decl":{"start":{"line":1330,"column":15},"end":{"line":1330,"column":31}},"loc":{"start":{"line":1330,"column":49},"end":{"line":1348,"column":7}},"line":1330},"55":{"name":"(anonymous_55)","decl":{"start":{"line":1421,"column":12},"end":{"line":1421,"column":13}},"loc":{"start":{"line":1421,"column":23},"end":{"line":1423,"column":5}},"line":1421},"56":{"name":"(anonymous_56)","decl":{"start":{"line":1425,"column":11},"end":{"line":1425,"column":12}},"loc":{"start":{"line":1425,"column":22},"end":{"line":1427,"column":5}},"line":1425},"57":{"name":"(anonymous_57)","decl":{"start":{"line":1429,"column":10},"end":{"line":1429,"column":11}},"loc":{"start":{"line":1429,"column":21},"end":{"line":1431,"column":5}},"line":1429},"58":{"name":"(anonymous_58)","decl":{"start":{"line":1433,"column":10},"end":{"line":1433,"column":11}},"loc":{"start":{"line":1433,"column":25},"end":{"line":1480,"column":5}},"line":1433},"59":{"name":"(anonymous_59)","decl":{"start":{"line":1482,"column":10},"end":{"line":1482,"column":11}},"loc":{"start":{"line":1482,"column":21},"end":{"line":1485,"column":5}},"line":1482},"60":{"name":"(anonymous_60)","decl":{"start":{"line":1487,"column":11},"end":{"line":1487,"column":12}},"loc":{"start":{"line":1487,"column":22},"end":{"line":1489,"column":5}},"line":1487},"61":{"name":"(anonymous_61)","decl":{"start":{"line":1491,"column":9},"end":{"line":1491,"column":10}},"loc":{"start":{"line":1491,"column":33},"end":{"line":1493,"column":5}},"line":1491},"62":{"name":"(anonymous_62)","decl":{"start":{"line":1495,"column":9},"end":{"line":1495,"column":10}},"loc":{"start":{"line":1495,"column":26},"end":{"line":1497,"column":5}},"line":1495},"63":{"name":"(anonymous_63)","decl":{"start":{"line":1499,"column":12},"end":{"line":1499,"column":13}},"loc":{"start":{"line":1499,"column":29},"end":{"line":1501,"column":5}},"line":1499},"64":{"name":"(anonymous_64)","decl":{"start":{"line":1503,"column":11},"end":{"line":1503,"column":12}},"loc":{"start":{"line":1503,"column":27},"end":{"line":1505,"column":5}},"line":1503},"65":{"name":"(anonymous_65)","decl":{"start":{"line":1507,"column":18},"end":{"line":1507,"column":19}},"loc":{"start":{"line":1507,"column":35},"end":{"line":1514,"column":5}},"line":1507},"66":{"name":"(anonymous_66)","decl":{"start":{"line":1516,"column":13},"end":{"line":1516,"column":14}},"loc":{"start":{"line":1516,"column":31},"end":{"line":1537,"column":5}},"line":1516}},"branchMap":{"0":{"loc":{"start":{"line":161,"column":2},"end":{"line":165,"column":3}},"type":"if","locations":[{"start":{"line":161,"column":2},"end":{"line":165,"column":3}},{"start":{"line":161,"column":2},"end":{"line":165,"column":3}}],"line":161},"1":{"loc":{"start":{"line":190,"column":4},"end":{"line":192,"column":5}},"type":"if","locations":[{"start":{"line":190,"column":4},"end":{"line":192,"column":5}},{"start":{"line":190,"column":4},"end":{"line":192,"column":5}}],"line":190},"2":{"loc":{"start":{"line":199,"column":6},"end":{"line":207,"column":7}},"type":"if","locations":[{"start":{"line":199,"column":6},"end":{"line":207,"column":7}},{"start":{"line":199,"column":6},"end":{"line":207,"column":7}}],"line":199},"3":{"loc":{"start":{"line":201,"column":13},"end":{"line":207,"column":7}},"type":"if","locations":[{"start":{"line":201,"column":13},"end":{"line":207,"column":7}},{"start":{"line":201,"column":13},"end":{"line":207,"column":7}}],"line":201},"4":{"loc":{"start":{"line":204,"column":20},"end":{"line":204,"column":49}},"type":"cond-expr","locations":[{"start":{"line":204,"column":36},"end":{"line":204,"column":41}},{"start":{"line":204,"column":44},"end":{"line":204,"column":49}}],"line":204},"5":{"loc":{"start":{"line":212,"column":4},"end":{"line":214,"column":5}},"type":"if","locations":[{"start":{"line":212,"column":4},"end":{"line":214,"column":5}},{"start":{"line":212,"column":4},"end":{"line":214,"column":5}}],"line":212},"6":{"loc":{"start":{"line":215,"column":4},"end":{"line":217,"column":5}},"type":"if","locations":[{"start":{"line":215,"column":4},"end":{"line":217,"column":5}},{"start":{"line":215,"column":4},"end":{"line":217,"column":5}}],"line":215},"7":{"loc":{"start":{"line":218,"column":4},"end":{"line":220,"column":5}},"type":"if","locations":[{"start":{"line":218,"column":4},"end":{"line":220,"column":5}},{"start":{"line":218,"column":4},"end":{"line":220,"column":5}}],"line":218},"8":{"loc":{"start":{"line":221,"column":4},"end":{"line":223,"column":5}},"type":"if","locations":[{"start":{"line":221,"column":4},"end":{"line":223,"column":5}},{"start":{"line":221,"column":4},"end":{"line":223,"column":5}}],"line":221},"9":{"loc":{"start":{"line":225,"column":16},"end":{"line":225,"column":63}},"type":"cond-expr","locations":[{"start":{"line":225,"column":37},"end":{"line":225,"column":42}},{"start":{"line":225,"column":45},"end":{"line":225,"column":63}}],"line":225},"10":{"loc":{"start":{"line":251,"column":4},"end":{"line":253,"column":5}},"type":"if","locations":[{"start":{"line":251,"column":4},"end":{"line":253,"column":5}},{"start":{"line":251,"column":4},"end":{"line":253,"column":5}}],"line":251},"11":{"loc":{"start":{"line":256,"column":4},"end":{"line":258,"column":5}},"type":"if","locations":[{"start":{"line":256,"column":4},"end":{"line":258,"column":5}},{"start":{"line":256,"column":4},"end":{"line":258,"column":5}}],"line":256},"12":{"loc":{"start":{"line":256,"column":8},"end":{"line":256,"column":58}},"type":"binary-expr","locations":[{"start":{"line":256,"column":8},"end":{"line":256,"column":24}},{"start":{"line":256,"column":29},"end":{"line":256,"column":57}}],"line":256},"13":{"loc":{"start":{"line":261,"column":4},"end":{"line":263,"column":5}},"type":"if","locations":[{"start":{"line":261,"column":4},"end":{"line":263,"column":5}},{"start":{"line":261,"column":4},"end":{"line":263,"column":5}}],"line":261},"14":{"loc":{"start":{"line":261,"column":8},"end":{"line":261,"column":57}},"type":"binary-expr","locations":[{"start":{"line":261,"column":8},"end":{"line":261,"column":24}},{"start":{"line":261,"column":29},"end":{"line":261,"column":56}}],"line":261},"15":{"loc":{"start":{"line":266,"column":4},"end":{"line":268,"column":5}},"type":"if","locations":[{"start":{"line":266,"column":4},"end":{"line":268,"column":5}},{"start":{"line":266,"column":4},"end":{"line":268,"column":5}}],"line":266},"16":{"loc":{"start":{"line":271,"column":4},"end":{"line":273,"column":5}},"type":"if","locations":[{"start":{"line":271,"column":4},"end":{"line":273,"column":5}},{"start":{"line":271,"column":4},"end":{"line":273,"column":5}}],"line":271},"17":{"loc":{"start":{"line":276,"column":4},"end":{"line":278,"column":5}},"type":"if","locations":[{"start":{"line":276,"column":4},"end":{"line":278,"column":5}},{"start":{"line":276,"column":4},"end":{"line":278,"column":5}}],"line":276},"18":{"loc":{"start":{"line":282,"column":4},"end":{"line":284,"column":5}},"type":"if","locations":[{"start":{"line":282,"column":4},"end":{"line":284,"column":5}},{"start":{"line":282,"column":4},"end":{"line":284,"column":5}}],"line":282},"19":{"loc":{"start":{"line":293,"column":8},"end":{"line":305,"column":9}},"type":"if","locations":[{"start":{"line":293,"column":8},"end":{"line":305,"column":9}},{"start":{"line":293,"column":8},"end":{"line":305,"column":9}}],"line":293},"20":{"loc":{"start":{"line":294,"column":10},"end":{"line":296,"column":11}},"type":"if","locations":[{"start":{"line":294,"column":10},"end":{"line":296,"column":11}},{"start":{"line":294,"column":10},"end":{"line":296,"column":11}}],"line":294},"21":{"loc":{"start":{"line":300,"column":10},"end":{"line":302,"column":11}},"type":"if","locations":[{"start":{"line":300,"column":10},"end":{"line":302,"column":11}},{"start":{"line":300,"column":10},"end":{"line":302,"column":11}}],"line":300},"22":{"loc":{"start":{"line":307,"column":6},"end":{"line":309,"column":7}},"type":"if","locations":[{"start":{"line":307,"column":6},"end":{"line":309,"column":7}},{"start":{"line":307,"column":6},"end":{"line":309,"column":7}}],"line":307},"23":{"loc":{"start":{"line":321,"column":6},"end":{"line":333,"column":7}},"type":"if","locations":[{"start":{"line":321,"column":6},"end":{"line":333,"column":7}},{"start":{"line":321,"column":6},"end":{"line":333,"column":7}}],"line":321},"24":{"loc":{"start":{"line":324,"column":8},"end":{"line":327,"column":9}},"type":"if","locations":[{"start":{"line":324,"column":8},"end":{"line":327,"column":9}},{"start":{"line":324,"column":8},"end":{"line":327,"column":9}}],"line":324},"25":{"loc":{"start":{"line":331,"column":15},"end":{"line":332,"column":58}},"type":"cond-expr","locations":[{"start":{"line":332,"column":17},"end":{"line":332,"column":36}},{"start":{"line":332,"column":39},"end":{"line":332,"column":58}}],"line":331},"26":{"loc":{"start":{"line":335,"column":6},"end":{"line":346,"column":7}},"type":"if","locations":[{"start":{"line":335,"column":6},"end":{"line":346,"column":7}},{"start":{"line":335,"column":6},"end":{"line":346,"column":7}}],"line":335},"27":{"loc":{"start":{"line":336,"column":8},"end":{"line":338,"column":9}},"type":"if","locations":[{"start":{"line":336,"column":8},"end":{"line":338,"column":9}},{"start":{"line":336,"column":8},"end":{"line":338,"column":9}}],"line":336},"28":{"loc":{"start":{"line":340,"column":8},"end":{"line":342,"column":9}},"type":"if","locations":[{"start":{"line":340,"column":8},"end":{"line":342,"column":9}},{"start":{"line":340,"column":8},"end":{"line":342,"column":9}}],"line":340},"29":{"loc":{"start":{"line":350,"column":4},"end":{"line":350,"column":63}},"type":"if","locations":[{"start":{"line":350,"column":4},"end":{"line":350,"column":63}},{"start":{"line":350,"column":4},"end":{"line":350,"column":63}}],"line":350},"30":{"loc":{"start":{"line":351,"column":4},"end":{"line":351,"column":63}},"type":"if","locations":[{"start":{"line":351,"column":4},"end":{"line":351,"column":63}},{"start":{"line":351,"column":4},"end":{"line":351,"column":63}}],"line":351},"31":{"loc":{"start":{"line":352,"column":4},"end":{"line":352,"column":63}},"type":"if","locations":[{"start":{"line":352,"column":4},"end":{"line":352,"column":63}},{"start":{"line":352,"column":4},"end":{"line":352,"column":63}}],"line":352},"32":{"loc":{"start":{"line":353,"column":4},"end":{"line":353,"column":63}},"type":"if","locations":[{"start":{"line":353,"column":4},"end":{"line":353,"column":63}},{"start":{"line":353,"column":4},"end":{"line":353,"column":63}}],"line":353},"33":{"loc":{"start":{"line":356,"column":13},"end":{"line":356,"column":26}},"type":"binary-expr","locations":[{"start":{"line":356,"column":13},"end":{"line":356,"column":19}},{"start":{"line":356,"column":23},"end":{"line":356,"column":26}}],"line":356},"34":{"loc":{"start":{"line":357,"column":18},"end":{"line":357,"column":67}},"type":"cond-expr","locations":[{"start":{"line":357,"column":41},"end":{"line":357,"column":44}},{"start":{"line":357,"column":47},"end":{"line":357,"column":67}}],"line":357},"35":{"loc":{"start":{"line":364,"column":6},"end":{"line":367,"column":7}},"type":"if","locations":[{"start":{"line":364,"column":6},"end":{"line":367,"column":7}},{"start":{"line":364,"column":6},"end":{"line":367,"column":7}}],"line":364},"36":{"loc":{"start":{"line":364,"column":10},"end":{"line":365,"column":40}},"type":"binary-expr","locations":[{"start":{"line":364,"column":10},"end":{"line":364,"column":36}},{"start":{"line":365,"column":10},"end":{"line":365,"column":40}}],"line":364},"37":{"loc":{"start":{"line":379,"column":4},"end":{"line":379,"column":35}},"type":"if","locations":[{"start":{"line":379,"column":4},"end":{"line":379,"column":35}},{"start":{"line":379,"column":4},"end":{"line":379,"column":35}}],"line":379},"38":{"loc":{"start":{"line":381,"column":4},"end":{"line":387,"column":5}},"type":"if","locations":[{"start":{"line":381,"column":4},"end":{"line":387,"column":5}},{"start":{"line":381,"column":4},"end":{"line":387,"column":5}}],"line":381},"39":{"loc":{"start":{"line":392,"column":11},"end":{"line":392,"column":66}},"type":"cond-expr","locations":[{"start":{"line":392,"column":21},"end":{"line":392,"column":59}},{"start":{"line":392,"column":62},"end":{"line":392,"column":66}}],"line":392},"40":{"loc":{"start":{"line":397,"column":4},"end":{"line":399,"column":5}},"type":"if","locations":[{"start":{"line":397,"column":4},"end":{"line":399,"column":5}},{"start":{"line":397,"column":4},"end":{"line":399,"column":5}}],"line":397},"41":{"loc":{"start":{"line":397,"column":10},"end":{"line":397,"column":45}},"type":"binary-expr","locations":[{"start":{"line":397,"column":10},"end":{"line":397,"column":25}},{"start":{"line":397,"column":29},"end":{"line":397,"column":45}}],"line":397},"42":{"loc":{"start":{"line":402,"column":4},"end":{"line":404,"column":5}},"type":"if","locations":[{"start":{"line":402,"column":4},"end":{"line":404,"column":5}},{"start":{"line":402,"column":4},"end":{"line":404,"column":5}}],"line":402},"43":{"loc":{"start":{"line":407,"column":4},"end":{"line":409,"column":5}},"type":"if","locations":[{"start":{"line":407,"column":4},"end":{"line":409,"column":5}},{"start":{"line":407,"column":4},"end":{"line":409,"column":5}}],"line":407},"44":{"loc":{"start":{"line":413,"column":4},"end":{"line":415,"column":5}},"type":"if","locations":[{"start":{"line":413,"column":4},"end":{"line":415,"column":5}},{"start":{"line":413,"column":4},"end":{"line":415,"column":5}}],"line":413},"45":{"loc":{"start":{"line":425,"column":4},"end":{"line":427,"column":5}},"type":"if","locations":[{"start":{"line":425,"column":4},"end":{"line":427,"column":5}},{"start":{"line":425,"column":4},"end":{"line":427,"column":5}}],"line":425},"46":{"loc":{"start":{"line":425,"column":8},"end":{"line":425,"column":35}},"type":"binary-expr","locations":[{"start":{"line":425,"column":8},"end":{"line":425,"column":13}},{"start":{"line":425,"column":17},"end":{"line":425,"column":35}}],"line":425},"47":{"loc":{"start":{"line":438,"column":6},"end":{"line":471,"column":7}},"type":"if","locations":[{"start":{"line":438,"column":6},"end":{"line":471,"column":7}},{"start":{"line":438,"column":6},"end":{"line":471,"column":7}}],"line":438},"48":{"loc":{"start":{"line":438,"column":10},"end":{"line":439,"column":51}},"type":"binary-expr","locations":[{"start":{"line":438,"column":10},"end":{"line":438,"column":34}},{"start":{"line":439,"column":10},"end":{"line":439,"column":28}},{"start":{"line":439,"column":32},"end":{"line":439,"column":50}}],"line":438},"49":{"loc":{"start":{"line":452,"column":12},"end":{"line":454,"column":13}},"type":"if","locations":[{"start":{"line":452,"column":12},"end":{"line":454,"column":13}},{"start":{"line":452,"column":12},"end":{"line":454,"column":13}}],"line":452},"50":{"loc":{"start":{"line":466,"column":8},"end":{"line":468,"column":9}},"type":"if","locations":[{"start":{"line":466,"column":8},"end":{"line":468,"column":9}},{"start":{"line":466,"column":8},"end":{"line":468,"column":9}}],"line":466},"51":{"loc":{"start":{"line":480,"column":4},"end":{"line":486,"column":5}},"type":"if","locations":[{"start":{"line":480,"column":4},"end":{"line":486,"column":5}},{"start":{"line":480,"column":4},"end":{"line":486,"column":5}}],"line":480},"52":{"loc":{"start":{"line":480,"column":7},"end":{"line":480,"column":78}},"type":"binary-expr","locations":[{"start":{"line":480,"column":7},"end":{"line":480,"column":37}},{"start":{"line":480,"column":41},"end":{"line":480,"column":78}}],"line":480},"53":{"loc":{"start":{"line":490,"column":6},"end":{"line":490,"column":41}},"type":"if","locations":[{"start":{"line":490,"column":6},"end":{"line":490,"column":41}},{"start":{"line":490,"column":6},"end":{"line":490,"column":41}}],"line":490},"54":{"loc":{"start":{"line":493,"column":6},"end":{"line":495,"column":7}},"type":"if","locations":[{"start":{"line":493,"column":6},"end":{"line":495,"column":7}},{"start":{"line":493,"column":6},"end":{"line":495,"column":7}}],"line":493},"55":{"loc":{"start":{"line":493,"column":10},"end":{"line":493,"column":44}},"type":"binary-expr","locations":[{"start":{"line":493,"column":10},"end":{"line":493,"column":23}},{"start":{"line":493,"column":27},"end":{"line":493,"column":44}}],"line":493},"56":{"loc":{"start":{"line":497,"column":6},"end":{"line":543,"column":7}},"type":"if","locations":[{"start":{"line":497,"column":6},"end":{"line":543,"column":7}},{"start":{"line":497,"column":6},"end":{"line":543,"column":7}}],"line":497},"57":{"loc":{"start":{"line":500,"column":8},"end":{"line":508,"column":9}},"type":"if","locations":[{"start":{"line":500,"column":8},"end":{"line":508,"column":9}},{"start":{"line":500,"column":8},"end":{"line":508,"column":9}}],"line":500},"58":{"loc":{"start":{"line":505,"column":10},"end":{"line":507,"column":11}},"type":"if","locations":[{"start":{"line":505,"column":10},"end":{"line":507,"column":11}},{"start":{"line":505,"column":10},"end":{"line":507,"column":11}}],"line":505},"59":{"loc":{"start":{"line":505,"column":14},"end":{"line":505,"column":65}},"type":"binary-expr","locations":[{"start":{"line":505,"column":14},"end":{"line":505,"column":40}},{"start":{"line":505,"column":44},"end":{"line":505,"column":65}}],"line":505},"60":{"loc":{"start":{"line":513,"column":10},"end":{"line":513,"column":38}},"type":"if","locations":[{"start":{"line":513,"column":10},"end":{"line":513,"column":38}},{"start":{"line":513,"column":10},"end":{"line":513,"column":38}}],"line":513},"61":{"loc":{"start":{"line":515,"column":10},"end":{"line":520,"column":11}},"type":"if","locations":[{"start":{"line":515,"column":10},"end":{"line":520,"column":11}},{"start":{"line":515,"column":10},"end":{"line":520,"column":11}}],"line":515},"62":{"loc":{"start":{"line":515,"column":14},"end":{"line":516,"column":41}},"type":"binary-expr","locations":[{"start":{"line":515,"column":14},"end":{"line":515,"column":35}},{"start":{"line":516,"column":14},"end":{"line":516,"column":41}}],"line":515},"63":{"loc":{"start":{"line":518,"column":17},"end":{"line":520,"column":11}},"type":"if","locations":[{"start":{"line":518,"column":17},"end":{"line":520,"column":11}},{"start":{"line":518,"column":17},"end":{"line":520,"column":11}}],"line":518},"64":{"loc":{"start":{"line":529,"column":12},"end":{"line":529,"column":37}},"type":"if","locations":[{"start":{"line":529,"column":12},"end":{"line":529,"column":37}},{"start":{"line":529,"column":12},"end":{"line":529,"column":37}}],"line":529},"65":{"loc":{"start":{"line":531,"column":12},"end":{"line":537,"column":13}},"type":"if","locations":[{"start":{"line":531,"column":12},"end":{"line":537,"column":13}},{"start":{"line":531,"column":12},"end":{"line":537,"column":13}}],"line":531},"66":{"loc":{"start":{"line":534,"column":14},"end":{"line":534,"column":51}},"type":"if","locations":[{"start":{"line":534,"column":14},"end":{"line":534,"column":51}},{"start":{"line":534,"column":14},"end":{"line":534,"column":51}}],"line":534},"67":{"loc":{"start":{"line":540,"column":12},"end":{"line":540,"column":62}},"type":"if","locations":[{"start":{"line":540,"column":12},"end":{"line":540,"column":62}}
[...]
":{"line":1210,"column":59}},"type":"binary-expr","locations":[{"start":{"line":1209,"column":23},"end":{"line":1209,"column":49}},{"start":{"line":1210,"column":23},"end":{"line":1210,"column":59}}],"line":1209},"164":{"loc":{"start":{"line":1224,"column":6},"end":{"line":1226,"column":7}},"type":"if","locations":[{"start":{"line":1224,"column":6},"end":{"line":1226,"column":7}},{"start":{"line":1224,"column":6},"end":{"line":1226,"column":7}}],"line":1224},"165":{"loc":{"start":{"line":1224,"column":10},"end":{"line":1224,"column":41}},"type":"binary-expr","locations":[{"start":{"line":1224,"column":10},"end":{"line":1224,"column":23}},{"start":{"line":1224,"column":27},"end":{"line":1224,"column":41}}],"line":1224},"166":{"loc":{"start":{"line":1243,"column":8},"end":{"line":1253,"column":9}},"type":"if","locations":[{"start":{"line":1243,"column":8},"end":{"line":1253,"column":9}},{"start":{"line":1243,"column":8},"end":{"line":1253,"column":9}}],"line":1243},"167":{"loc":{"start":{"line":1243,"column":12},"end":{"line":1243,"column":53}},"type":"binary-expr","locations":[{"start":{"line":1243,"column":12},"end":{"line":1243,"column":32}},{"start":{"line":1243,"column":36},"end":{"line":1243,"column":53}}],"line":1243},"168":{"loc":{"start":{"line":1246,"column":15},"end":{"line":1253,"column":9}},"type":"if","locations":[{"start":{"line":1246,"column":15},"end":{"line":1253,"column":9}},{"start":{"line":1246,"column":15},"end":{"line":1253,"column":9}}],"line":1246},"169":{"loc":{"start":{"line":1248,"column":10},"end":{"line":1250,"column":11}},"type":"if","locations":[{"start":{"line":1248,"column":10},"end":{"line":1250,"column":11}},{"start":{"line":1248,"column":10},"end":{"line":1250,"column":11}}],"line":1248},"170":{"loc":{"start":{"line":1260,"column":6},"end":{"line":1262,"column":7}},"type":"if","locations":[{"start":{"line":1260,"column":6},"end":{"line":1262,"column":7}},{"start":{"line":1260,"column":6},"end":{"line":1262,"column":7}}],"line":1260},"171":{"loc":{"start":{"line":1265,"column":6},"end":{"line":1267,"column":7}},"type":"if","locations":[{"start":{"line":1265,"column":6},"end":{"line":1267,"column":7}},{"start":{"line":1265,"column":6},"end":{"line":1267,"column":7}}],"line":1265},"172":{"loc":{"start":{"line":1272,"column":6},"end":{"line":1274,"column":7}},"type":"if","locations":[{"start":{"line":1272,"column":6},"end":{"line":1274,"column":7}},{"start":{"line":1272,"column":6},"end":{"line":1274,"column":7}}],"line":1272},"173":{"loc":{"start":{"line":1280,"column":8},"end":{"line":1292,"column":9}},"type":"if","locations":[{"start":{"line":1280,"column":8},"end":{"line":1292,"column":9}},{"start":{"line":1280,"column":8},"end":{"line":1292,"column":9}}],"line":1280},"174":{"loc":{"start":{"line":1280,"column":12},"end":{"line":1280,"column":65}},"type":"binary-expr","locations":[{"start":{"line":1280,"column":12},"end":{"line":1280,"column":55}},{"start":{"line":1280,"column":59},"end":{"line":1280,"column":65}}],"line":1280},"175":{"loc":{"start":{"line":1283,"column":10},"end":{"line":1285,"column":11}},"type":"if","locations":[{"start":{"line":1283,"column":10},"end":{"line":1285,"column":11}},{"start":{"line":1283,"column":10},"end":{"line":1285,"column":11}}],"line":1283},"176":{"loc":{"start":{"line":1289,"column":15},"end":{"line":1292,"column":9}},"type":"if","locations":[{"start":{"line":1289,"column":15},"end":{"line":1292,"column":9}},{"start":{"line":1289,"column":15},"end":{"line":1292,"column":9}}],"line":1289},"177":{"loc":{"start":{"line":1311,"column":10},"end":{"line":1313,"column":11}},"type":"if","locations":[{"start":{"line":1311,"column":10},"end":{"line":1313,"column":11}},{"start":{"line":1311,"column":10},"end":{"line":1313,"column":11}}],"line":1311},"178":{"loc":{"start":{"line":1331,"column":27},"end":{"line":1333,"column":55}},"type":"cond-expr","locations":[{"start":{"line":1333,"column":28},"end":{"line":1333,"column":48}},{"start":{"line":1333,"column":51},"end":{"line":1333,"column":55}}],"line":1331},"179":{"loc":{"start":{"line":1331,"column":28},"end":{"line":1332,"column":67}},"type":"binary-expr","locations":[{"start":{"line":1331,"column":28},"end":{"line":1331,"column":54}},{"start":{"line":1332,"column":28},"end":{"line":1332,"column":67}}],"line":1331},"180":{"loc":{"start":{"line":1342,"column":10},"end":{"line":1344,"column":11}},"type":"if","locations":[{"start":{"line":1342,"column":10},"end":{"line":1344,"column":11}},{"start":{"line":1342,"column":10},"end":{"line":1344,"column":11}}],"line":1342},"181":{"loc":{"start":{"line":1350,"column":25},"end":{"line":1352,"column":53}},"type":"cond-expr","locations":[{"start":{"line":1352,"column":26},"end":{"line":1352,"column":46}},{"start":{"line":1352,"column":49},"end":{"line":1352,"column":53}}],"line":1350},"182":{"loc":{"start":{"line":1350,"column":26},"end":{"line":1351,"column":65}},"type":"binary-expr","locations":[{"start":{"line":1350,"column":26},"end":{"line":1350,"column":52}},{"start":{"line":1351,"column":26},"end":{"line":1351,"column":65}}],"line":1350},"183":{"loc":{"start":{"line":1361,"column":6},"end":{"line":1363,"column":7}},"type":"if","locations":[{"start":{"line":1361,"column":6},"end":{"line":1363,"column":7}},{"start":{"line":1361,"column":6},"end":{"line":1363,"column":7}}],"line":1361},"184":{"loc":{"start":{"line":1396,"column":8},"end":{"line":1400,"column":9}},"type":"if","locations":[{"start":{"line":1396,"column":8},"end":{"line":1400,"column":9}},{"start":{"line":1396,"column":8},"end":{"line":1400,"column":9}}],"line":1396},"185":{"loc":{"start":{"line":1405,"column":6},"end":{"line":1417,"column":7}},"type":"if","locations":[{"start":{"line":1405,"column":6},"end":{"line":1417,"column":7}},{"start":{"line":1405,"column":6},"end":{"line":1417,"column":7}}],"line":1405},"186":{"loc":{"start":{"line":1406,"column":8},"end":{"line":1408,"column":9}},"type":"if","locations":[{"start":{"line":1406,"column":8},"end":{"line":1408,"column":9}},{"start":{"line":1406,"column":8},"end":{"line":1408,"column":9}}],"line":1406},"187":{"loc":{"start":{"line":1406,"column":12},"end":{"line":1406,"column":67}},"type":"binary-expr","locations":[{"start":{"line":1406,"column":12},"end":{"line":1406,"column":28}},{"start":{"line":1406,"column":32},"end":{"line":1406,"column":67}}],"line":1406},"188":{"loc":{"start":{"line":1412,"column":8},"end":{"line":1416,"column":9}},"type":"if","locations":[{"start":{"line":1412,"column":8},"end":{"line":1416,"column":9}},{"start":{"line":1412,"column":8},"end":{"line":1416,"column":9}}],"line":1412},"189":{"loc":{"start":{"line":1446,"column":6},"end":{"line":1465,"column":7}},"type":"if","locations":[{"start":{"line":1446,"column":6},"end":{"line":1465,"column":7}},{"start":{"line":1446,"column":6},"end":{"line":1465,"column":7}}],"line":1446},"190":{"loc":{"start":{"line":1449,"column":10},"end":{"line":1452,"column":11}},"type":"if","locations":[{"start":{"line":1449,"column":10},"end":{"line":1452,"column":11}},{"start":{"line":1449,"column":10},"end":{"line":1452,"column":11}}],"line":1449},"191":{"loc":{"start":{"line":1454,"column":13},"end":{"line":1465,"column":7}},"type":"if","locations":[{"start":{"line":1454,"column":13},"end":{"line":1465,"column":7}},{"start":{"line":1454,"column":13},"end":{"line":1465,"column":7}}],"line":1454},"192":{"loc":{"start":{"line":1457,"column":10},"end":{"line":1463,"column":11}},"type":"if","locations":[{"start":{"line":1457,"column":10},"end":{"line":1463,"column":11}},{"start":{"line":1457,"column":10},"end":{"line":1463,"column":11}}],"line":1457},"193":{"loc":{"start":{"line":1457,"column":14},"end":{"line":1460,"column":51}},"type":"binary-expr","locations":[{"start":{"line":1457,"column":14},"end":{"line":1457,"column":51}},{"start":{"line":1458,"column":14},"end":{"line":1458,"column":47}},{"start":{"line":1459,"column":15},"end":{"line":1459,"column":41}},{"start":{"line":1460,"column":14},"end":{"line":1460,"column":50}}],"line":1457},"194":{"loc":{"start":{"line":1468,"column":6},"end":{"line":1470,"column":7}},"type":"if","locations":[{"start":{"line":1468,"column":6},"end":{"line":1470,"column":7}},{"start":{"line":1468,"column":6},"end":{"line":1470,"column":7}}],"line":1468},"195":{"loc":{"start":{"line":1484,"column":13},"end":{"line":1484,"column":46}},"type":"cond-expr","locations":[{"start":{"line":1484,"column":22},"end":{"line":1484,"column":39}},{"start":{"line":1484,"column":42},"end":{"line":1484,"column":46}}],"line":1484},"196":{"loc":{"start":{"line":1508,"column":6},"end":{"line":1511,"column":7}},"type":"if","locations":[{"start":{"line":1508,"column":6},"end":{"line":1511,"column":7}},{"start":{"line":1508,"column":6},"end":{"line":1511,"column":7}}],"line":1508},"197":{"loc":{"start":{"line":1510,"column":15},"end":{"line":1510,"column":76}},"type":"cond-expr","locations":[{"start":{"line":1510,"column":60},"end":{"line":1510,"column":67}},{"start":{"line":1510,"column":70},"end":{"line":1510,"column":76}}],"line":1510},"198":{"loc":{"start":{"line":1519,"column":21},"end":{"line":1520,"column":36}},"type":"binary-expr","locations":[{"start":{"line":1519,"column":21},"end":{"line":1519,"column":50}},{"start":{"line":1519,"column":54},"end":{"line":1519,"column":74}},{"start":{"line":1520,"column":21},"end":{"line":1520,"column":36}}],"line":1519},"199":{"loc":{"start":{"line":1528,"column":8},"end":{"line":1532,"column":9}},"type":"if","locations":[{"start":{"line":1528,"column":8},"end":{"line":1532,"column":9}},{"start":{"line":1528,"column":8},"end":{"line":1532,"column":9}}],"line":1528},"200":{"loc":{"start":{"line":1544,"column":0},"end":{"line":1544,"column":57}},"type":"if","locations":[{"start":{"line":1544,"column":0},"end":{"line":1544,"column":57}},{"start":{"line":1544,"column":0},"end":{"line":1544,"column":57}}],"line":1544}},"s":{"0":11,"1":11,"2":66,"3":66,"4":66,"5":66,"6":66,"7":66,"8":66,"9":66,"10":66,"11":66,"12":66,"13":66,"14":66,"15":66,"16":66,"17":66,"18":66,"19":66,"20":66,"21":66,"22":66,"23":66,"24":66,"25":66,"26":66,"27":66,"28":66,"29":66,"30":66,"31":66,"32":66,"33":66,"34":66,"35":66,"36":66,"37":66,"38":66,"39":66,"40":66,"41":66,"42":0,"43":123,"44":123,"45":123,"46":123,"47":123,"48":123,"49":123,"50":123,"51":123,"52":123,"53":7,"54":123,"55":123,"56":123,"57":123,"58":123,"59":0,"60":123,"61":123,"62":123,"63":4641,"64":4641,"65":861,"66":3780,"67":868,"68":2912,"69":2912,"70":2912,"71":123,"72":123,"73":86,"74":123,"75":86,"76":123,"77":86,"78":123,"79":86,"80":123,"81":123,"82":123,"83":123,"84":123,"85":123,"86":123,"87":123,"88":0,"89":123,"90":0,"91":123,"92":0,"93":123,"94":0,"95":123,"96":0,"97":123,"98":0,"99":123,"100":123,"101":0,"102":123,"103":123,"104":984,"105":984,"106":984,"107":984,"108":3780,"109":868,"110":0,"111":868,"112":868,"113":2912,"114":0,"115":2912,"116":2912,"117":984,"118":0,"119":123,"120":3395,"121":3395,"122":3395,"123":3395,"124":217280,"125":165359,"126":51921,"127":3917,"128":3917,"129":51921,"130":51921,"131":51921,"132":217280,"133":27160,"134":21501,"135":27160,"136":23765,"137":27160,"138":27160,"139":3395,"140":3395,"141":129,"142":3395,"143":129,"144":3395,"145":129,"146":3395,"147":129,"148":3395,"149":3395,"150":3395,"151":0,"152":0,"153":0,"154":0,"155":0,"156":3163,"157":0,"158":3163,"159":3090,"160":3090,"161":73,"162":73,"163":5,"164":5,"165":2912,"166":0,"167":2912,"168":0,"169":2912,"170":0,"171":2912,"172":2912,"173":2912,"174":247,"175":2912,"176":2912,"177":5,"178":5,"179":5,"180":0,"181":5,"182":5,"183":7677,"184":32,"185":32,"186":32,"187":32,"188":128,"189":128,"190":0,"191":128,"192":7645,"193":7645,"194":354,"195":7645,"196":311,"197":311,"198":311,"199":311,"200":311,"201":311,"202":0,"203":311,"204":311,"205":311,"206":311,"207":19904,"208":19904,"209":0,"210":0,"211":19904,"212":19904,"213":17491,"214":2413,"215":1251,"216":1251,"217":1050,"218":1050,"219":1050,"220":670,"221":1251,"222":2502,"223":2502,"224":388,"225":2114,"226":0,"227":2114,"228":0,"229":1162,"230":1162,"231":1162,"232":7392,"233":7392,"234":7392,"235":11317,"236":11317,"237":3374,"238":7943,"239":5587,"240":2356,"241":2002,"242":354,"243":354,"244":5587,"245":1662,"246":311,"247":84,"248":84,"249":84,"250":8,"251":311,"252":82,"253":82,"254":82,"255":8,"256":311,"257":0,"258":311,"259":0,"260":311,"261":311,"262":311,"263":311,"264":7773,"265":7773,"266":6739,"267":7773,"268":311,"269":109,"270":109,"271":0,"272":109,"273":0,"274":109,"275":109,"276":94,"277":109,"278":11,"279":0,"280":11,"281":109,"282":109,"283":4,"284":109,"285":109,"286":10,"287":4,"288":6,"289":109,"290":109,"291":8051,"292":8051,"293":533898,"294":52429,"295":52429,"296":481469,"297":420812,"298":60657,"299":60657,"300":60657,"301":60657,"302":1994,"303":104,"304":69,"305":66,"306":35,"307":25,"308":13,"309":1890,"310":126,"311":1764,"312":1764,"313":1764,"314":1764,"315":2529,"316":904,"317":904,"318":1625,"319":1764,"320":860,"321":6974,"322":7993,"323":220,"324":35,"325":69,"326":45,"327":45,"328":45,"329":45,"330":3195,"331":315,"332":315,"333":2880,"334":2880,"335":400,"336":400,"337":45,"338":4,"339":41,"340":6,"341":35,"342":41,"343":41,"344":41,"345":41,"346":200,"347":200,"348":41,"349":159,"350":41,"351":200,"352":200,"353":200,"354":32,"355":200,"356":41,"357":159,"358":41,"359":8145,"360":8145,"361":8145,"362":8145,"363":8145,"364":8145,"365":8145,"366":0,"367":0,"368":0,"369":8145,"370":136,"371":8145,"372":1275,"373":1275,"374":8,"375":8,"376":8,"377":8,"378":1267,"379":8,"380":8,"381":8,"382":8,"383":1275,"384":8145,"385":1730,"386":1730,"387":1730,"388":3442,"389":40,"390":40,"391":8145,"392":1819,"393":1819,"394":1819,"395":3637,"396":13,"397":13,"398":8145,"399":674,"400":318,"401":356,"402":7471,"403":8145,"404":1851,"405":6294,"406":377,"407":5917,"408":8145,"409":4038,"410":8145,"411":8089,"412":8089,"413":43,"414":8046,"415":8046,"416":8046,"417":8046,"418":8046,"419":8046,"420":8046,"421":8046,"422":8046,"423":8046,"424":8046,"425":8046,"426":8046,"427":366,"428":7680,"429":0,"430":0,"431":0,"432":0,"433":8046,"434":16,"435":8,"436":8,"437":8,"438":8,"439":8,"440":16,"441":16,"442":8046,"443":109,"444":109,"445":109,"446":109,"447":109,"448":109,"449":109,"450":109,"451":109,"452":109,"453":2708,"454":2708,"455":2708,"456":2708,"457":0,"458":0,"459":0,"460":0,"461":0,"462":109,"463":0,"464":0,"465":0,"466":0,"467":0,"468":109,"469":0,"470":0,"471":0,"472":0,"473":0,"474":0,"475":0,"476":0,"477":0,"478":0,"479":0,"480":0,"481":0,"482":0,"483":0,"484":0,"485":0,"486":14333,"487":9866,"488":9866,"489":9866,"490":9866,"491":32640,"492":3780,"493":109,"494":109,"495":109,"496":109,"497":109,"498":109,"499":763,"500":113,"501":109,"502":109,"503":109,"504":109,"505":560,"506":0,"507":560,"508":109,"509":0,"510":0,"511":0,"512":0,"513":0,"514":0,"515":0,"516":0,"517":0,"518":0,"519":0,"520":0,"521":0,"522":0,"523":0,"524":66,"525":66,"526":66,"527":66,"528":4686,"529":462,"530":462,"531":4224,"532":66,"533":50,"534":7,"535":0,"536":0,"537":0,"538":0,"539":0,"540":0,"541":0,"542":0,"543":0,"544":0,"545":0,"546":7,"547":7,"548":16,"549":36,"550":7,"551":10,"552":18,"553":0,"554":32,"555":0,"556":0,"557":0,"558":0,"559":0,"560":0,"561":0,"562":0,"563":0,"564":0,"565":0,"566":0,"567":0,"568":0,"569":0,"570":0,"571":0,"572":0,"573":0,"574":0,"575":0,"576":0,"577":0,"578":0,"579":0,"580":0,"581":0,"582":0,"583":0,"584":0,"585":0,"586":0,"587":0,"588":0,"589":0,"590":0,"591":0,"592":0,"593":0,"594":0,"595":0,"596":0,"597":0,"598":0,"599":0,"600":0,"601":0,"602":0,"603":0,"604":0,"605":0,"606":0,"607":0,"608":0,"609":0,"610":0,"611":0,"612":0,"613":0,"614":0,"615":0,"616":0,"617":0,"618":0,"619":0,"620":0,"621":0,"622":0,"623":0,"624":0,"625":0,"626":0,"627":0,"628":0,"629":0,"630":0,"631":0,"632":0,"633":0,"634":0,"635":0,"636":0,"637":0,"638":0,"639":0,"640":0,"641":0,"642":0,"643":0,"644":0,"645":0,"646":0,"647":0,"648":0,"649":0,"650":0,"651":0,"652":0,"653":0,"654":0,"655":0,"656":0,"657":0,"658":0,"659":1,"660":121,"661":121,"662":121,"663":0,"664":0,"665":0,"666":0,"667":0,"668":0,"669":121,"670":121,"671":121,"672":121,"673":1927,"674":104,"675":104,"676":121,"677":17,"678":104,"679":104,"680":104,"681":7,"682":7,"683":0,"684":0,"685":0,"686":5,"687":0,"688":0,"689":0,"690":0,"691":0,"692":0,"693":0,"694":0,"695":0,"696":0,"697":0,"698":0,"699":0,"700":0,"701":0,"702":0,"703":0,"704":11,"705":11},"f":{"0":66,"1":123,"2":7,"3":123,"4":123,"5":3395,"6":0,"7":3163,"8":5,"9":2912,"10":5,"11":311,"12":7677,"13":109,"14":8051,"15":7993,"16":220,"17":35,"18":69,"19":45,"20":41,"21":8145,"22":8145,"23":8089,"24":109,"25":0,"26":14333,"27":9866,"28":9866,"29":32640,"30":3780,"31":109,"32":109,"33":0,"34":0,"35":66,"36":50,"37":7,"38":0,"39":7,"40":7,"41":16,"42":36,"43":7,"44":10,"45":18,"46":0,"47":32,"48":0,"49":0,"50":0,"51":0,"52":0,"53":0,"54":0,"55":0,"56":0,"57":1,"58":121,"59":7,"60":0,"61":0,"62":0,"63":5,"64":0,"65":0,"66":0},"b":{"0":[66,0],"1":[0,123],"2":[861,3780],"3":[868,2912],"4":[1453,1459],"5":[86,37],"6":[86,37],"7":[86,37],"8":[86,37],"9":[123,0],"10":[0,123],"11":[0,123],"12":[123,123],"13":[0,123],"14":[123,123],"15":[0,123],"16":[0,123],"17":[0,123],"18":[0,123],"19":[868,2912],"20":[0,868],"21":[0,2912],"22":[0,984],"23":[165359,51921],"24":[3917,48004],"25":[16008,35913],"26":[27160,190120],"27":[21501,5659],"28":[23765,3395],"29":[129,3266],"30":[129,3266],"31":[129,3266],"32":[129,3266],"33":[3395,3266],"34":[3395,0],"35":[0,0],"36":[0,0],"37":[0,3163],"38":[3090,73],"39":[5,0],"40":[0,2912],"41":[2912,2912],"42":[0,2912],"43":[0,2912],"44":[247,2665],"45":[0,5],"46":[5,5],"47":[32,7645],"48":[7677,1720,1697],"49":[0,128],"50":[354,7291],"51":[0,311],"52":[311,0],"53":[0,19904],"54":[17491,2413],"55":[19904,4802],"56":[1251,1162],"57":[1050,201],"58":[670,380],"59":[1050,746],"60":[388,2114],"61":[0,2114],"62":[2114,389],"63":[0,2114],"64":[3374,7943],"65":[5587,2356],"66":[2002,354],"67":[1662,3925],"68":[5587,5095],"69":[84,227],"70":[311,84,227],"71":[8,76],"72":[84,19,13,8,8],"73":[82,229],"74":[311,82,229],"75":[8,74],"76":[82,18,14,13,8,8],"77":[0,311],"78":[0,311],"79":[311,0],"80":[6739,1034],"81":[0,109],"82":[0,109],"83":[94,15],"84":[11,98],"85":[0,11],"86":[4,105],"87":[10,99],"88":[4,6],"89":[52429,481469],"90":[420812,60657],"91":[481469,124293],"92":[1994,58663],"93":[104,1890],"94":[69,35],"95":[66,3],"96":[25,10],"97":[126,1764],"98":[1890,1873],"99":[904,1625],"100":[860,904],"101":[35,15],"102":[69,66],"103":[315,2880],"104":[400,2480],"105":[263,137],"106":[4,41],"107":[6,35],"108":[41,9,6],"109":[41,159],"110":[57,143],"111":[32,168],"112":[41,159],"113":[0,8145],"114":[0,0],"115":[136,8009],"116":[1275,6870],"117":[8,1267],"118":[8,1259],"119":[1730,6415],"120":[40,3402],"121":[1819,6326],"122":[13,3624],"123":[674,7471],"124":[318,356],"125":[1851,6294],"126":[377,5917],"127":[4038,4107],"128":[43,8046],"129":[366,7680],"130":[0,7680],"131":[0,0],"132":[16,8030],"133":[8,8],"134":[8,0],"135":[0,2708],"136":[2708,1066,150],"137":[0,0],"138":[0,0],"139":[0,109],"140":[0,0],"141":[0,0],"142":[0,0],"143":[0,0],"144":[0,0],"145":[0,0],"146":[0,0],"147":[16447,16193],"148":[113,650],"149":[0,109],"150":[0,560],"151":[0,0],"152":[0,0],"153":[462,4224],"154":[0,0],"155":[0,0],"156":[0,0],"157":[0,0,0],"158":[36,35,27,23],"159":[18,18,18,11,8],"160":[0,0],"161":[0,0],"162":[0,0],"163":[0,0],"164":[0,0],"165":[0,0],"166":[0,0],"167":[0,0],"168":[0,0],"169":[0,0],"170":[0,0],"171":[0,0],"172":[0,0],"173":[0,0],"174":[0,0],"175":[0,0],"176":[0,0],"177":[0,0],"178":[0,0],"179":[0,0],"180":[0,0],"181":[0,0],"182":[0,0],"183":[0,0],"184":[0,0],"185":[0,0],"186":[0,0],"187":[0,0],"188":[0,0],"189":[0,121],"190":[0,0],"191":[121,0],"192":[104,1823],"193":[1927,476,110,10],"194":[17,104],"195":[5,2],"196":[0,0],"197":[0,0],"198":[0,0,0],"199":[0,0],"200":[11,0]},"_coverageSchema":"43e27e138ebf9cfc5966b082cf9a028302ed4184","hash":"2586d085612eb86812b4a6b28845bdf8cc9566ad"}
}
