TN:
SF:/Users/rogersdong/Desktop/final/3D-Hartwig-chess-set/js/libraries.js
FN:32,(anonymous_0)
FN:169,clear
FN:182,reset
FN:186,load
FN:236,validate_fen
FN:318,generate_fen
FN:364,set_header
FN:380,update_setup
FN:392,get
FN:397,put
FN:424,remove
FN:436,generate_moves
FN:438,add_move
FN:607,move_to_san
FN:648,attacked
FN:689,king_attacked
FN:693,in_check
FN:697,in_checkmate
FN:701,in_stalemate
FN:705,insufficient_material
FN:732,in_threefold_repetition
FN:768,push
FN:780,make_move
FN:872,undo_move
FN:922,get_disambiguator
FN:976,ascii
FN:1009,rank
FN:1013,file
FN:1017,algebraic
FN:1022,swap_color
FN:1026,is_digit
FN:1031,make_pretty
FN:1049,clone
FN:1063,trim
FN:1070,perft
FN:1103,(anonymous_35)
FN:1122,(anonymous_36)
FN:1126,(anonymous_37)
FN:1130,(anonymous_38)
FN:1161,(anonymous_39)
FN:1165,(anonymous_40)
FN:1169,(anonymous_41)
FN:1173,(anonymous_42)
FN:1180,(anonymous_43)
FN:1184,(anonymous_44)
FN:1188,(anonymous_45)
FN:1196,(anonymous_46)
FN:1200,(anonymous_47)
FN:1204,(anonymous_48)
FN:1302,(anonymous_49)
FN:1303,mask
FN:1310,move_from_san
FN:1320,get_move_obj
FN:1324,has_keys
FN:1332,parse_pgn_header
FN:1423,(anonymous_55)
FN:1427,(anonymous_56)
FN:1431,(anonymous_57)
FN:1435,(anonymous_58)
FN:1484,(anonymous_59)
FN:1489,(anonymous_60)
FN:1493,(anonymous_61)
FN:1497,(anonymous_62)
FN:1501,(anonymous_63)
FN:1505,(anonymous_64)
FN:1509,(anonymous_65)
FN:1518,(anonymous_66)
FNF:67
FNH:46
FNDA:66,(anonymous_0)
FNDA:123,clear
FNDA:7,reset
FNDA:123,load
FNDA:123,validate_fen
FNDA:3395,generate_fen
FNDA:0,set_header
FNDA:3163,update_setup
FNDA:5,get
FNDA:2912,put
FNDA:5,remove
FNDA:311,generate_moves
FNDA:7677,add_move
FNDA:109,move_to_san
FNDA:8051,attacked
FNDA:7993,king_attacked
FNDA:220,in_check
FNDA:35,in_checkmate
FNDA:69,in_stalemate
FNDA:45,insufficient_material
FNDA:41,in_threefold_repetition
FNDA:8145,push
FNDA:8145,make_move
FNDA:8089,undo_move
FNDA:109,get_disambiguator
FNDA:0,ascii
FNDA:14333,rank
FNDA:9866,file
FNDA:9866,algebraic
FNDA:32640,swap_color
FNDA:3780,is_digit
FNDA:109,make_pretty
FNDA:109,clone
FNDA:0,trim
FNDA:0,perft
FNDA:66,(anonymous_35)
FNDA:50,(anonymous_36)
FNDA:7,(anonymous_37)
FNDA:0,(anonymous_38)
FNDA:7,(anonymous_39)
FNDA:7,(anonymous_40)
FNDA:16,(anonymous_41)
FNDA:36,(anonymous_42)
FNDA:7,(anonymous_43)
FNDA:10,(anonymous_44)
FNDA:18,(anonymous_45)
FNDA:0,(anonymous_46)
FNDA:32,(anonymous_47)
FNDA:0,(anonymous_48)
FNDA:0,(anonymous_49)
FNDA:0,mask
FNDA:0,move_from_san
FNDA:0,get_move_obj
FNDA:0,has_keys
FNDA:0,parse_pgn_header
FNDA:0,(anonymous_55)
FNDA:0,(anonymous_56)
FNDA:1,(anonymous_57)
FNDA:121,(anonymous_58)
FNDA:7,(anonymous_59)
FNDA:0,(anonymous_60)
FNDA:0,(anonymous_61)
FNDA:0,(anonymous_62)
FNDA:5,(anonymous_63)
FNDA:0,(anonymous_64)
FNDA:0,(anonymous_65)
FNDA:0,(anonymous_66)
DA:1,11
DA:32,11
DA:34,66
DA:35,66
DA:37,66
DA:39,66
DA:40,66
DA:41,66
DA:42,66
DA:43,66
DA:44,66
DA:46,66
DA:48,66
DA:50,66
DA:52,66
DA:57,66
DA:65,66
DA:83,66
DA:101,66
DA:103,66
DA:113,66
DA:123,66
DA:124,66
DA:125,66
DA:126,66
DA:127,66
DA:128,66
DA:129,66
DA:130,66
DA:132,66
DA:143,66
DA:150,66
DA:151,66
DA:152,66
DA:153,66
DA:154,66
DA:155,66
DA:156,66
DA:157,66
DA:158,66
DA:163,66
DA:164,66
DA:166,0
DA:170,123
DA:171,123
DA:172,123
DA:173,123
DA:174,123
DA:175,123
DA:176,123
DA:177,123
DA:178,123
DA:179,123
DA:183,7
DA:187,123
DA:188,123
DA:189,123
DA:190,123
DA:192,123
DA:193,0
DA:196,123
DA:198,123
DA:199,4641
DA:201,4641
DA:202,861
DA:203,3780
DA:204,868
DA:206,2912
DA:207,2912
DA:208,2912
DA:212,123
DA:214,123
DA:215,86
DA:217,123
DA:218,86
DA:220,123
DA:221,86
DA:223,123
DA:224,86
DA:227,123
DA:228,123
DA:229,123
DA:231,123
DA:233,123
DA:237,123
DA:252,123
DA:253,123
DA:254,0
DA:258,123
DA:259,0
DA:263,123
DA:264,0
DA:268,123
DA:269,0
DA:273,123
DA:274,0
DA:278,123
DA:279,0
DA:283,123
DA:284,123
DA:285,0
DA:289,123
DA:291,984
DA:292,984
DA:294,984
DA:295,3780
DA:296,868
DA:297,0
DA:299,868
DA:300,868
DA:302,2912
DA:303,0
DA:305,2912
DA:306,2912
DA:309,984
DA:310,0
DA:315,123
DA:319,3395
DA:320,3395
DA:322,3395
DA:323,217280
DA:324,165359
DA:326,51921
DA:327,3917
DA:328,3917
DA:330,51921
DA:331,51921
DA:333,51921
DA:337,217280
DA:338,27160
DA:339,21501
DA:342,27160
DA:343,23765
DA:346,27160
DA:347,27160
DA:351,3395
DA:352,3395
DA:353,3395
DA:354,3395
DA:355,3395
DA:358,3395
DA:359,3395
DA:361,3395
DA:365,0
DA:366,0
DA:368,0
DA:371,0
DA:381,3163
DA:383,3163
DA:384,3090
DA:385,3090
DA:387,73
DA:388,73
DA:393,5
DA:394,5
DA:399,2912
DA:400,0
DA:404,2912
DA:405,0
DA:409,2912
DA:410,0
DA:413,2912
DA:414,2912
DA:415,2912
DA:416,247
DA:419,2912
DA:421,2912
DA:425,5
DA:426,5
DA:427,5
DA:428,0
DA:431,5
DA:433,5
DA:440,7677
DA:442,32
DA:443,32
DA:444,128
DA:454,128
DA:455,0
DA:457,128
DA:460,7645
DA:468,7645
DA:469,354
DA:472,7645
DA:476,311
DA:477,311
DA:478,311
DA:479,311
DA:480,311
DA:482,311
DA:483,0
DA:485,311
DA:486,311
DA:487,311
DA:489,311
DA:491,19904
DA:492,19904
DA:494,19904
DA:495,19904
DA:496,17491
DA:499,2413
DA:501,1251
DA:502,1251
DA:503,1050
DA:506,1050
DA:507,1050
DA:508,670
DA:513,1251
DA:514,2502
DA:515,2502
DA:517,2114
DA:519,0
DA:520,2114
DA:521,0
DA:525,1162
DA:526,7392
DA:527,7392
DA:529,7392
DA:530,11317
DA:531,11317
DA:533,7943
DA:534,5587
DA:536,2356
DA:537,354
DA:538,354
DA:542,5587
DA:549,311
DA:550,84
DA:551,84
DA:553,84
DA:558,8
DA:564,311
DA:565,82
DA:566,82
DA:568,82
DA:574,8
DA:580,311
DA:581,0
DA:587,311
DA:588,0
DA:592,311
DA:593,311
DA:594,7773
DA:595,7773
DA:596,6739
DA:598,7773
DA:601,311
DA:608,109
DA:610,109
DA:611,0
DA:612,109
DA:613,0
DA:615,109
DA:617,109
DA:618,94
DA:621,109
DA:622,11
DA:623,0
DA:625,11
DA:628,109
DA:630,109
DA:631,4
DA:635,109
DA:636,109
DA:637,10
DA:638,4
DA:640,6
DA:643,109
DA:645,109
DA:649,8051
DA:651,533898
DA:654,481469
DA:656,60657
DA:657,60657
DA:658,60657
DA:660,60657
DA:661,1994
DA:662,104
DA:663,69
DA:665,35
DA:667,13
DA:671,1890
DA:673,1764
DA:674,1764
DA:676,1764
DA:677,1764
DA:678,2529
DA:679,1625
DA:682,1764
DA:686,6974
DA:690,7993
DA:694,220
DA:698,35
DA:702,69
DA:706,45
DA:707,45
DA:709,45
DA:710,3195
DA:712,2880
DA:713,2880
DA:714,400
DA:716,400
DA:721,45
DA:724,41
DA:725,6
DA:729,35
DA:738,41
DA:739,41
DA:740,41
DA:742,41
DA:743,200
DA:744,200
DA:745,159
DA:748,41
DA:751,200
DA:754,200
DA:755,200
DA:756,32
DA:759,200
DA:760,41
DA:762,159
DA:765,41
DA:769,8145
DA:781,8145
DA:782,8145
DA:783,8145
DA:785,8145
DA:786,8145
DA:789,8145
DA:790,0
DA:791,0
DA:793,0
DA:798,8145
DA:799,136
DA:803,8145
DA:804,1275
DA:807,1275
DA:808,8
DA:809,8
DA:810,8
DA:811,8
DA:812,1267
DA:813,8
DA:814,8
DA:815,8
DA:816,8
DA:820,1275
DA:824,8145
DA:826,1730
DA:827,3442
DA:828,40
DA:830,40
DA:836,8145
DA:837,1819
DA:838,3637
DA:839,13
DA:841,13
DA:847,8145
DA:848,674
DA:849,318
DA:851,356
DA:854,7471
DA:858,8145
DA:859,1851
DA:860,6294
DA:861,377
DA:863,5917
DA:866,8145
DA:867,4038
DA:869,8145
DA:873,8089
DA:874,8089
DA:876,8046
DA:877,8046
DA:878,8046
DA:879,8046
DA:880,8046
DA:881,8046
DA:882,8046
DA:884,8046
DA:885,8046
DA:887,8046
DA:888,8046
DA:889,8046
DA:891,8046
DA:892,366
DA:893,7680
DA:895,0
DA:896,0
DA:898,0
DA:900,0
DA:904,8046
DA:906,16
DA:907,8
DA:908,8
DA:909,8
DA:910,8
DA:911,8
DA:914,16
DA:915,16
DA:918,8046
DA:923,109
DA:925,109
DA:926,109
DA:927,109
DA:929,109
DA:930,109
DA:931,109
DA:933,109
DA:934,2708
DA:935,2708
DA:936,2708
DA:941,2708
DA:942,0
DA:944,0
DA:945,0
DA:948,0
DA:949,0
DA:954,109
DA:958,0
DA:959,0
DA:964,0
DA:965,0
DA:969,0
DA:973,109
DA:977,0
DA:978,0
DA:980,0
DA:981,0
DA:985,0
DA:986,0
DA:988,0
DA:989,0
DA:990,0
DA:992,0
DA:995,0
DA:996,0
DA:997,0
DA:1000,0
DA:1001,0
DA:1003,0
DA:1010,14333
DA:1014,9866
DA:1018,9866
DA:1019,9866
DA:1023,32640
DA:1027,3780
DA:1032,109
DA:1033,109
DA:1034,109
DA:1035,109
DA:1037,109
DA:1039,109
DA:1040,763
DA:1041,113
DA:1044,109
DA:1046,109
DA:1050,109
DA:1052,109
DA:1053,560
DA:1054,0
DA:1056,560
DA:1060,109
DA:1064,0
DA:1071,0
DA:1072,0
DA:1073,0
DA:1075,0
DA:1076,0
DA:1077,0
DA:1078,0
DA:1079,0
DA:1080,0
DA:1082,0
DA:1085,0
DA:1088,0
DA:1091,66
DA:1110,66
DA:1111,66
DA:1112,4686
DA:1113,4224
DA:1115,66
DA:1123,50
DA:1127,7
DA:1138,0
DA:1139,0
DA:1141,0
DA:1143,0
DA:1145,0
DA:1150,0
DA:1152,0
DA:1154,0
DA:1158,0
DA:1162,7
DA:1166,7
DA:1170,16
DA:1174,36
DA:1181,7
DA:1185,10
DA:1189,18
DA:1197,0
DA:1201,32
DA:1208,0
DA:1211,0
DA:1214,0
DA:1215,0
DA:1218,0
DA:1222,0
DA:1223,0
DA:1226,0
DA:1227,0
DA:1231,0
DA:1232,0
DA:1233,0
DA:1236,0
DA:1237,0
DA:1238,0
DA:1241,0
DA:1242,0
DA:1245,0
DA:1246,0
DA:1247,0
DA:1248,0
DA:1250,0
DA:1251,0
DA:1253,0
DA:1254,0
DA:1257,0
DA:1258,0
DA:1262,0
DA:1263,0
DA:1267,0
DA:1268,0
DA:1274,0
DA:1275,0
DA:1279,0
DA:1280,0
DA:1282,0
DA:1285,0
DA:1286,0
DA:1289,0
DA:1290,0
DA:1291,0
DA:1292,0
DA:1293,0
DA:1295,0
DA:1296,0
DA:1299,0
DA:1304,0
DA:1311,0
DA:1312,0
DA:1313,0
DA:1314,0
DA:1317,0
DA:1321,0
DA:1325,0
DA:1326,0
DA:1327,0
DA:1329,0
DA:1333,0
DA:1336,0
DA:1337,0
DA:1338,0
DA:1339,0
DA:1341,0
DA:1342,0
DA:1343,0
DA:1344,0
DA:1345,0
DA:1349,0
DA:1352,0
DA:1355,0
DA:1360,0
DA:1363,0
DA:1364,0
DA:1367,0
DA:1370,0
DA:1371,0
DA:1372,0
DA:1376,0
DA:1379,0
DA:1382,0
DA:1386,0
DA:1389,0
DA:1390,0
DA:1392,0
DA:1393,0
DA:1398,0
DA:1399,0
DA:1401,0
DA:1406,0
DA:1407,0
DA:1408,0
DA:1409,0
DA:1413,0
DA:1414,0
DA:1415,0
DA:1417,0
DA:1420,0
DA:1424,0
DA:1428,0
DA:1432,1
DA:1445,121
DA:1446,121
DA:1448,121
DA:1450,0
DA:1451,0
DA:1452,0
DA:1453,0
DA:1456,121
DA:1458,121
DA:1459,1927
DA:1463,104
DA:1464,104
DA:1470,121
DA:1471,17
DA:1477,104
DA:1479,104
DA:1481,104
DA:1485,7
DA:1486,7
DA:1490,0
DA:1494,0
DA:1498,0
DA:1502,5
DA:1506,0
DA:1510,0
DA:1511,0
DA:1512,0
DA:1515,0
DA:1519,0
DA:1520,0
DA:1521,0
DA:1524,0
DA:1525,0
DA:1528,0
DA:1529,0
DA:1530,0
DA:1531,0
DA:1533,0
DA:1535,0
DA:1538,0
DA:1546,11
LF:643
LH:434
BRDA:163,0,0,66
BRDA:163,0,1,0
BRDA:192,1,0,0
BRDA:192,1,1,123
BRDA:201,2,0,861
BRDA:201,2,1,3780
BRDA:203,3,0,868
BRDA:203,3,1,2912
BRDA:206,4,0,1453
BRDA:206,4,1,1459
BRDA:214,5,0,86
BRDA:214,5,1,37
BRDA:217,6,0,86
BRDA:217,6,1,37
BRDA:220,7,0,86
BRDA:220,7,1,37
BRDA:223,8,0,86
BRDA:223,8,1,37
BRDA:227,9,0,123
BRDA:227,9,1,0
BRDA:253,10,0,0
BRDA:253,10,1,123
BRDA:258,11,0,0
BRDA:258,11,1,123
BRDA:258,12,0,123
BRDA:258,12,1,123
BRDA:263,13,0,0
BRDA:263,13,1,123
BRDA:263,14,0,123
BRDA:263,14,1,123
BRDA:268,15,0,0
BRDA:268,15,1,123
BRDA:273,16,0,0
BRDA:273,16,1,123
BRDA:278,17,0,0
BRDA:278,17,1,123
BRDA:284,18,0,0
BRDA:284,18,1,123
BRDA:295,19,0,868
BRDA:295,19,1,2912
BRDA:296,20,0,0
BRDA:296,20,1,868
BRDA:302,21,0,0
BRDA:302,21,1,2912
BRDA:309,22,0,0
BRDA:309,22,1,984
BRDA:323,23,0,165359
BRDA:323,23,1,51921
BRDA:326,24,0,3917
BRDA:326,24,1,48004
BRDA:333,25,0,16008
BRDA:333,25,1,35913
BRDA:337,26,0,27160
BRDA:337,26,1,190120
BRDA:338,27,0,21501
BRDA:338,27,1,5659
BRDA:342,28,0,23765
BRDA:342,28,1,3395
BRDA:352,29,0,129
BRDA:352,29,1,3266
BRDA:353,30,0,129
BRDA:353,30,1,3266
BRDA:354,31,0,129
BRDA:354,31,1,3266
BRDA:355,32,0,129
BRDA:355,32,1,3266
BRDA:358,33,0,3395
BRDA:358,33,1,3266
BRDA:359,34,0,3395
BRDA:359,34,1,0
BRDA:366,35,0,0
BRDA:366,35,1,0
BRDA:366,36,0,0
BRDA:366,36,1,0
BRDA:381,37,0,0
BRDA:381,37,1,3163
BRDA:383,38,0,3090
BRDA:383,38,1,73
BRDA:394,39,0,5
BRDA:394,39,1,0
BRDA:399,40,0,0
BRDA:399,40,1,2912
BRDA:399,41,0,2912
BRDA:399,41,1,2912
BRDA:404,42,0,0
BRDA:404,42,1,2912
BRDA:409,43,0,0
BRDA:409,43,1,2912
BRDA:415,44,0,247
BRDA:415,44,1,2665
BRDA:427,45,0,0
BRDA:427,45,1,5
BRDA:427,46,0,5
BRDA:427,46,1,5
BRDA:440,47,0,32
BRDA:440,47,1,7645
BRDA:440,48,0,7677
BRDA:440,48,1,1720
BRDA:440,48,2,1697
BRDA:454,49,0,0
BRDA:454,49,1,128
BRDA:468,50,0,354
BRDA:468,50,1,7291
BRDA:482,51,0,0
BRDA:482,51,1,311
BRDA:482,52,0,311
BRDA:482,52,1,0
BRDA:492,53,0,0
BRDA:492,53,1,19904
BRDA:495,54,0,17491
BRDA:495,54,1,2413
BRDA:495,55,0,19904
BRDA:495,55,1,4802
BRDA:499,56,0,1251
BRDA:499,56,1,1162
BRDA:502,57,0,1050
BRDA:502,57,1,201
BRDA:507,58,0,670
BRDA:507,58,1,380
BRDA:507,59,0,1050
BRDA:507,59,1,746
BRDA:515,60,0,388
BRDA:515,60,1,2114
BRDA:517,61,0,0
BRDA:517,61,1,2114
BRDA:517,62,0,2114
BRDA:517,62,1,389
BRDA:520,63,0,0
BRDA:520,63,1,2114
BRDA:531,64,0,3374
BRDA:531,64,1,7943
BRDA:533,65,0,5587
BRDA:533,65,1,2356
BRDA:536,66,0,2002
BRDA:536,66,1,354
BRDA:542,67,0,1662
BRDA:542,67,1,3925
BRDA:542,68,0,5587
BRDA:542,68,1,5095
BRDA:549,69,0,84
BRDA:549,69,1,227
BRDA:549,70,0,311
BRDA:549,70,1,84
BRDA:549,70,2,227
BRDA:553,71,0,8
BRDA:553,71,1,76
BRDA:553,72,0,84
BRDA:553,72,1,19
BRDA:553,72,2,13
BRDA:553,72,3,8
BRDA:553,72,4,8
BRDA:564,73,0,82
BRDA:564,73,1,229
BRDA:564,74,0,311
BRDA:564,74,1,82
BRDA:564,74,2,229
BRDA:568,75,0,8
BRDA:568,75,1,74
BRDA:568,76,0,82
BRDA:568,76,1,18
BRDA:568,76,2,14
BRDA:568,76,3,13
BRDA:568,76,4,8
BRDA:568,76,5,8
BRDA:580,77,0,0
BRDA:580,77,1,311
BRDA:587,78,0,0
BRDA:587,78,1,311
BRDA:587,79,0,311
BRDA:587,79,1,0
BRDA:595,80,0,6739
BRDA:595,80,1,1034
BRDA:610,81,0,0
BRDA:610,81,1,109
BRDA:612,82,0,0
BRDA:612,82,1,109
BRDA:617,83,0,94
BRDA:617,83,1,15
BRDA:621,84,0,11
BRDA:621,84,1,98
BRDA:622,85,0,0
BRDA:622,85,1,11
BRDA:630,86,0,4
BRDA:630,86,1,105
BRDA:636,87,0,10
BRDA:636,87,1,99
BRDA:637,88,0,4
BRDA:637,88,1,6
BRDA:651,89,0,52429
BRDA:651,89,1,481469
BRDA:654,90,0,420812
BRDA:654,90,1,60657
BRDA:654,91,0,481469
BRDA:654,91,1,124293
BRDA:660,92,0,1994
BRDA:660,92,1,58663
BRDA:661,93,0,104
BRDA:661,93,1,1890
BRDA:662,94,0,69
BRDA:662,94,1,35
BRDA:663,95,0,66
BRDA:663,95,1,3
BRDA:665,96,0,25
BRDA:665,96,1,10
BRDA:671,97,0,126
BRDA:671,97,1,1764
BRDA:671,98,0,1890
BRDA:671,98,1,1873
BRDA:678,99,0,904
BRDA:678,99,1,1625
BRDA:682,100,0,860
BRDA:682,100,1,904
BRDA:698,101,0,35
BRDA:698,101,1,15
BRDA:702,102,0,69
BRDA:702,102,1,66
BRDA:710,103,0,315
BRDA:710,103,1,2880
BRDA:713,104,0,400
BRDA:713,104,1,2480
BRDA:714,105,0,263
BRDA:714,105,1,137
BRDA:721,106,0,4
BRDA:721,106,1,41
BRDA:724,107,0,6
BRDA:724,107,1,35
BRDA:724,108,0,41
BRDA:724,108,1,9
BRDA:724,108,2,6
BRDA:744,109,0,41
BRDA:744,109,1,159
BRDA:754,110,0,57
BRDA:754,110,1,143
BRDA:755,111,0,32
BRDA:755,111,1,168
BRDA:759,112,0,41
BRDA:759,112,1,159
BRDA:789,113,0,0
BRDA:789,113,1,8145
BRDA:790,114,0,0
BRDA:790,114,1,0
BRDA:798,115,0,136
BRDA:798,115,1,8009
BRDA:803,116,0,1275
BRDA:803,116,1,6870
BRDA:807,117,0,8
BRDA:807,117,1,1267
BRDA:812,118,0,8
BRDA:812,118,1,1259
BRDA:824,119,0,1730
BRDA:824,119,1,6415
BRDA:827,120,0,40
BRDA:827,120,1,3402
BRDA:836,121,0,1819
BRDA:836,121,1,6326
BRDA:838,122,0,13
BRDA:838,122,1,3624
BRDA:847,123,0,674
BRDA:847,123,1,7471
BRDA:848,124,0,318
BRDA:848,124,1,356
BRDA:858,125,0,1851
BRDA:858,125,1,6294
BRDA:860,126,0,377
BRDA:860,126,1,5917
BRDA:866,127,0,4038
BRDA:866,127,1,4107
BRDA:874,128,0,43
BRDA:874,128,1,8046
BRDA:891,129,0,366
BRDA:891,129,1,7680
BRDA:893,130,0,0
BRDA:893,130,1,7680
BRDA:895,131,0,0
BRDA:895,131,1,0
BRDA:904,132,0,16
BRDA:904,132,1,8030
BRDA:906,133,0,8
BRDA:906,133,1,8
BRDA:909,134,0,8
BRDA:909,134,1,0
BRDA:941,135,0,0
BRDA:941,135,1,2708
BRDA:941,136,0,2708
BRDA:941,136,1,1066
BRDA:941,136,2,150
BRDA:944,137,0,0
BRDA:944,137,1,0
BRDA:948,138,0,0
BRDA:948,138,1,0
BRDA:954,139,0,0
BRDA:954,139,1,109
BRDA:958,140,0,0
BRDA:958,140,1,0
BRDA:958,141,0,0
BRDA:958,141,1,0
BRDA:964,142,0,0
BRDA:964,142,1,0
BRDA:980,143,0,0
BRDA:980,143,1,0
BRDA:985,144,0,0
BRDA:985,144,1,0
BRDA:990,145,0,0
BRDA:990,145,1,0
BRDA:995,146,0,0
BRDA:995,146,1,0
BRDA:1023,147,0,16447
BRDA:1023,147,1,16193
BRDA:1040,148,0,113
BRDA:1040,148,1,650
BRDA:1050,149,0,0
BRDA:1050,149,1,109
BRDA:1053,150,0,0
BRDA:1053,150,1,560
BRDA:1077,151,0,0
BRDA:1077,151,1,0
BRDA:1078,152,0,0
BRDA:1078,152,1,0
BRDA:1112,153,0,462
BRDA:1112,153,1,4224
BRDA:1138,154,0,0
BRDA:1138,154,1,0
BRDA:1138,155,0,0
BRDA:1138,155,1,0
BRDA:1150,156,0,0
BRDA:1150,156,1,0
BRDA:1150,157,0,0
BRDA:1150,157,1,0
BRDA:1150,157,2,0
BRDA:1174,158,0,36
BRDA:1174,158,1,35
BRDA:1174,158,2,27
BRDA:1174,158,3,23
BRDA:1189,159,0,18
BRDA:1189,159,1,18
BRDA:1189,159,2,18
BRDA:1189,159,3,11
BRDA:1189,159,4,8
BRDA:1208,160,0,0
BRDA:1208,160,1,0
BRDA:1208,161,0,0
BRDA:1208,161,1,0
BRDA:1211,162,0,0
BRDA:1211,162,1,0
BRDA:1211,163,0,0
BRDA:1211,163,1,0
BRDA:1226,164,0,0
BRDA:1226,164,1,0
BRDA:1226,165,0,0
BRDA:1226,165,1,0
BRDA:1245,166,0,0
BRDA:1245,166,1,0
BRDA:1245,167,0,0
BRDA:1245,167,1,0
BRDA:1248,168,0,0
BRDA:1248,168,1,0
BRDA:1250,169,0,0
BRDA:1250,169,1,0
BRDA:1262,170,0,0
BRDA:1262,170,1,0
BRDA:1267,171,0,0
BRDA:1267,171,1,0
BRDA:1274,172,0,0
BRDA:1274,172,1,0
BRDA:1282,173,0,0
BRDA:1282,173,1,0
BRDA:1282,174,0,0
BRDA:1282,174,1,0
BRDA:1285,175,0,0
BRDA:1285,175,1,0
BRDA:1291,176,0,0
BRDA:1291,176,1,0
BRDA:1313,177,0,0
BRDA:1313,177,1,0
BRDA:1333,178,0,0
BRDA:1333,178,1,0
BRDA:1333,179,0,0
BRDA:1333,179,1,0
BRDA:1344,180,0,0
BRDA:1344,180,1,0
BRDA:1352,181,0,0
BRDA:1352,181,1,0
BRDA:1352,182,0,0
BRDA:1352,182,1,0
BRDA:1363,183,0,0
BRDA:1363,183,1,0
BRDA:1398,184,0,0
BRDA:1398,184,1,0
BRDA:1407,185,0,0
BRDA:1407,185,1,0
BRDA:1408,186,0,0
BRDA:1408,186,1,0
BRDA:1408,187,0,0
BRDA:1408,187,1,0
BRDA:1414,188,0,0
BRDA:1414,188,1,0
BRDA:1448,189,0,0
BRDA:1448,189,1,121
BRDA:1451,190,0,0
BRDA:1451,190,1,0
BRDA:1456,191,0,121
BRDA:1456,191,1,0
BRDA:1459,192,0,104
BRDA:1459,192,1,1823
BRDA:1459,193,0,1927
BRDA:1459,193,1,476
BRDA:1459,193,2,110
BRDA:1459,193,3,10
BRDA:1470,194,0,17
BRDA:1470,194,1,104
BRDA:1486,195,0,5
BRDA:1486,195,1,2
BRDA:1510,196,0,0
BRDA:1510,196,1,0
BRDA:1512,197,0,0
BRDA:1512,197,1,0
BRDA:1521,198,0,0
BRDA:1521,198,1,0
BRDA:1521,198,2,0
BRDA:1530,199,0,0
BRDA:1530,199,1,0
BRDA:1546,200,0,11
BRDA:1546,200,1,0
BRF:423
BRH:273
end_of_record
