TN:
SF:C:\Users\Dorong\Documents\GitHub\3D-Hartwig-chess-set\js\libraries.js
FN:30,(anonymous_0)
FN:167,clear
FN:180,reset
FN:184,load
FN:234,validate_fen
FN:316,generate_fen
FN:362,set_header
FN:378,update_setup
FN:390,get
FN:395,put
FN:422,remove
FN:434,generate_moves
FN:436,add_move
FN:605,move_to_san
FN:646,attacked
FN:687,king_attacked
FN:691,in_check
FN:695,in_checkmate
FN:699,in_stalemate
FN:703,insufficient_material
FN:730,in_threefold_repetition
FN:766,push
FN:778,make_move
FN:870,undo_move
FN:920,get_disambiguator
FN:974,ascii
FN:1007,rank
FN:1011,file
FN:1015,algebraic
FN:1020,swap_color
FN:1024,is_digit
FN:1029,make_pretty
FN:1047,clone
FN:1061,trim
FN:1068,perft
FN:1101,(anonymous_35)
FN:1120,(anonymous_36)
FN:1124,(anonymous_37)
FN:1128,(anonymous_38)
FN:1159,(anonymous_39)
FN:1163,(anonymous_40)
FN:1167,(anonymous_41)
FN:1171,(anonymous_42)
FN:1178,(anonymous_43)
FN:1182,(anonymous_44)
FN:1186,(anonymous_45)
FN:1194,(anonymous_46)
FN:1198,(anonymous_47)
FN:1202,(anonymous_48)
FN:1300,(anonymous_49)
FN:1301,mask
FN:1308,move_from_san
FN:1318,get_move_obj
FN:1322,has_keys
FN:1330,parse_pgn_header
FN:1421,(anonymous_55)
FN:1425,(anonymous_56)
FN:1429,(anonymous_57)
FN:1433,(anonymous_58)
FN:1482,(anonymous_59)
FN:1487,(anonymous_60)
FN:1491,(anonymous_61)
FN:1495,(anonymous_62)
FN:1499,(anonymous_63)
FN:1503,(anonymous_64)
FN:1507,(anonymous_65)
FN:1516,(anonymous_66)
FNF:67
FNH:46
FNDA:66,(anonymous_0)
FNDA:123,clear
FNDA:7,reset
FNDA:123,load
FNDA:123,validate_fen
FNDA:3395,generate_fen
FNDA:0,set_header
FNDA:3163,update_setup
FNDA:5,get
FNDA:2912,put
FNDA:5,remove
FNDA:311,generate_moves
FNDA:7677,add_move
FNDA:109,move_to_san
FNDA:8051,attacked
FNDA:7993,king_attacked
FNDA:220,in_check
FNDA:35,in_checkmate
FNDA:69,in_stalemate
FNDA:45,insufficient_material
FNDA:41,in_threefold_repetition
FNDA:8145,push
FNDA:8145,make_move
FNDA:8089,undo_move
FNDA:109,get_disambiguator
FNDA:0,ascii
FNDA:14333,rank
FNDA:9866,file
FNDA:9866,algebraic
FNDA:32640,swap_color
FNDA:3780,is_digit
FNDA:109,make_pretty
FNDA:109,clone
FNDA:0,trim
FNDA:0,perft
FNDA:66,(anonymous_35)
FNDA:50,(anonymous_36)
FNDA:7,(anonymous_37)
FNDA:0,(anonymous_38)
FNDA:7,(anonymous_39)
FNDA:7,(anonymous_40)
FNDA:16,(anonymous_41)
FNDA:36,(anonymous_42)
FNDA:7,(anonymous_43)
FNDA:10,(anonymous_44)
FNDA:18,(anonymous_45)
FNDA:0,(anonymous_46)
FNDA:32,(anonymous_47)
FNDA:0,(anonymous_48)
FNDA:0,(anonymous_49)
FNDA:0,mask
FNDA:0,move_from_san
FNDA:0,get_move_obj
FNDA:0,has_keys
FNDA:0,parse_pgn_header
FNDA:0,(anonymous_55)
FNDA:0,(anonymous_56)
FNDA:1,(anonymous_57)
FNDA:121,(anonymous_58)
FNDA:7,(anonymous_59)
FNDA:0,(anonymous_60)
FNDA:0,(anonymous_61)
FNDA:0,(anonymous_62)
FNDA:5,(anonymous_63)
FNDA:0,(anonymous_64)
FNDA:0,(anonymous_65)
FNDA:0,(anonymous_66)
DA:1,11
DA:30,11
DA:32,66
DA:33,66
DA:35,66
DA:37,66
DA:38,66
DA:39,66
DA:40,66
DA:41,66
DA:42,66
DA:44,66
DA:46,66
DA:48,66
DA:50,66
DA:55,66
DA:63,66
DA:81,66
DA:99,66
DA:101,66
DA:111,66
DA:121,66
DA:122,66
DA:123,66
DA:124,66
DA:125,66
DA:126,66
DA:127,66
DA:128,66
DA:130,66
DA:141,66
DA:148,66
DA:149,66
DA:150,66
DA:151,66
DA:152,66
DA:153,66
DA:154,66
DA:155,66
DA:156,66
DA:161,66
DA:162,66
DA:164,0
DA:168,123
DA:169,123
DA:170,123
DA:171,123
DA:172,123
DA:173,123
DA:174,123
DA:175,123
DA:176,123
DA:177,123
DA:181,7
DA:185,123
DA:186,123
DA:187,123
DA:188,123
DA:190,123
DA:191,0
DA:194,123
DA:196,123
DA:197,4641
DA:199,4641
DA:200,861
DA:201,3780
DA:202,868
DA:204,2912
DA:205,2912
DA:206,2912
DA:210,123
DA:212,123
DA:213,86
DA:215,123
DA:216,86
DA:218,123
DA:219,86
DA:221,123
DA:222,86
DA:225,123
DA:226,123
DA:227,123
DA:229,123
DA:231,123
DA:235,123
DA:250,123
DA:251,123
DA:252,0
DA:256,123
DA:257,0
DA:261,123
DA:262,0
DA:266,123
DA:267,0
DA:271,123
DA:272,0
DA:276,123
DA:277,0
DA:281,123
DA:282,123
DA:283,0
DA:287,123
DA:289,984
DA:290,984
DA:292,984
DA:293,3780
DA:294,868
DA:295,0
DA:297,868
DA:298,868
DA:300,2912
DA:301,0
DA:303,2912
DA:304,2912
DA:307,984
DA:308,0
DA:313,123
DA:317,3395
DA:318,3395
DA:320,3395
DA:321,217280
DA:322,165359
DA:324,51921
DA:325,3917
DA:326,3917
DA:328,51921
DA:329,51921
DA:331,51921
DA:335,217280
DA:336,27160
DA:337,21501
DA:340,27160
DA:341,23765
DA:344,27160
DA:345,27160
DA:349,3395
DA:350,3395
DA:351,3395
DA:352,3395
DA:353,3395
DA:356,3395
DA:357,3395
DA:359,3395
DA:363,0
DA:364,0
DA:366,0
DA:369,0
DA:379,3163
DA:381,3163
DA:382,3090
DA:383,3090
DA:385,73
DA:386,73
DA:391,5
DA:392,5
DA:397,2912
DA:398,0
DA:402,2912
DA:403,0
DA:407,2912
DA:408,0
DA:411,2912
DA:412,2912
DA:413,2912
DA:414,247
DA:417,2912
DA:419,2912
DA:423,5
DA:424,5
DA:425,5
DA:426,0
DA:429,5
DA:431,5
DA:438,7677
DA:440,32
DA:441,32
DA:442,128
DA:452,128
DA:453,0
DA:455,128
DA:458,7645
DA:466,7645
DA:467,354
DA:470,7645
DA:474,311
DA:475,311
DA:476,311
DA:477,311
DA:478,311
DA:480,311
DA:481,0
DA:483,311
DA:484,311
DA:485,311
DA:487,311
DA:489,19904
DA:490,19904
DA:492,19904
DA:493,19904
DA:494,17491
DA:497,2413
DA:499,1251
DA:500,1251
DA:501,1050
DA:504,1050
DA:505,1050
DA:506,670
DA:511,1251
DA:512,2502
DA:513,2502
DA:515,2114
DA:517,0
DA:518,2114
DA:519,0
DA:523,1162
DA:524,7392
DA:525,7392
DA:527,7392
DA:528,11317
DA:529,11317
DA:531,7943
DA:532,5587
DA:534,2356
DA:535,354
DA:536,354
DA:540,5587
DA:547,311
DA:548,84
DA:549,84
DA:551,84
DA:556,8
DA:562,311
DA:563,82
DA:564,82
DA:566,82
DA:572,8
DA:578,311
DA:579,0
DA:585,311
DA:586,0
DA:590,311
DA:591,311
DA:592,7773
DA:593,7773
DA:594,6739
DA:596,7773
DA:599,311
DA:606,109
DA:608,109
DA:609,0
DA:610,109
DA:611,0
DA:613,109
DA:615,109
DA:616,94
DA:619,109
DA:620,11
DA:621,0
DA:623,11
DA:626,109
DA:628,109
DA:629,4
DA:633,109
DA:634,109
DA:635,10
DA:636,4
DA:638,6
DA:641,109
DA:643,109
DA:647,8051
DA:649,533898
DA:652,481469
DA:654,60657
DA:655,60657
DA:656,60657
DA:658,60657
DA:659,1994
DA:660,104
DA:661,69
DA:663,35
DA:665,13
DA:669,1890
DA:671,1764
DA:672,1764
DA:674,1764
DA:675,1764
DA:676,2529
DA:677,1625
DA:680,1764
DA:684,6974
DA:688,7993
DA:692,220
DA:696,35
DA:700,69
DA:704,45
DA:705,45
DA:707,45
DA:708,3195
DA:710,2880
DA:711,2880
DA:712,400
DA:714,400
DA:719,45
DA:722,41
DA:723,6
DA:727,35
DA:736,41
DA:737,41
DA:738,41
DA:740,41
DA:741,200
DA:742,200
DA:743,159
DA:746,41
DA:749,200
DA:752,200
DA:753,200
DA:754,32
DA:757,200
DA:758,41
DA:760,159
DA:763,41
DA:767,8145
DA:779,8145
DA:780,8145
DA:781,8145
DA:783,8145
DA:784,8145
DA:787,8145
DA:788,0
DA:789,0
DA:791,0
DA:796,8145
DA:797,136
DA:801,8145
DA:802,1275
DA:805,1275
DA:806,8
DA:807,8
DA:808,8
DA:809,8
DA:810,1267
DA:811,8
DA:812,8
DA:813,8
DA:814,8
DA:818,1275
DA:822,8145
DA:824,1730
DA:825,3442
DA:826,40
DA:828,40
DA:834,8145
DA:835,1819
DA:836,3637
DA:837,13
DA:839,13
DA:845,8145
DA:846,674
DA:847,318
DA:849,356
DA:852,7471
DA:856,8145
DA:857,1851
DA:858,6294
DA:859,377
DA:861,5917
DA:864,8145
DA:865,4038
DA:867,8145
DA:871,8089
DA:872,8089
DA:874,8046
DA:875,8046
DA:876,8046
DA:877,8046
DA:878,8046
DA:879,8046
DA:880,8046
DA:882,8046
DA:883,8046
DA:885,8046
DA:886,8046
DA:887,8046
DA:889,8046
DA:890,366
DA:891,7680
DA:893,0
DA:894,0
DA:896,0
DA:898,0
DA:902,8046
DA:904,16
DA:905,8
DA:906,8
DA:907,8
DA:908,8
DA:909,8
DA:912,16
DA:913,16
DA:916,8046
DA:921,109
DA:923,109
DA:924,109
DA:925,109
DA:927,109
DA:928,109
DA:929,109
DA:931,109
DA:932,2708
DA:933,2708
DA:934,2708
DA:939,2708
DA:940,0
DA:942,0
DA:943,0
DA:946,0
DA:947,0
DA:952,109
DA:956,0
DA:957,0
DA:962,0
DA:963,0
DA:967,0
DA:971,109
DA:975,0
DA:976,0
DA:978,0
DA:979,0
DA:983,0
DA:984,0
DA:986,0
DA:987,0
DA:988,0
DA:990,0
DA:993,0
DA:994,0
DA:995,0
DA:998,0
DA:999,0
DA:1001,0
DA:1008,14333
DA:1012,9866
DA:1016,9866
DA:1017,9866
DA:1021,32640
DA:1025,3780
DA:1030,109
DA:1031,109
DA:1032,109
DA:1033,109
DA:1035,109
DA:1037,109
DA:1038,763
DA:1039,113
DA:1042,109
DA:1044,109
DA:1048,109
DA:1050,109
DA:1051,560
DA:1052,0
DA:1054,560
DA:1058,109
DA:1062,0
DA:1069,0
DA:1070,0
DA:1071,0
DA:1073,0
DA:1074,0
DA:1075,0
DA:1076,0
DA:1077,0
DA:1078,0
DA:1080,0
DA:1083,0
DA:1086,0
DA:1089,66
DA:1108,66
DA:1109,66
DA:1110,4686
DA:1111,4224
DA:1113,66
DA:1121,50
DA:1125,7
DA:1136,0
DA:1137,0
DA:1139,0
DA:1141,0
DA:1143,0
DA:1148,0
DA:1150,0
DA:1152,0
DA:1156,0
DA:1160,7
DA:1164,7
DA:1168,16
DA:1172,36
DA:1179,7
DA:1183,10
DA:1187,18
DA:1195,0
DA:1199,32
DA:1206,0
DA:1209,0
DA:1212,0
DA:1213,0
DA:1216,0
DA:1220,0
DA:1221,0
DA:1224,0
DA:1225,0
DA:1229,0
DA:1230,0
DA:1231,0
DA:1234,0
DA:1235,0
DA:1236,0
DA:1239,0
DA:1240,0
DA:1243,0
DA:1244,0
DA:1245,0
DA:1246,0
DA:1248,0
DA:1249,0
DA:1251,0
DA:1252,0
DA:1255,0
DA:1256,0
DA:1260,0
DA:1261,0
DA:1265,0
DA:1266,0
DA:1272,0
DA:1273,0
DA:1277,0
DA:1278,0
DA:1280,0
DA:1283,0
DA:1284,0
DA:1287,0
DA:1288,0
DA:1289,0
DA:1290,0
DA:1291,0
DA:1293,0
DA:1294,0
DA:1297,0
DA:1302,0
DA:1309,0
DA:1310,0
DA:1311,0
DA:1312,0
DA:1315,0
DA:1319,0
DA:1323,0
DA:1324,0
DA:1325,0
DA:1327,0
DA:1331,0
DA:1334,0
DA:1335,0
DA:1336,0
DA:1337,0
DA:1339,0
DA:1340,0
DA:1341,0
DA:1342,0
DA:1343,0
DA:1347,0
DA:1350,0
DA:1353,0
DA:1358,0
DA:1361,0
DA:1362,0
DA:1365,0
DA:1368,0
DA:1369,0
DA:1370,0
DA:1374,0
DA:1377,0
DA:1380,0
DA:1384,0
DA:1387,0
DA:1388,0
DA:1390,0
DA:1391,0
DA:1396,0
DA:1397,0
DA:1399,0
DA:1404,0
DA:1405,0
DA:1406,0
DA:1407,0
DA:1411,0
DA:1412,0
DA:1413,0
DA:1415,0
DA:1418,0
DA:1422,0
DA:1426,0
DA:1430,1
DA:1443,121
DA:1444,121
DA:1446,121
DA:1448,0
DA:1449,0
DA:1450,0
DA:1451,0
DA:1454,121
DA:1456,121
DA:1457,1927
DA:1461,104
DA:1462,104
DA:1468,121
DA:1469,17
DA:1475,104
DA:1477,104
DA:1479,104
DA:1483,7
DA:1484,7
DA:1488,0
DA:1492,0
DA:1496,0
DA:1500,5
DA:1504,0
DA:1508,0
DA:1509,0
DA:1510,0
DA:1513,0
DA:1517,0
DA:1518,0
DA:1519,0
DA:1522,0
DA:1523,0
DA:1526,0
DA:1527,0
DA:1528,0
DA:1529,0
DA:1531,0
DA:1533,0
DA:1536,0
DA:1544,11
LF:643
LH:434
BRDA:161,0,0,66
BRDA:161,0,1,0
BRDA:190,1,0,0
BRDA:190,1,1,123
BRDA:199,2,0,861
BRDA:199,2,1,3780
BRDA:201,3,0,868
BRDA:201,3,1,2912
BRDA:204,4,0,1453
BRDA:204,4,1,1459
BRDA:212,5,0,86
BRDA:212,5,1,37
BRDA:215,6,0,86
BRDA:215,6,1,37
BRDA:218,7,0,86
BRDA:218,7,1,37
BRDA:221,8,0,86
BRDA:221,8,1,37
BRDA:225,9,0,123
BRDA:225,9,1,0
BRDA:251,10,0,0
BRDA:251,10,1,123
BRDA:256,11,0,0
BRDA:256,11,1,123
BRDA:256,12,0,123
BRDA:256,12,1,123
BRDA:261,13,0,0
BRDA:261,13,1,123
BRDA:261,14,0,123
BRDA:261,14,1,123
BRDA:266,15,0,0
BRDA:266,15,1,123
BRDA:271,16,0,0
BRDA:271,16,1,123
BRDA:276,17,0,0
BRDA:276,17,1,123
BRDA:282,18,0,0
BRDA:282,18,1,123
BRDA:293,19,0,868
BRDA:293,19,1,2912
BRDA:294,20,0,0
BRDA:294,20,1,868
BRDA:300,21,0,0
BRDA:300,21,1,2912
BRDA:307,22,0,0
BRDA:307,22,1,984
BRDA:321,23,0,165359
BRDA:321,23,1,51921
BRDA:324,24,0,3917
BRDA:324,24,1,48004
BRDA:331,25,0,16008
BRDA:331,25,1,35913
BRDA:335,26,0,27160
BRDA:335,26,1,190120
BRDA:336,27,0,21501
BRDA:336,27,1,5659
BRDA:340,28,0,23765
BRDA:340,28,1,3395
BRDA:350,29,0,129
BRDA:350,29,1,3266
BRDA:351,30,0,129
BRDA:351,30,1,3266
BRDA:352,31,0,129
BRDA:352,31,1,3266
BRDA:353,32,0,129
BRDA:353,32,1,3266
BRDA:356,33,0,3395
BRDA:356,33,1,3266
BRDA:357,34,0,3395
BRDA:357,34,1,0
BRDA:364,35,0,0
BRDA:364,35,1,0
BRDA:364,36,0,0
BRDA:364,36,1,0
BRDA:379,37,0,0
BRDA:379,37,1,3163
BRDA:381,38,0,3090
BRDA:381,38,1,73
BRDA:392,39,0,5
BRDA:392,39,1,0
BRDA:397,40,0,0
BRDA:397,40,1,2912
BRDA:397,41,0,2912
BRDA:397,41,1,2912
BRDA:402,42,0,0
BRDA:402,42,1,2912
BRDA:407,43,0,0
BRDA:407,43,1,2912
BRDA:413,44,0,247
BRDA:413,44,1,2665
BRDA:425,45,0,0
BRDA:425,45,1,5
BRDA:425,46,0,5
BRDA:425,46,1,5
BRDA:438,47,0,32
BRDA:438,47,1,7645
BRDA:438,48,0,7677
BRDA:438,48,1,1720
BRDA:438,48,2,1697
BRDA:452,49,0,0
BRDA:452,49,1,128
BRDA:466,50,0,354
BRDA:466,50,1,7291
BRDA:480,51,0,0
BRDA:480,51,1,311
BRDA:480,52,0,311
BRDA:480,52,1,0
BRDA:490,53,0,0
BRDA:490,53,1,19904
BRDA:493,54,0,17491
BRDA:493,54,1,2413
BRDA:493,55,0,19904
BRDA:493,55,1,4802
BRDA:497,56,0,1251
BRDA:497,56,1,1162
BRDA:500,57,0,1050
BRDA:500,57,1,201
BRDA:505,58,0,670
BRDA:505,58,1,380
BRDA:505,59,0,1050
BRDA:505,59,1,746
BRDA:513,60,0,388
BRDA:513,60,1,2114
BRDA:515,61,0,0
BRDA:515,61,1,2114
BRDA:515,62,0,2114
BRDA:515,62,1,389
BRDA:518,63,0,0
BRDA:518,63,1,2114
BRDA:529,64,0,3374
BRDA:529,64,1,7943
BRDA:531,65,0,5587
BRDA:531,65,1,2356
BRDA:534,66,0,2002
BRDA:534,66,1,354
BRDA:540,67,0,1662
BRDA:540,67,1,3925
BRDA:540,68,0,5587
BRDA:540,68,1,5095
BRDA:547,69,0,84
BRDA:547,69,1,227
BRDA:547,70,0,311
BRDA:547,70,1,84
BRDA:547,70,2,227
BRDA:551,71,0,8
BRDA:551,71,1,76
BRDA:551,72,0,84
BRDA:551,72,1,19
BRDA:551,72,2,13
BRDA:551,72,3,8
BRDA:551,72,4,8
BRDA:562,73,0,82
BRDA:562,73,1,229
BRDA:562,74,0,311
BRDA:562,74,1,82
BRDA:562,74,2,229
BRDA:566,75,0,8
BRDA:566,75,1,74
BRDA:566,76,0,82
BRDA:566,76,1,18
BRDA:566,76,2,14
BRDA:566,76,3,13
BRDA:566,76,4,8
BRDA:566,76,5,8
BRDA:578,77,0,0
BRDA:578,77,1,311
BRDA:585,78,0,0
BRDA:585,78,1,311
BRDA:585,79,0,311
BRDA:585,79,1,0
BRDA:593,80,0,6739
BRDA:593,80,1,1034
BRDA:608,81,0,0
BRDA:608,81,1,109
BRDA:610,82,0,0
BRDA:610,82,1,109
BRDA:615,83,0,94
BRDA:615,83,1,15
BRDA:619,84,0,11
BRDA:619,84,1,98
BRDA:620,85,0,0
BRDA:620,85,1,11
BRDA:628,86,0,4
BRDA:628,86,1,105
BRDA:634,87,0,10
BRDA:634,87,1,99
BRDA:635,88,0,4
BRDA:635,88,1,6
BRDA:649,89,0,52429
BRDA:649,89,1,481469
BRDA:652,90,0,420812
BRDA:652,90,1,60657
BRDA:652,91,0,481469
BRDA:652,91,1,124293
BRDA:658,92,0,1994
BRDA:658,92,1,58663
BRDA:659,93,0,104
BRDA:659,93,1,1890
BRDA:660,94,0,69
BRDA:660,94,1,35
BRDA:661,95,0,66
BRDA:661,95,1,3
BRDA:663,96,0,25
BRDA:663,96,1,10
BRDA:669,97,0,126
BRDA:669,97,1,1764
BRDA:669,98,0,1890
BRDA:669,98,1,1873
BRDA:676,99,0,904
BRDA:676,99,1,1625
BRDA:680,100,0,860
BRDA:680,100,1,904
BRDA:696,101,0,35
BRDA:696,101,1,15
BRDA:700,102,0,69
BRDA:700,102,1,66
BRDA:708,103,0,315
BRDA:708,103,1,2880
BRDA:711,104,0,400
BRDA:711,104,1,2480
BRDA:712,105,0,263
BRDA:712,105,1,137
BRDA:719,106,0,4
BRDA:719,106,1,41
BRDA:722,107,0,6
BRDA:722,107,1,35
BRDA:722,108,0,41
BRDA:722,108,1,9
BRDA:722,108,2,6
BRDA:742,109,0,41
BRDA:742,109,1,159
BRDA:752,110,0,57
BRDA:752,110,1,143
BRDA:753,111,0,32
BRDA:753,111,1,168
BRDA:757,112,0,41
BRDA:757,112,1,159
BRDA:787,113,0,0
BRDA:787,113,1,8145
BRDA:788,114,0,0
BRDA:788,114,1,0
BRDA:796,115,0,136
BRDA:796,115,1,8009
BRDA:801,116,0,1275
BRDA:801,116,1,6870
BRDA:805,117,0,8
BRDA:805,117,1,1267
BRDA:810,118,0,8
BRDA:810,118,1,1259
BRDA:822,119,0,1730
BRDA:822,119,1,6415
BRDA:825,120,0,40
BRDA:825,120,1,3402
BRDA:834,121,0,1819
BRDA:834,121,1,6326
BRDA:836,122,0,13
BRDA:836,122,1,3624
BRDA:845,123,0,674
BRDA:845,123,1,7471
BRDA:846,124,0,318
BRDA:846,124,1,356
BRDA:856,125,0,1851
BRDA:856,125,1,6294
BRDA:858,126,0,377
BRDA:858,126,1,5917
BRDA:864,127,0,4038
BRDA:864,127,1,4107
BRDA:872,128,0,43
BRDA:872,128,1,8046
BRDA:889,129,0,366
BRDA:889,129,1,7680
BRDA:891,130,0,0
BRDA:891,130,1,7680
BRDA:893,131,0,0
BRDA:893,131,1,0
BRDA:902,132,0,16
BRDA:902,132,1,8030
BRDA:904,133,0,8
BRDA:904,133,1,8
BRDA:907,134,0,8
BRDA:907,134,1,0
BRDA:939,135,0,0
BRDA:939,135,1,2708
BRDA:939,136,0,2708
BRDA:939,136,1,1066
BRDA:939,136,2,150
BRDA:942,137,0,0
BRDA:942,137,1,0
BRDA:946,138,0,0
BRDA:946,138,1,0
BRDA:952,139,0,0
BRDA:952,139,1,109
BRDA:956,140,0,0
BRDA:956,140,1,0
BRDA:956,141,0,0
BRDA:956,141,1,0
BRDA:962,142,0,0
BRDA:962,142,1,0
BRDA:978,143,0,0
BRDA:978,143,1,0
BRDA:983,144,0,0
BRDA:983,144,1,0
BRDA:988,145,0,0
BRDA:988,145,1,0
BRDA:993,146,0,0
BRDA:993,146,1,0
BRDA:1021,147,0,16447
BRDA:1021,147,1,16193
BRDA:1038,148,0,113
BRDA:1038,148,1,650
BRDA:1048,149,0,0
BRDA:1048,149,1,109
BRDA:1051,150,0,0
BRDA:1051,150,1,560
BRDA:1075,151,0,0
BRDA:1075,151,1,0
BRDA:1076,152,0,0
BRDA:1076,152,1,0
BRDA:1110,153,0,462
BRDA:1110,153,1,4224
BRDA:1136,154,0,0
BRDA:1136,154,1,0
BRDA:1136,155,0,0
BRDA:1136,155,1,0
BRDA:1148,156,0,0
BRDA:1148,156,1,0
BRDA:1148,157,0,0
BRDA:1148,157,1,0
BRDA:1148,157,2,0
BRDA:1172,158,0,36
BRDA:1172,158,1,35
BRDA:1172,158,2,27
BRDA:1172,158,3,23
BRDA:1187,159,0,18
BRDA:1187,159,1,18
BRDA:1187,159,2,18
BRDA:1187,159,3,11
BRDA:1187,159,4,8
BRDA:1206,160,0,0
BRDA:1206,160,1,0
BRDA:1206,161,0,0
BRDA:1206,161,1,0
BRDA:1209,162,0,0
BRDA:1209,162,1,0
BRDA:1209,163,0,0
BRDA:1209,163,1,0
BRDA:1224,164,0,0
BRDA:1224,164,1,0
BRDA:1224,165,0,0
BRDA:1224,165,1,0
BRDA:1243,166,0,0
BRDA:1243,166,1,0
BRDA:1243,167,0,0
BRDA:1243,167,1,0
BRDA:1246,168,0,0
BRDA:1246,168,1,0
BRDA:1248,169,0,0
BRDA:1248,169,1,0
BRDA:1260,170,0,0
BRDA:1260,170,1,0
BRDA:1265,171,0,0
BRDA:1265,171,1,0
BRDA:1272,172,0,0
BRDA:1272,172,1,0
BRDA:1280,173,0,0
BRDA:1280,173,1,0
BRDA:1280,174,0,0
BRDA:1280,174,1,0
BRDA:1283,175,0,0
BRDA:1283,175,1,0
BRDA:1289,176,0,0
BRDA:1289,176,1,0
BRDA:1311,177,0,0
BRDA:1311,177,1,0
BRDA:1331,178,0,0
BRDA:1331,178,1,0
BRDA:1331,179,0,0
BRDA:1331,179,1,0
BRDA:1342,180,0,0
BRDA:1342,180,1,0
BRDA:1350,181,0,0
BRDA:1350,181,1,0
BRDA:1350,182,0,0
BRDA:1350,182,1,0
BRDA:1361,183,0,0
BRDA:1361,183,1,0
BRDA:1396,184,0,0
BRDA:1396,184,1,0
BRDA:1405,185,0,0
BRDA:1405,185,1,0
BRDA:1406,186,0,0
BRDA:1406,186,1,0
BRDA:1406,187,0,0
BRDA:1406,187,1,0
BRDA:1412,188,0,0
BRDA:1412,188,1,0
BRDA:1446,189,0,0
BRDA:1446,189,1,121
BRDA:1449,190,0,0
BRDA:1449,190,1,0
BRDA:1454,191,0,121
BRDA:1454,191,1,0
BRDA:1457,192,0,104
BRDA:1457,192,1,1823
BRDA:1457,193,0,1927
BRDA:1457,193,1,476
BRDA:1457,193,2,110
BRDA:1457,193,3,10
BRDA:1468,194,0,17
BRDA:1468,194,1,104
BRDA:1484,195,0,5
BRDA:1484,195,1,2
BRDA:1508,196,0,0
BRDA:1508,196,1,0
BRDA:1510,197,0,0
BRDA:1510,197,1,0
BRDA:1519,198,0,0
BRDA:1519,198,1,0
BRDA:1519,198,2,0
BRDA:1528,199,0,0
BRDA:1528,199,1,0
BRDA:1544,200,0,11
BRDA:1544,200,1,0
BRF:423
BRH:273
end_of_record
